<?xml version="1.0" encoding="UTF-8" standalone="yes"?><!DOCTYPE report PUBLIC "-//JACOCO//DTD Report 1.1//EN" "report.dtd"><report name="Dependency-Check Maven Plugin"><sessioninfo id="fv-az695-385-f16fbc40" start="1730282405507" dump="1730282408210"/><sessioninfo id="fv-az695-385-eb1fdb" start="1730282445553" dump="1730282462818"/><sessioninfo id="fv-az695-385-966d60c6" start="1730282445519" dump="1730282473956"/><sessioninfo id="fv-az695-385-29941e0a" start="1730282445530" dump="1730282483453"/><sessioninfo id="fv-az695-385-d2c7a6b6" start="1730282463747" dump="1730282493019"/><sessioninfo id="fv-az695-385-1e705123" start="1730282483810" dump="1730282495275"/><sessioninfo id="fv-az695-385-94481f80" start="1730282493686" dump="1730282511071"/><sessioninfo id="fv-az695-385-412555d3" start="1730282474429" dump="1730282513735"/><sessioninfo id="fv-az695-385-df8aefbb" start="1730282445556" dump="1730282522816"/><sessioninfo id="fv-az695-385-a8933e25" start="1730282496383" dump="1730282530448"/><sessioninfo id="fv-az695-385-c43a42fe" start="1730282523923" dump="1730282539875"/><sessioninfo id="fv-az695-385-67d8b1b3" start="1730282514155" dump="1730282546155"/><sessioninfo id="fv-az695-385-118b83ed" start="1730282546806" dump="1730282561767"/><sessioninfo id="fv-az695-385-29389103" start="1730282530898" dump="1730282561913"/><sessioninfo id="fv-az695-385-8dd4ebed" start="1730282511629" dump="1730282574911"/><sessioninfo id="fv-az695-385-ddd1d192" start="1730282575169" dump="1730282583223"/><sessioninfo id="fv-az695-385-2f35a45c" start="1730282562025" dump="1730282594652"/><sessioninfo id="fv-az695-385-880ba550" start="1730282583530" dump="1730282597874"/><sessioninfo id="fv-az695-385-3942124" start="1730282540535" dump="1730282604918"/><sessioninfo id="fv-az695-385-11a39a27" start="1730282595229" dump="1730282609867"/><sessioninfo id="fv-az695-385-7d1fa777" start="1730282605823" dump="1730282623124"/><sessioninfo id="fv-az695-385-d02cd2b4" start="1730282610427" dump="1730282625275"/><sessioninfo id="fv-az695-385-1b020ff4" start="1730282562302" dump="1730282632935"/><sessioninfo id="fv-az695-385-dde559fc" start="1730282598355" dump="1730282638551"/><package name="org/owasp/dependencycheck/maven"><class name="org/owasp/dependencycheck/maven/ArtifactScopeExcluded" sourcefilename="ArtifactScopeExcluded.java"><method name="&lt;init&gt;" desc="(ZZZZ)V" line="60"><counter type="INSTRUCTION" missed="0" covered="15"/><counter type="LINE" missed="0" covered="6"/><counter type="COMPLEXITY" missed="0" covered="1"/><counter type="METHOD" missed="0" covered="1"/></method><method name="passes" desc="(Ljava/lang/String;)Z" line="77"><counter type="INSTRUCTION" missed="18" covered="32"/><counter type="BRANCH" missed="10" covered="12"/><counter type="LINE" missed="3" covered="8"/><counter type="COMPLEXITY" missed="7" covered="5"/><counter type="METHOD" missed="0" covered="1"/></method><counter type="INSTRUCTION" missed="18" covered="47"/><counter type="BRANCH" missed="10" covered="12"/><counter type="LINE" missed="3" covered="14"/><counter type="COMPLEXITY" missed="7" covered="6"/><counter type="METHOD" missed="0" covered="2"/><counter type="CLASS" missed="0" covered="1"/></class><class name="org/owasp/dependencycheck/maven/ProxyConfig" sourcefilename="ProxyConfig.java"><method name="&lt;init&gt;" desc="()V" line="25"><counter type="INSTRUCTION" missed="6" covered="0"/><counter type="LINE" missed="2" covered="0"/><counter type="COMPLEXITY" missed="1" covered="0"/><counter type="METHOD" missed="1" covered="0"/></method><method name="getHost" desc="()Ljava/lang/String;" line="47"><counter type="INSTRUCTION" missed="3" covered="0"/><counter type="LINE" missed="1" covered="0"/><counter type="COMPLEXITY" missed="1" covered="0"/><counter type="METHOD" missed="1" covered="0"/></method><method name="setHost" desc="(Ljava/lang/String;)V" line="56"><counter type="INSTRUCTION" missed="4" covered="0"/><counter type="LINE" missed="2" covered="0"/><counter type="COMPLEXITY" missed="1" covered="0"/><counter type="METHOD" missed="1" covered="0"/></method><method name="getPort" desc="()I" line="65"><counter type="INSTRUCTION" missed="3" covered="0"/><counter type="LINE" missed="1" covered="0"/><counter type="COMPLEXITY" missed="1" covered="0"/><counter type="METHOD" missed="1" covered="0"/></method><method name="setPort" desc="(I)V" line="74"><counter type="INSTRUCTION" missed="4" covered="0"/><counter type="LINE" missed="2" covered="0"/><counter type="COMPLEXITY" missed="1" covered="0"/><counter type="METHOD" missed="1" covered="0"/></method><method name="getServerId" desc="()Ljava/lang/String;" line="83"><counter type="INSTRUCTION" missed="3" covered="0"/><counter type="LINE" missed="1" covered="0"/><counter type="COMPLEXITY" missed="1" covered="0"/><counter type="METHOD" missed="1" covered="0"/></method><method name="setServerId" desc="(Ljava/lang/String;)V" line="92"><counter type="INSTRUCTION" missed="4" covered="0"/><counter type="LINE" missed="2" covered="0"/><counter type="COMPLEXITY" missed="1" covered="0"/><counter type="METHOD" missed="1" covered="0"/></method><counter type="INSTRUCTION" missed="27" covered="0"/><counter type="LINE" missed="11" covered="0"/><counter type="COMPLEXITY" missed="7" covered="0"/><counter type="METHOD" missed="7" covered="0"/><counter type="CLASS" missed="1" covered="0"/></class><class name="org/owasp/dependencycheck/maven/PurgeMojo" sourcefilename="PurgeMojo.java"><method name="&lt;init&gt;" desc="()V" line="45"><counter type="INSTRUCTION" missed="3" covered="0"/><counter type="LINE" missed="1" covered="0"/><counter type="COMPLEXITY" missed="1" covered="0"/><counter type="METHOD" missed="1" covered="0"/></method><method name="canGenerateReport" desc="()Z" line="54"><counter type="INSTRUCTION" missed="2" covered="0"/><counter type="LINE" missed="1" covered="0"/><counter type="COMPLEXITY" missed="1" covered="0"/><counter type="METHOD" missed="1" covered="0"/></method><method name="runCheck" desc="()V" line="67"><counter type="INSTRUCTION" missed="39" covered="0"/><counter type="BRANCH" missed="2" covered="0"/><counter type="LINE" missed="11" covered="0"/><counter type="COMPLEXITY" missed="2" covered="0"/><counter type="METHOD" missed="1" covered="0"/></method><method name="getName" desc="(Ljava/util/Locale;)Ljava/lang/String;" line="92"><counter type="INSTRUCTION" missed="2" covered="0"/><counter type="LINE" missed="1" covered="0"/><counter type="COMPLEXITY" missed="1" covered="0"/><counter type="METHOD" missed="1" covered="0"/></method><method name="getDescription" desc="(Ljava/util/Locale;)Ljava/lang/String;" line="104"><counter type="INSTRUCTION" missed="2" covered="0"/><counter type="LINE" missed="1" covered="0"/><counter type="COMPLEXITY" missed="1" covered="0"/><counter type="METHOD" missed="1" covered="0"/></method><method name="scanDependencies" desc="(Lorg/owasp/dependencycheck/Engine;)Lorg/owasp/dependencycheck/exception/ExceptionCollection;" line="116"><counter type="INSTRUCTION" missed="5" covered="0"/><counter type="LINE" missed="1" covered="0"/><counter type="COMPLEXITY" missed="1" covered="0"/><counter type="METHOD" missed="1" covered="0"/></method><method name="scanPlugins" desc="(Lorg/owasp/dependencycheck/Engine;Lorg/owasp/dependencycheck/exception/ExceptionCollection;)Lorg/owasp/dependencycheck/exception/ExceptionCollection;" line="130"><counter type="INSTRUCTION" missed="5" covered="0"/><counter type="LINE" missed="1" covered="0"/><counter type="COMPLEXITY" missed="1" covered="0"/><counter type="METHOD" missed="1" covered="0"/></method><counter type="INSTRUCTION" missed="58" covered="0"/><counter type="BRANCH" missed="2" covered="0"/><counter type="LINE" missed="17" covered="0"/><counter type="COMPLEXITY" missed="8" covered="0"/><counter type="METHOD" missed="7" covered="0"/><counter type="CLASS" missed="1" covered="0"/></class><class name="org/owasp/dependencycheck/maven/Mshared998Util$M31ArtifactResult" sourcefilename="Mshared998Util.java"><method name="&lt;init&gt;" desc="(Lorg/eclipse/aether/resolution/ArtifactResult;)V" line="75"><counter type="INSTRUCTION" missed="0" covered="6"/><counter type="LINE" missed="0" covered="3"/><counter type="COMPLEXITY" missed="0" covered="1"/><counter type="METHOD" missed="0" covered="1"/></method><method name="getArtifact" desc="()Lorg/apache/maven/artifact/Artifact;" line="81"><counter type="INSTRUCTION" missed="0" covered="5"/><counter type="LINE" missed="0" covered="1"/><counter type="COMPLEXITY" missed="0" covered="1"/><counter type="METHOD" missed="0" covered="1"/></method><counter type="INSTRUCTION" missed="0" covered="11"/><counter type="LINE" missed="0" covered="4"/><counter type="COMPLEXITY" missed="0" covered="2"/><counter type="METHOD" missed="0" covered="2"/><counter type="CLASS" missed="0" covered="1"/></class><class name="org/owasp/dependencycheck/maven/ArtifactTypeExcluded" sourcefilename="ArtifactTypeExcluded.java"><method name="&lt;init&gt;" desc="(Ljava/lang/String;)V" line="42"><counter type="INSTRUCTION" missed="0" covered="6"/><counter type="LINE" missed="0" covered="3"/><counter type="COMPLEXITY" missed="0" covered="1"/><counter type="METHOD" missed="0" covered="1"/></method><method name="passes" desc="(Ljava/lang/String;)Z" line="52"><counter type="INSTRUCTION" missed="0" covered="16"/><counter type="BRANCH" missed="0" covered="6"/><counter type="LINE" missed="0" covered="1"/><counter type="COMPLEXITY" missed="0" covered="4"/><counter type="METHOD" missed="0" covered="1"/></method><counter type="INSTRUCTION" missed="0" covered="22"/><counter type="BRANCH" missed="0" covered="6"/><counter type="LINE" missed="0" covered="4"/><counter type="COMPLEXITY" missed="0" covered="5"/><counter type="METHOD" missed="0" covered="2"/><counter type="CLASS" missed="0" covered="1"/></class><class name="org/owasp/dependencycheck/maven/BaseDependencyCheckMojo" sourcefilename="BaseDependencyCheckMojo.java"><method name="&lt;init&gt;" desc="()V" line="117"><counter type="INSTRUCTION" missed="0" covered="53"/><counter type="LINE" missed="0" covered="17"/><counter type="COMPLEXITY" missed="0" covered="1"/><counter type="METHOD" missed="0" covered="1"/></method><method name="artifactsMatch" desc="(Lorg/apache/maven/model/Dependency;Lorg/apache/maven/artifact/Artifact;)Z" line="1124"><counter type="INSTRUCTION" missed="22" covered="0"/><counter type="BRANCH" missed="6" covered="0"/><counter type="LINE" missed="3" covered="0"/><counter type="COMPLEXITY" missed="4" covered="0"/><counter type="METHOD" missed="1" covered="0"/></method><method name="isEqualOrNull" desc="(Ljava/lang/String;Ljava/lang/String;)Z" line="1139"><counter type="INSTRUCTION" missed="14" covered="0"/><counter type="BRANCH" missed="8" covered="0"/><counter type="LINE" missed="1" covered="0"/><counter type="COMPLEXITY" missed="5" covered="0"/><counter type="METHOD" missed="1" covered="0"/></method><method name="execute" desc="()V" line="1151"><counter type="INSTRUCTION" missed="8" covered="21"/><counter type="BRANCH" missed="1" covered="1"/><counter type="LINE" missed="1" covered="6"/><counter type="COMPLEXITY" missed="1" covered="1"/><counter type="METHOD" missed="0" covered="1"/></method><method name="isGeneratingSite" desc="()Z" line="1167"><counter type="INSTRUCTION" missed="3" covered="0"/><counter type="LINE" missed="1" covered="0"/><counter type="COMPLEXITY" missed="1" covered="0"/><counter type="METHOD" missed="1" covered="0"/></method><method name="getConnectionString" desc="()Ljava/lang/String;" line="1176"><counter type="INSTRUCTION" missed="3" covered="0"/><counter type="LINE" missed="1" covered="0"/><counter type="COMPLEXITY" missed="1" covered="0"/><counter type="METHOD" missed="1" covered="0"/></method><method name="isFailOnError" desc="()Z" line="1185"><counter type="INSTRUCTION" missed="0" covered="3"/><counter type="LINE" missed="0" covered="1"/><counter type="COMPLEXITY" missed="0" covered="1"/><counter type="METHOD" missed="0" covered="1"/></method><method name="generate" desc="(Lorg/apache/maven/doxia/sink/Sink;Ljava/util/Locale;)V" line="1196"><counter type="INSTRUCTION" missed="43" covered="0"/><counter type="BRANCH" missed="2" covered="0"/><counter type="LINE" missed="13" covered="0"/><counter type="COMPLEXITY" missed="2" covered="0"/><counter type="METHOD" missed="1" covered="0"/></method><method name="getCorrectOutputDirectory" desc="()Ljava/io/File;" line="1222"><counter type="INSTRUCTION" missed="5" covered="0"/><counter type="LINE" missed="1" covered="0"/><counter type="COMPLEXITY" missed="1" covered="0"/><counter type="METHOD" missed="1" covered="0"/></method><method name="getCorrectOutputDirectory" desc="(Lorg/apache/maven/project/MavenProject;)Ljava/io/File;" line="1233"><counter type="INSTRUCTION" missed="21" covered="12"/><counter type="BRANCH" missed="6" covered="2"/><counter type="LINE" missed="4" covered="3"/><counter type="COMPLEXITY" missed="4" covered="1"/><counter type="METHOD" missed="0" covered="1"/></method><method name="scanArtifacts" desc="(Lorg/apache/maven/project/MavenProject;Lorg/owasp/dependencycheck/Engine;)Lorg/owasp/dependencycheck/exception/ExceptionCollection;" line="1255"><counter type="INSTRUCTION" missed="0" covered="6"/><counter type="LINE" missed="0" covered="1"/><counter type="COMPLEXITY" missed="0" covered="1"/><counter type="METHOD" missed="0" covered="1"/></method><method name="scanArtifacts" desc="(Lorg/apache/maven/project/MavenProject;Lorg/owasp/dependencycheck/Engine;Z)Lorg/owasp/dependencycheck/exception/ExceptionCollection;" line="1270"><counter type="INSTRUCTION" missed="21" covered="72"/><counter type="LINE" missed="4" covered="10"/><counter type="COMPLEXITY" missed="0" covered="1"/><counter type="METHOD" missed="0" covered="1"/></method><method name="scanPlugins" desc="(Lorg/apache/maven/project/MavenProject;Lorg/owasp/dependencycheck/Engine;Lorg/owasp/dependencycheck/exception/ExceptionCollection;)Lorg/owasp/dependencycheck/exception/ExceptionCollection;" line="1310"><counter type="INSTRUCTION" missed="130" covered="0"/><counter type="BRANCH" missed="4" covered="0"/><counter type="LINE" missed="29" covered="0"/><counter type="COMPLEXITY" missed="3" covered="0"/><counter type="METHOD" missed="1" covered="0"/></method><method name="addPluginToDependencies" desc="(Lorg/apache/maven/project/MavenProject;Lorg/owasp/dependencycheck/Engine;Lorg/apache/maven/artifact/Artifact;Ljava/lang/String;Lorg/owasp/dependencycheck/exception/ExceptionCollection;)Lorg/owasp/dependencycheck/exception/ExceptionCollection;" line="1350"><counter type="INSTRUCTION" missed="157" covered="0"/><counter type="BRANCH" missed="26" covered="0"/><counter type="LINE" missed="42" covered="0"/><counter type="COMPLEXITY" missed="14" covered="0"/><counter type="METHOD" missed="1" covered="0"/></method><method name="buildReference" desc="(Ljava/lang/String;Ljava/lang/String;Ljava/lang/String;)Ljava/lang/String;" line="1411"><counter type="INSTRUCTION" missed="14" covered="16"/><counter type="LINE" missed="3" covered="4"/><counter type="COMPLEXITY" missed="0" covered="1"/><counter type="METHOD" missed="0" covered="1"/></method><method name="resolveArtifactDependencies" desc="(Lorg/apache/maven/shared/transfer/dependencies/DependableCoordinate;Lorg/apache/maven/project/MavenProject;)Ljava/util/Set;" line="1423"><counter type="INSTRUCTION" missed="35" covered="0"/><counter type="BRANCH" missed="2" covered="0"/><counter type="LINE" missed="7" covered="0"/><counter type="COMPLEXITY" missed="2" covered="0"/><counter type="METHOD" missed="1" covered="0"/></method><method name="toDependencyNode" desc="(Ljava/util/List;Lorg/apache/maven/project/ProjectBuildingRequest;Lorg/apache/maven/shared/dependency/graph/DependencyNode;Lorg/apache/maven/model/Dependency;)Lorg/apache/maven/shared/dependency/graph/DependencyNode;" line="1451"><counter type="INSTRUCTION" missed="31" covered="112"/><counter type="BRANCH" missed="8" covered="12"/><counter type="LINE" missed="8" covered="26"/><counter type="COMPLEXITY" missed="7" covered="4"/><counter type="METHOD" missed="0" covered="1"/></method><method name="findVersion" desc="(Ljava/util/List;Ljava/lang/String;Ljava/lang/String;)Ljava/lang/String;" line="1511"><counter type="INSTRUCTION" missed="6" covered="13"/><counter type="BRANCH" missed="1" covered="1"/><counter type="LINE" missed="1" covered="4"/><counter type="COMPLEXITY" missed="1" covered="1"/><counter type="METHOD" missed="0" covered="1"/></method><method name="collectDependencyManagementDependencies" desc="(Lorg/owasp/dependencycheck/Engine;Lorg/apache/maven/project/ProjectBuildingRequest;Lorg/apache/maven/project/MavenProject;Ljava/util/List;Z)Lorg/owasp/dependencycheck/exception/ExceptionCollection;" line="1533"><counter type="INSTRUCTION" missed="10" covered="79"/><counter type="BRANCH" missed="6" covered="8"/><counter type="LINE" missed="3" covered="17"/><counter type="COMPLEXITY" missed="5" covered="3"/><counter type="METHOD" missed="0" covered="1"/></method><method name="collectMavenDependencies" desc="(Lorg/owasp/dependencycheck/Engine;Lorg/apache/maven/project/MavenProject;Ljava/util/Map;Lorg/apache/maven/project/ProjectBuildingRequest;Z)Lorg/owasp/dependencycheck/exception/ExceptionCollection;" line="1582"><counter type="INSTRUCTION" missed="0" covered="91"/><counter type="BRANCH" missed="0" covered="6"/><counter type="LINE" missed="0" covered="13"/><counter type="COMPLEXITY" missed="0" covered="4"/><counter type="METHOD" missed="0" covered="1"/></method><method name="findInAllDeps" desc="(Ljava/util/List;Lorg/apache/maven/artifact/Artifact;Lorg/apache/maven/project/MavenProject;)Lorg/apache/maven/artifact/Artifact;" line="1616"><counter type="INSTRUCTION" missed="0" covered="43"/><counter type="BRANCH" missed="0" covered="6"/><counter type="LINE" missed="0" covered="10"/><counter type="COMPLEXITY" missed="0" covered="4"/><counter type="METHOD" missed="0" covered="1"/></method><method name="sameArtifact" desc="(Lorg/apache/maven/shared/transfer/artifact/resolve/ArtifactResult;Lorg/apache/maven/artifact/Artifact;)Z" line="1640"><counter type="INSTRUCTION" missed="0" covered="75"/><counter type="BRANCH" missed="2" covered="10"/><counter type="LINE" missed="0" covered="11"/><counter type="COMPLEXITY" missed="2" covered="5"/><counter type="METHOD" missed="0" covered="1"/></method><method name="createProjectReferenceName" desc="(Lorg/apache/maven/project/MavenProject;Lorg/apache/maven/shared/dependency/graph/DependencyNode;)Ljava/lang/String;" line="1666"><counter type="INSTRUCTION" missed="0" covered="7"/><counter type="LINE" missed="0" covered="1"/><counter type="COMPLEXITY" missed="0" covered="1"/><counter type="METHOD" missed="0" covered="1"/></method><method name="collectDependencies" desc="(Lorg/owasp/dependencycheck/Engine;Lorg/apache/maven/project/MavenProject;Ljava/util/Map;Lorg/apache/maven/project/ProjectBuildingRequest;Z)Lorg/owasp/dependencycheck/exception/ExceptionCollection;" line="1686"><counter type="INSTRUCTION" missed="45" covered="272"/><counter type="BRANCH" missed="12" covered="14"/><counter type="LINE" missed="14" covered="58"/><counter type="COMPLEXITY" missed="9" covered="5"/><counter type="METHOD" missed="0" covered="1"/></method><method name="addReactorDependency" desc="(Lorg/owasp/dependencycheck/Engine;Lorg/apache/maven/artifact/Artifact;Lorg/apache/maven/project/MavenProject;)Z" line="1798"><counter type="INSTRUCTION" missed="0" covered="7"/><counter type="LINE" missed="0" covered="1"/><counter type="COMPLEXITY" missed="0" covered="1"/><counter type="METHOD" missed="0" covered="1"/></method><method name="addVirtualDependencyFromReactor" desc="(Lorg/owasp/dependencycheck/Engine;Lorg/apache/maven/artifact/Artifact;Lorg/apache/maven/project/MavenProject;Ljava/lang/String;)Z" line="1819"><counter type="INSTRUCTION" missed="77" covered="274"/><counter type="BRANCH" missed="13" covered="7"/><counter type="LINE" missed="15" covered="43"/><counter type="COMPLEXITY" missed="9" covered="2"/><counter type="METHOD" missed="0" covered="1"/></method><method name="newDependency" desc="(Lorg/apache/maven/project/MavenProject;)Lorg/owasp/dependencycheck/dependency/Dependency;" line="1894"><counter type="INSTRUCTION" missed="0" covered="40"/><counter type="BRANCH" missed="0" covered="4"/><counter type="LINE" missed="0" covered="8"/><counter type="COMPLEXITY" missed="0" covered="3"/><counter type="METHOD" missed="0" covered="1"/></method><method name="addSnapshotReactorDependency" desc="(Lorg/owasp/dependencycheck/Engine;Lorg/apache/maven/artifact/Artifact;Lorg/apache/maven/project/MavenProject;)Z" line="1919"><counter type="INSTRUCTION" missed="2" covered="10"/><counter type="BRANCH" missed="1" covered="1"/><counter type="LINE" missed="1" covered="2"/><counter type="COMPLEXITY" missed="1" covered="1"/><counter type="METHOD" missed="0" covered="1"/></method><method name="newResolveArtifactProjectBuildingRequest" desc="(Lorg/apache/maven/project/MavenProject;Ljava/util/List;)Lorg/apache/maven/project/ProjectBuildingRequest;" line="1934"><counter type="INSTRUCTION" missed="0" covered="16"/><counter type="LINE" missed="0" covered="4"/><counter type="COMPLEXITY" missed="0" covered="1"/><counter type="METHOD" missed="0" covered="1"/></method><method name="runCheck" desc="()V" line="1949"><counter type="INSTRUCTION" missed="65" covered="92"/><counter type="BRANCH" missed="13" covered="11"/><counter type="LINE" missed="16" covered="24"/><counter type="COMPLEXITY" missed="9" covered="4"/><counter type="METHOD" missed="0" covered="1"/></method><method name="handleAnalysisExceptions" desc="(Lorg/owasp/dependencycheck/exception/ExceptionCollection;Lorg/owasp/dependencycheck/exception/ExceptionCollection;)Lorg/owasp/dependencycheck/exception/ExceptionCollection;" line="2019"><counter type="INSTRUCTION" missed="50" covered="27"/><counter type="BRANCH" missed="9" covered="3"/><counter type="LINE" missed="11" covered="7"/><counter type="COMPLEXITY" missed="6" covered="1"/><counter type="METHOD" missed="0" covered="1"/></method><method name="getReportOutputDirectory" desc="()Ljava/io/File;" line="2073"><counter type="INSTRUCTION" missed="3" covered="0"/><counter type="LINE" missed="1" covered="0"/><counter type="COMPLEXITY" missed="1" covered="0"/><counter type="METHOD" missed="1" covered="0"/></method><method name="setReportOutputDirectory" desc="(Ljava/io/File;)V" line="2083"><counter type="INSTRUCTION" missed="0" covered="4"/><counter type="LINE" missed="0" covered="2"/><counter type="COMPLEXITY" missed="0" covered="1"/><counter type="METHOD" missed="0" covered="1"/></method><method name="getOutputDirectory" desc="()Ljava/io/File;" line="2092"><counter type="INSTRUCTION" missed="3" covered="0"/><counter type="LINE" missed="1" covered="0"/><counter type="COMPLEXITY" missed="1" covered="0"/><counter type="METHOD" missed="1" covered="0"/></method><method name="isExternalReport" desc="()Z" line="2103"><counter type="INSTRUCTION" missed="0" covered="2"/><counter type="LINE" missed="0" covered="1"/><counter type="COMPLEXITY" missed="0" covered="1"/><counter type="METHOD" missed="0" covered="1"/></method><method name="getOutputName" desc="()Ljava/lang/String;" line="2113"><counter type="INSTRUCTION" missed="50" covered="9"/><counter type="BRANCH" missed="17" covered="1"/><counter type="LINE" missed="14" covered="3"/><counter type="COMPLEXITY" missed="9" covered="1"/><counter type="METHOD" missed="0" covered="1"/></method><method name="getCategoryName" desc="()Ljava/lang/String;" line="2141"><counter type="INSTRUCTION" missed="0" covered="2"/><counter type="LINE" missed="0" covered="1"/><counter type="COMPLEXITY" missed="0" covered="1"/><counter type="METHOD" missed="0" covered="1"/></method><method name="initializeEngine" desc="()Lorg/owasp/dependencycheck/Engine;" line="2156"><counter type="INSTRUCTION" missed="18" covered="13"/><counter type="BRANCH" missed="2" covered="0"/><counter type="LINE" missed="4" covered="4"/><counter type="COMPLEXITY" missed="1" covered="1"/><counter type="METHOD" missed="0" covered="1"/></method><method name="populateSettings" desc="()V" line="2176"><counter type="INSTRUCTION" missed="194" covered="738"/><counter type="BRANCH" missed="46" covered="22"/><counter type="LINE" missed="36" covered="128"/><counter type="COMPLEXITY" missed="33" covered="2"/><counter type="METHOD" missed="0" covered="1"/></method><method name="configureServerCredentials" desc="(Ljava/lang/String;Ljava/lang/String;Ljava/lang/String;)V" line="2388"><counter type="INSTRUCTION" missed="49" covered="3"/><counter type="BRANCH" missed="3" covered="1"/><counter type="LINE" missed="12" covered="2"/><counter type="COMPLEXITY" missed="2" covered="1"/><counter type="METHOD" missed="0" covered="1"/></method><method name="configureServerCredentialsApiKey" desc="(Ljava/lang/String;Ljava/lang/String;)V" line="2415"><counter type="INSTRUCTION" missed="44" covered="0"/><counter type="BRANCH" missed="4" covered="0"/><counter type="LINE" missed="12" covered="0"/><counter type="COMPLEXITY" missed="3" covered="0"/><counter type="METHOD" missed="1" covered="0"/></method><method name="decryptPasswordFromSettings" desc="(Ljava/lang/String;)Ljava/lang/String;" line="2448"><counter type="INSTRUCTION" missed="14" covered="0"/><counter type="BRANCH" missed="2" covered="0"/><counter type="LINE" missed="3" covered="0"/><counter type="COMPLEXITY" missed="2" covered="0"/><counter type="METHOD" missed="1" covered="0"/></method><method name="handleSecDispatcherException" desc="(Ljava/lang/String;Ljava/lang/String;Ljava/lang/String;Lorg/sonatype/plexus/components/sec/dispatcher/SecDispatcherException;)Ljava/lang/String;" line="2470"><counter type="INSTRUCTION" missed="78" covered="0"/><counter type="BRANCH" missed="10" covered="0"/><counter type="LINE" missed="12" covered="0"/><counter type="COMPLEXITY" missed="6" covered="0"/><counter type="METHOD" missed="1" covered="0"/></method><method name="determineSuppressions" desc="()[Ljava/lang/String;" line="2497"><counter type="INSTRUCTION" missed="9" covered="26"/><counter type="BRANCH" missed="1" covered="3"/><counter type="LINE" missed="1" covered="6"/><counter type="COMPLEXITY" missed="1" covered="2"/><counter type="METHOD" missed="0" covered="1"/></method><method name="muteNoisyLoggers" desc="()V" line="2513"><counter type="INSTRUCTION" missed="0" covered="39"/><counter type="BRANCH" missed="0" covered="4"/><counter type="LINE" missed="0" covered="7"/><counter type="COMPLEXITY" missed="0" covered="3"/><counter type="METHOD" missed="0" covered="1"/></method><method name="getMavenProxy" desc="()Lorg/apache/maven/settings/Proxy;" line="2532"><counter type="INSTRUCTION" missed="39" covered="14"/><counter type="BRANCH" missed="13" covered="3"/><counter type="LINE" missed="9" covered="4"/><counter type="COMPLEXITY" missed="8" covered="1"/><counter type="METHOD" missed="0" covered="1"/></method><method name="getProject" desc="()Lorg/apache/maven/project/MavenProject;" line="2564"><counter type="INSTRUCTION" missed="0" covered="3"/><counter type="LINE" missed="0" covered="1"/><counter type="COMPLEXITY" missed="0" covered="1"/><counter type="METHOD" missed="0" covered="1"/></method><method name="getReactorProjects" desc="()Ljava/util/List;" line="2573"><counter type="INSTRUCTION" missed="0" covered="3"/><counter type="LINE" missed="0" covered="1"/><counter type="COMPLEXITY" missed="0" covered="1"/><counter type="METHOD" missed="0" covered="1"/></method><method name="getFormats" desc="()Ljava/util/Set;" line="2582"><counter type="INSTRUCTION" missed="10" covered="41"/><counter type="BRANCH" missed="5" covered="5"/><counter type="LINE" missed="1" covered="8"/><counter type="COMPLEXITY" missed="5" covered="1"/><counter type="METHOD" missed="0" covered="1"/></method><method name="getExcludes" desc="()Ljava/util/List;" line="2608"><counter type="INSTRUCTION" missed="5" covered="6"/><counter type="BRANCH" missed="1" covered="1"/><counter type="LINE" missed="1" covered="2"/><counter type="COMPLEXITY" missed="1" covered="1"/><counter type="METHOD" missed="0" covered="1"/></method><method name="getArtifactScopeExcluded" desc="()Lorg/owasp/dependencycheck/utils/Filter;" line="2620"><counter type="INSTRUCTION" missed="0" covered="3"/><counter type="LINE" missed="0" covered="1"/><counter type="COMPLEXITY" missed="0" covered="1"/><counter type="METHOD" missed="0" covered="1"/></method><method name="getSettings" desc="()Lorg/owasp/dependencycheck/utils/Settings;" line="2629"><counter type="INSTRUCTION" missed="0" covered="3"/><counter type="LINE" missed="0" covered="1"/><counter type="COMPLEXITY" missed="0" covered="1"/><counter type="METHOD" missed="0" covered="1"/></method><method name="checkForFailure" desc="([Lorg/owasp/dependencycheck/dependency/Dependency;)V" line="2642"><counter type="INSTRUCTION" missed="105" covered="114"/><counter type="BRANCH" missed="25" covered="17"/><counter type="LINE" missed="19" covered="13"/><counter type="COMPLEXITY" missed="19" covered="3"/><counter type="METHOD" missed="0" covered="1"/></method><method name="showSummary" desc="(Lorg/apache/maven/project/MavenProject;[Lorg/owasp/dependencycheck/dependency/Dependency;)V" line="2699"><counter type="INSTRUCTION" missed="0" covered="8"/><counter type="BRANCH" missed="1" covered="1"/><counter type="LINE" missed="0" covered="3"/><counter type="COMPLEXITY" missed="1" covered="1"/><counter type="METHOD" missed="0" covered="1"/></method><method name="scanDependencyNode" desc="(Lorg/apache/maven/shared/dependency/graph/DependencyNode;Lorg/apache/maven/shared/dependency/graph/DependencyNode;Lorg/owasp/dependencycheck/Engine;Lorg/apache/maven/project/MavenProject;Ljava/util/List;Lorg/apache/maven/project/ProjectBuildingRequest;ZLorg/owasp/dependencycheck/exception/ExceptionCollection;)Lorg/owasp/dependencycheck/exception/ExceptionCollection;" line="2709"><counter type="INSTRUCTION" missed="283" covered="167"/><counter type="BRANCH" missed="40" covered="18"/><counter type="LINE" missed="63" covered="43"/><counter type="COMPLEXITY" missed="25" covered="5"/><counter type="METHOD" missed="0" covered="1"/></method><method name="tryResolutionOnce" desc="(Lorg/apache/maven/project/MavenProject;Ljava/util/List;Lorg/apache/maven/project/ProjectBuildingRequest;)V" line="2871"><counter type="INSTRUCTION" missed="2" covered="47"/><counter type="BRANCH" missed="1" covered="5"/><counter type="LINE" missed="1" covered="14"/><counter type="COMPLEXITY" missed="1" covered="3"/><counter type="METHOD" missed="0" covered="1"/></method><method name="processResolvedArtifact" desc="(Ljava/io/File;Ljava/util/List;Ljava/lang/String;Ljava/lang/String;Ljava/lang/String;Lorg/apache/maven/shared/dependency/graph/DependencyNode;Lorg/apache/maven/project/MavenProject;Ljava/util/List;Lorg/apache/maven/shared/dependency/graph/DependencyNode;)V" line="2897"><counter type="INSTRUCTION" missed="84" covered="82"/><counter type="BRANCH" missed="17" covered="5"/><counter type="LINE" missed="15" covered="20"/><counter type="COMPLEXITY" missed="10" covered="2"/><counter type="METHOD" missed="0" covered="1"/></method><method name="processPomArtifact" desc="(Ljava/io/File;Lorg/apache/maven/shared/dependency/graph/DependencyNode;Lorg/apache/maven/project/MavenProject;Lorg/owasp/dependencycheck/Engine;Lorg/owasp/dependencycheck/exception/ExceptionCollection;)Lorg/owasp/dependencycheck/exception/ExceptionCollection;" line="2944"><counter type="INSTRUCTION" missed="71" covered="0"/><counter type="BRANCH" missed="4" covered="0"/><counter type="LINE" missed="21" covered="0"/><counter type="COMPLEXITY" missed="3" covered="0"/><counter type="METHOD" missed="1" covered="0"/></method><method name="lambda$getFormats$3" desc="(Ljava/lang/String;)V" line="2591"><counter type="INSTRUCTION" missed="6" covered="0"/><counter type="LINE" missed="1" covered="0"/><counter type="COMPLEXITY" missed="1" covered="0"/><counter type="METHOD" missed="1" covered="0"/></method><method name="lambda$getFormats$2" desc="(Ljava/util/Set;Ljava/lang/String;)V" line="2586"><counter type="INSTRUCTION" missed="11" covered="0"/><counter type="LINE" missed="5" covered="0"/><counter type="COMPLEXITY" missed="1" covered="0"/><counter type="METHOD" missed="1" covered="0"/></method><method name="lambda$collectDependencies$1" desc="(Ljava/lang/String;)V" line="1695"><counter type="INSTRUCTION" missed="16" covered="0"/><counter type="LINE" missed="5" covered="0"/><counter type="COMPLEXITY" missed="1" covered="0"/><counter type="METHOD" missed="1" covered="0"/></method><method name="lambda$findVersion$0" desc="(Ljava/lang/String;Ljava/lang/String;Lorg/apache/maven/shared/dependency/graph/DependencyNode;)Z" line="1512"><counter type="INSTRUCTION" missed="16" covered="0"/><counter type="BRANCH" missed="4" covered="0"/><counter type="LINE" missed="2" covered="0"/><counter type="COMPLEXITY" missed="3" covered="0"/><counter type="METHOD" missed="1" covered="0"/></method><method name="&lt;clinit&gt;" desc="()V" line="127"><counter type="INSTRUCTION" missed="0" covered="6"/><counter type="LINE" missed="0" covered="1"/><counter type="COMPLEXITY" missed="0" covered="1"/><counter type="METHOD" missed="0" covered="1"/></method><counter type="INSTRUCTION" missed="1872" covered="2674"/><counter type="BRANCH" missed="316" covered="172"/><counter type="LINE" missed="416" covered="537"/><counter type="COMPLEXITY" missed="225" covered="82"/><counter type="METHOD" missed="19" covered="44"/><counter type="CLASS" missed="0" covered="1"/></class><class name="org/owasp/dependencycheck/maven/UpdateMojo" sourcefilename="UpdateMojo.java"><method name="&lt;init&gt;" desc="()V" line="47"><counter type="INSTRUCTION" missed="0" covered="3"/><counter type="LINE" missed="0" covered="1"/><counter type="COMPLEXITY" missed="0" covered="1"/><counter type="METHOD" missed="0" covered="1"/></method><method name="canGenerateReport" desc="()Z" line="56"><counter type="INSTRUCTION" missed="2" covered="0"/><counter type="LINE" missed="1" covered="0"/><counter type="COMPLEXITY" missed="1" covered="0"/><counter type="METHOD" missed="1" covered="0"/></method><method name="runCheck" desc="()V" line="70"><counter type="INSTRUCTION" missed="52" covered="16"/><counter type="BRANCH" missed="7" covered="1"/><counter type="LINE" missed="15" covered="6"/><counter type="COMPLEXITY" missed="4" covered="1"/><counter type="METHOD" missed="0" covered="1"/></method><method name="getName" desc="(Ljava/util/Locale;)Ljava/lang/String;" line="107"><counter type="INSTRUCTION" missed="2" covered="0"/><counter type="LINE" missed="1" covered="0"/><counter type="COMPLEXITY" missed="1" covered="0"/><counter type="METHOD" missed="1" covered="0"/></method><method name="getDescription" desc="(Ljava/util/Locale;)Ljava/lang/String;" line="119"><counter type="INSTRUCTION" missed="2" covered="0"/><counter type="LINE" missed="1" covered="0"/><counter type="COMPLEXITY" missed="1" covered="0"/><counter type="METHOD" missed="1" covered="0"/></method><method name="scanDependencies" desc="(Lorg/owasp/dependencycheck/Engine;)Lorg/owasp/dependencycheck/exception/ExceptionCollection;" line="132"><counter type="INSTRUCTION" missed="5" covered="0"/><counter type="LINE" missed="1" covered="0"/><counter type="COMPLEXITY" missed="1" covered="0"/><counter type="METHOD" missed="1" covered="0"/></method><method name="scanPlugins" desc="(Lorg/owasp/dependencycheck/Engine;Lorg/owasp/dependencycheck/exception/ExceptionCollection;)Lorg/owasp/dependencycheck/exception/ExceptionCollection;" line="146"><counter type="INSTRUCTION" missed="5" covered="0"/><counter type="LINE" missed="1" covered="0"/><counter type="COMPLEXITY" missed="1" covered="0"/><counter type="METHOD" missed="1" covered="0"/></method><counter type="INSTRUCTION" missed="68" covered="19"/><counter type="BRANCH" missed="7" covered="1"/><counter type="LINE" missed="20" covered="7"/><counter type="COMPLEXITY" missed="9" covered="2"/><counter type="METHOD" missed="5" covered="2"/><counter type="CLASS" missed="0" covered="1"/></class><class name="org/owasp/dependencycheck/maven/CheckMojo" sourcefilename="CheckMojo.java"><method name="&lt;init&gt;" desc="()V" line="43"><counter type="INSTRUCTION" missed="0" covered="6"/><counter type="LINE" missed="0" covered="2"/><counter type="COMPLEXITY" missed="0" covered="1"/><counter type="METHOD" missed="0" covered="1"/></method><method name="canGenerateReport" desc="()Z" line="60"><counter type="INSTRUCTION" missed="1" covered="27"/><counter type="BRANCH" missed="2" covered="2"/><counter type="LINE" missed="1" covered="7"/><counter type="COMPLEXITY" missed="2" covered="1"/><counter type="METHOD" missed="0" covered="1"/></method><method name="getName" desc="(Ljava/util/Locale;)Ljava/lang/String;" line="79"><counter type="INSTRUCTION" missed="0" covered="3"/><counter type="LINE" missed="0" covered="1"/><counter type="COMPLEXITY" missed="0" covered="1"/><counter type="METHOD" missed="0" covered="1"/></method><method name="getDescription" desc="(Ljava/util/Locale;)Ljava/lang/String;" line="91"><counter type="INSTRUCTION" missed="0" covered="2"/><counter type="LINE" missed="0" covered="1"/><counter type="COMPLEXITY" missed="0" covered="1"/><counter type="METHOD" missed="0" covered="1"/></method><method name="scanDependencies" desc="(Lorg/owasp/dependencycheck/Engine;)Lorg/owasp/dependencycheck/exception/ExceptionCollection;" line="104"><counter type="INSTRUCTION" missed="0" covered="6"/><counter type="LINE" missed="0" covered="1"/><counter type="COMPLEXITY" missed="0" covered="1"/><counter type="METHOD" missed="0" covered="1"/></method><method name="scanPlugins" desc="(Lorg/owasp/dependencycheck/Engine;Lorg/owasp/dependencycheck/exception/ExceptionCollection;)Lorg/owasp/dependencycheck/exception/ExceptionCollection;" line="118"><counter type="INSTRUCTION" missed="9" covered="0"/><counter type="LINE" missed="2" covered="0"/><counter type="COMPLEXITY" missed="1" covered="0"/><counter type="METHOD" missed="1" covered="0"/></method><counter type="INSTRUCTION" missed="10" covered="44"/><counter type="BRANCH" missed="2" covered="2"/><counter type="LINE" missed="3" covered="12"/><counter type="COMPLEXITY" missed="3" covered="5"/><counter type="METHOD" missed="1" covered="5"/><counter type="CLASS" missed="0" covered="1"/></class><class name="org/owasp/dependencycheck/maven/AggregateMojo" sourcefilename="AggregateMojo.java"><method name="&lt;init&gt;" desc="()V" line="54"><counter type="INSTRUCTION" missed="0" covered="6"/><counter type="LINE" missed="0" covered="2"/><counter type="COMPLEXITY" missed="0" covered="1"/><counter type="METHOD" missed="0" covered="1"/></method><method name="scanDependencies" desc="(Lorg/owasp/dependencycheck/Engine;)Lorg/owasp/dependencycheck/exception/ExceptionCollection;" line="72"><counter type="INSTRUCTION" missed="48" covered="31"/><counter type="BRANCH" missed="9" covered="3"/><counter type="LINE" missed="11" covered="6"/><counter type="COMPLEXITY" missed="5" covered="2"/><counter type="METHOD" missed="0" covered="1"/></method><method name="scanPlugins" desc="(Lorg/owasp/dependencycheck/Engine;Lorg/owasp/dependencycheck/exception/ExceptionCollection;)Lorg/owasp/dependencycheck/exception/ExceptionCollection;" line="110"><counter type="INSTRUCTION" missed="29" covered="0"/><counter type="BRANCH" missed="2" covered="0"/><counter type="LINE" missed="5" covered="0"/><counter type="COMPLEXITY" missed="2" covered="0"/><counter type="METHOD" missed="1" covered="0"/></method><method name="getDescendants" desc="(Lorg/apache/maven/project/MavenProject;)Ljava/util/Set;" line="125"><counter type="INSTRUCTION" missed="54" covered="263"/><counter type="BRANCH" missed="19" covered="47"/><counter type="LINE" missed="9" covered="47"/><counter type="COMPLEXITY" missed="15" covered="19"/><counter type="METHOD" missed="0" covered="1"/></method><method name="isConfiguredToSkip" desc="(Lorg/apache/maven/project/MavenProject;)Z" line="214"><counter type="INSTRUCTION" missed="14" covered="37"/><counter type="BRANCH" missed="5" covered="3"/><counter type="LINE" missed="1" covered="13"/><counter type="COMPLEXITY" missed="4" covered="1"/><counter type="METHOD" missed="0" covered="1"/></method><method name="isMultiModule" desc="(Lorg/apache/maven/project/MavenProject;)Z" line="241"><counter type="INSTRUCTION" missed="5" covered="0"/><counter type="LINE" missed="1" covered="0"/><counter type="COMPLEXITY" missed="1" covered="0"/><counter type="METHOD" missed="1" covered="0"/></method><method name="canGenerateReport" desc="()Z" line="246"><counter type="INSTRUCTION" missed="2" covered="0"/><counter type="LINE" missed="1" covered="0"/><counter type="COMPLEXITY" missed="1" covered="0"/><counter type="METHOD" missed="1" covered="0"/></method><method name="getName" desc="(Ljava/util/Locale;)Ljava/lang/String;" line="257"><counter type="INSTRUCTION" missed="3" covered="0"/><counter type="LINE" missed="1" covered="0"/><counter type="COMPLEXITY" missed="1" covered="0"/><counter type="METHOD" missed="1" covered="0"/></method><method name="getDescription" desc="(Ljava/util/Locale;)Ljava/lang/String;" line="269"><counter type="INSTRUCTION" missed="2" covered="0"/><counter type="LINE" missed="1" covered="0"/><counter type="COMPLEXITY" missed="1" covered="0"/><counter type="METHOD" missed="1" covered="0"/></method><method name="lambda$isConfiguredToSkip$3" desc="(Lorg/codehaus/plexus/util/xml/Xpp3Dom;)Lorg/codehaus/plexus/util/xml/Xpp3Dom;" line="219"><counter type="INSTRUCTION" missed="0" covered="4"/><counter type="LINE" missed="0" covered="1"/><counter type="COMPLEXITY" missed="0" covered="1"/><counter type="METHOD" missed="0" covered="1"/></method><method name="lambda$isConfiguredToSkip$2" desc="(Ljava/lang/Object;)Lorg/codehaus/plexus/util/xml/Xpp3Dom;" line="218"><counter type="INSTRUCTION" missed="0" covered="3"/><counter type="LINE" missed="0" covered="1"/><counter type="COMPLEXITY" missed="0" covered="1"/><counter type="METHOD" missed="0" covered="1"/></method><method name="lambda$isConfiguredToSkip$1" desc="(Ljava/lang/Object;)Z" line="217"><counter type="INSTRUCTION" missed="0" covered="9"/><counter type="BRANCH" missed="1" covered="3"/><counter type="LINE" missed="0" covered="1"/><counter type="COMPLEXITY" missed="1" covered="2"/><counter type="METHOD" missed="0" covered="1"/></method><method name="lambda$isConfiguredToSkip$0" desc="(Lorg/apache/maven/model/Plugin;)Z" line="215"><counter type="INSTRUCTION" missed="0" covered="5"/><counter type="LINE" missed="0" covered="1"/><counter type="COMPLEXITY" missed="0" covered="1"/><counter type="METHOD" missed="0" covered="1"/></method><counter type="INSTRUCTION" missed="157" covered="358"/><counter type="BRANCH" missed="36" covered="56"/><counter type="LINE" missed="30" covered="68"/><counter type="COMPLEXITY" missed="31" covered="28"/><counter type="METHOD" missed="5" covered="8"/><counter type="CLASS" missed="0" covered="1"/></class><class name="org/owasp/dependencycheck/maven/Mshared998Util" sourcefilename="Mshared998Util.java"><method name="getResolutionResults" desc="(Lorg/eclipse/aether/resolution/DependencyResolutionException;)Ljava/util/List;" line="45"><counter type="INSTRUCTION" missed="0" covered="30"/><counter type="BRANCH" missed="1" covered="3"/><counter type="LINE" missed="0" covered="7"/><counter type="COMPLEXITY" missed="1" covered="2"/><counter type="METHOD" missed="0" covered="1"/></method><counter type="INSTRUCTION" missed="0" covered="30"/><counter type="BRANCH" missed="1" covered="3"/><counter type="LINE" missed="0" covered="7"/><counter type="COMPLEXITY" missed="1" covered="2"/><counter type="METHOD" missed="0" covered="1"/><counter type="CLASS" missed="0" covered="1"/></class><class name="org/owasp/dependencycheck/maven/CollectingRootDependencyGraphVisitor" sourcefilename="CollectingRootDependencyGraphVisitor.java"><method name="&lt;init&gt;" desc="()V" line="32"><counter type="INSTRUCTION" missed="0" covered="11"/><counter type="LINE" missed="0" covered="3"/><counter type="COMPLEXITY" missed="0" covered="1"/><counter type="METHOD" missed="0" covered="1"/></method><method name="visit" desc="(Lorg/apache/maven/shared/dependency/graph/DependencyNode;)Z" line="49"><counter type="INSTRUCTION" missed="0" covered="39"/><counter type="BRANCH" missed="1" covered="3"/><counter type="LINE" missed="0" covered="7"/><counter type="COMPLEXITY" missed="1" covered="2"/><counter type="METHOD" missed="0" covered="1"/></method><method name="endVisit" desc="(Lorg/apache/maven/shared/dependency/graph/DependencyNode;)Z" line="64"><counter type="INSTRUCTION" missed="0" covered="8"/><counter type="LINE" missed="0" covered="2"/><counter type="COMPLEXITY" missed="0" covered="1"/><counter type="METHOD" missed="0" covered="1"/></method><method name="getNodes" desc="()Ljava/util/Map;" line="69"><counter type="INSTRUCTION" missed="0" covered="4"/><counter type="LINE" missed="0" covered="1"/><counter type="COMPLEXITY" missed="0" covered="1"/><counter type="METHOD" missed="0" covered="1"/></method><counter type="INSTRUCTION" missed="0" covered="62"/><counter type="BRANCH" missed="1" covered="3"/><counter type="LINE" missed="0" covered="13"/><counter type="COMPLEXITY" missed="1" covered="5"/><counter type="METHOD" missed="0" covered="4"/><counter type="CLASS" missed="0" covered="1"/></class><class name="org/owasp/dependencycheck/maven/FilteringDependencyTransitiveNodeVisitor" sourcefilename="FilteringDependencyTransitiveNodeVisitor.java"><method name="&lt;init&gt;" desc="(Lorg/apache/maven/shared/dependency/graph/traversal/DependencyNodeVisitor;Lorg/apache/maven/shared/dependency/graph/filter/DependencyNodeFilter;)V" line="50"><counter type="INSTRUCTION" missed="0" covered="9"/><counter type="LINE" missed="0" covered="4"/><counter type="COMPLEXITY" missed="0" covered="1"/><counter type="METHOD" missed="0" covered="1"/></method><method name="visit" desc="(Lorg/apache/maven/shared/dependency/graph/DependencyNode;)Z" line="62"><counter type="INSTRUCTION" missed="2" covered="13"/><counter type="BRANCH" missed="1" covered="1"/><counter type="LINE" missed="1" covered="3"/><counter type="COMPLEXITY" missed="1" covered="1"/><counter type="METHOD" missed="0" covered="1"/></method><method name="endVisit" desc="(Lorg/apache/maven/shared/dependency/graph/DependencyNode;)Z" line="78"><counter type="INSTRUCTION" missed="2" covered="13"/><counter type="BRANCH" missed="1" covered="1"/><counter type="LINE" missed="1" covered="3"/><counter type="COMPLEXITY" missed="1" covered="1"/><counter type="METHOD" missed="0" covered="1"/></method><method name="getDependencyNodeVisitor" desc="()Lorg/apache/maven/shared/dependency/graph/traversal/DependencyNodeVisitor;" line="93"><counter type="INSTRUCTION" missed="3" covered="0"/><counter type="LINE" missed="1" covered="0"/><counter type="COMPLEXITY" missed="1" covered="0"/><counter type="METHOD" missed="1" covered="0"/></method><method name="getDependencyNodeFilter" desc="()Lorg/apache/maven/shared/dependency/graph/filter/DependencyNodeFilter;" line="103"><counter type="INSTRUCTION" missed="3" covered="0"/><counter type="LINE" missed="1" covered="0"/><counter type="COMPLEXITY" missed="1" covered="0"/><counter type="METHOD" missed="1" covered="0"/></method><counter type="INSTRUCTION" missed="10" covered="35"/><counter type="BRANCH" missed="2" covered="2"/><counter type="LINE" missed="4" covered="10"/><counter type="COMPLEXITY" missed="4" covered="3"/><counter type="METHOD" missed="2" covered="3"/><counter type="CLASS" missed="0" covered="1"/></class><class name="org/owasp/dependencycheck/maven/Retirejs" sourcefilename="Retirejs.java"><method name="&lt;init&gt;" desc="()V" line="27"><counter type="INSTRUCTION" missed="0" covered="3"/><counter type="LINE" missed="0" covered="1"/><counter type="COMPLEXITY" missed="0" covered="1"/><counter type="METHOD" missed="0" covered="1"/></method><method name="getFilters" desc="()[Ljava/lang/String;" line="47"><counter type="INSTRUCTION" missed="0" covered="3"/><counter type="LINE" missed="0" covered="1"/><counter type="COMPLEXITY" missed="0" covered="1"/><counter type="METHOD" missed="0" covered="1"/></method><method name="getFilterNonVulnerable" desc="()Ljava/lang/Boolean;" line="60"><counter type="INSTRUCTION" missed="0" covered="3"/><counter type="LINE" missed="0" covered="1"/><counter type="COMPLEXITY" missed="0" covered="1"/><counter type="METHOD" missed="0" covered="1"/></method><counter type="INSTRUCTION" missed="0" covered="9"/><counter type="LINE" missed="0" covered="3"/><counter type="COMPLEXITY" missed="0" covered="3"/><counter type="METHOD" missed="0" covered="3"/><counter type="CLASS" missed="0" covered="1"/></class><sourcefile name="ArtifactScopeExcluded.java"><line nr="60" mi="0" ci="2" mb="0" cb="0"/><line nr="61" mi="0" ci="3" mb="0" cb="0"/><line nr="62" mi="0" ci="3" mb="0" cb="0"/><line nr="63" mi="0" ci="3" mb="0" cb="0"/><line nr="64" mi="0" ci="3" mb="0" cb="0"/><line nr="65" mi="0" ci="1" mb="0" cb="0"/><line nr="77" mi="0" ci="7" mb="1" cb="3"/><line nr="78" mi="0" ci="2" mb="0" cb="0"/><line nr="80" mi="4" ci="3" mb="3" cb="1"/><line nr="81" mi="2" ci="0" mb="0" cb="0"/><line nr="83" mi="4" ci="3" mb="3" cb="1"/><line nr="84" mi="2" ci="0" mb="0" cb="0"/><line nr="86" mi="0" ci="7" mb="0" cb="4"/><line nr="87" mi="0" ci="2" mb="0" cb="0"/><line nr="89" mi="4" ci="6" mb="3" cb="3"/><line nr="90" mi="2" ci="0" mb="0" cb="0"/><line nr="92" mi="0" ci="2" mb="0" cb="0"/><counter type="INSTRUCTION" missed="18" covered="47"/><counter type="BRANCH" missed="10" covered="12"/><counter type="LINE" missed="3" covered="14"/><counter type="COMPLEXITY" missed="7" covered="6"/><counter type="METHOD" missed="0" covered="2"/><counter type="CLASS" missed="0" covered="1"/></sourcefile><sourcefile name="Retirejs.java"><line nr="27" mi="0" ci="3" mb="0" cb="0"/><line nr="47" mi="0" ci="3" mb="0" cb="0"/><line nr="60" mi="0" ci="3" mb="0" cb="0"/><counter type="INSTRUCTION" missed="0" covered="9"/><counter type="LINE" missed="0" covered="3"/><counter type="COMPLEXITY" missed="0" covered="3"/><counter type="METHOD" missed="0" covered="3"/><counter type="CLASS" missed="0" covered="1"/></sourcefile><sourcefile name="CollectingRootDependencyGraphVisitor.java"><line nr="32" mi="0" ci="2" mb="0" cb="0"/><line nr="37" mi="0" ci="5" mb="0" cb="0"/><line nr="45" mi="0" ci="4" mb="0" cb="0"/><line nr="49" mi="0" ci="3" mb="0" cb="2"/><line nr="50" mi="0" ci="3" mb="0" cb="0"/><line nr="51" mi="0" ci="6" mb="1" cb="1"/><line nr="52" mi="0" ci="10" mb="0" cb="0"/><line nr="56" mi="0" ci="9" mb="0" cb="0"/><line nr="58" mi="0" ci="6" mb="0" cb="0"/><line nr="59" mi="0" ci="2" mb="0" cb="0"/><line nr="64" mi="0" ci="6" mb="0" cb="0"/><line nr="65" mi="0" ci="2" mb="0" cb="0"/><line nr="69" mi="0" ci="4" mb="0" cb="0"/><counter type="INSTRUCTION" missed="0" covered="62"/><counter type="BRANCH" missed="1" covered="3"/><counter type="LINE" missed="0" covered="13"/><counter type="COMPLEXITY" missed="1" covered="5"/><counter type="METHOD" missed="0" covered="4"/><counter type="CLASS" missed="0" covered="1"/></sourcefile><sourcefile name="AggregateMojo.java"><line nr="54" mi="0" ci="2" mb="0" cb="0"/><line nr="59" mi="0" ci="4" mb="0" cb="0"/><line nr="72" mi="0" ci="7" mb="0" cb="0"/><line nr="73" mi="0" ci="13" mb="0" cb="2"/><line nr="76" mi="0" ci="6" mb="0" cb="0"/><line nr="77" mi="0" ci="2" mb="1" cb="1"/><line nr="78" mi="2" ci="0" mb="2" cb="0"/><line nr="79" mi="3" ci="0" mb="0" cb="0"/><line nr="81" mi="6" ci="0" mb="0" cb="0"/><line nr="83" mi="3" ci="0" mb="2" cb="0"/><line nr="84" mi="3" ci="0" mb="0" cb="0"/><line nr="85" mi="10" ci="0" mb="0" cb="0"/><line nr="86" mi="3" ci="0" mb="2" cb="0"/><line nr="87" mi="6" ci="0" mb="0" cb="0"/><line nr="89" mi="4" ci="0" mb="0" cb="0"/><line nr="90" mi="4" ci="0" mb="2" cb="0"/><line nr="91" mi="4" ci="0" mb="0" cb="0"/><line nr="95" mi="0" ci="1" mb="0" cb="0"/><line nr="96" mi="0" ci="2" mb="0" cb="0"/><line nr="110" mi="7" ci="0" mb="0" cb="0"/><line nr="111" mi="13" ci="0" mb="2" cb="0"/><line nr="112" mi="6" ci="0" mb="0" cb="0"/><line nr="113" mi="1" ci="0" mb="0" cb="0"/><line nr="114" mi="2" ci="0" mb="0" cb="0"/><line nr="125" mi="0" ci="2" mb="1" cb="1"/><line nr="126" mi="2" ci="0" mb="0" cb="0"/><line nr="128" mi="0" ci="4" mb="0" cb="0"/><line nr="130" mi="0" ci="4" mb="0" cb="2"/><line nr="131" mi="0" ci="12" mb="0" cb="0"/><line nr="133" mi="0" ci="11" mb="0" cb="2"/><line nr="134" mi="0" ci="11" mb="0" cb="2"/><line nr="135" mi="0" ci="4" mb="1" cb="1"/><line nr="137" mi="0" ci="7" mb="0" cb="0"/><line nr="138" mi="0" ci="3" mb="0" cb="0"/><line nr="139" mi="0" ci="10" mb="1" cb="3"/><line nr="140" mi="0" ci="3" mb="0" cb="2"/><line nr="141" mi="0" ci="12" mb="0" cb="0"/><line nr="144" mi="1" ci="0" mb="0" cb="0"/><line nr="145" mi="4" ci="0" mb="2" cb="0"/><line nr="146" mi="5" ci="0" mb="0" cb="0"/><line nr="148" mi="0" ci="1" mb="0" cb="0"/><line nr="150" mi="0" ci="1" mb="0" cb="0"/><line nr="151" mi="0" ci="1" mb="0" cb="0"/><line nr="153" mi="0" ci="3" mb="0" cb="0"/><line nr="154" mi="0" ci="11" mb="0" cb="2"/><line nr="155" mi="0" ci="4" mb="1" cb="1"/><line nr="156" mi="0" ci="10" mb="0" cb="4"/><line nr="157" mi="4" ci="4" mb="3" cb="1"/><line nr="158" mi="12" ci="0" mb="0" cb="0"/><line nr="161" mi="0" ci="11" mb="0" cb="2"/><line nr="162" mi="0" ci="4" mb="1" cb="1"/><line nr="163" mi="0" ci="11" mb="1" cb="3"/><line nr="164" mi="0" ci="3" mb="0" cb="2"/><line nr="165" mi="0" ci="3" mb="1" cb="1"/><line nr="166" mi="0" ci="12" mb="0" cb="0"/><line nr="169" mi="0" ci="1" mb="0" cb="0"/><line nr="171" mi="0" ci="4" mb="0" cb="0"/><line nr="172" mi="0" ci="10" mb="0" cb="2"/><line nr="173" mi="0" ci="4" mb="1" cb="1"/><line nr="174" mi="0" ci="11" mb="0" cb="2"/><line nr="176" mi="0" ci="7" mb="0" cb="0"/><line nr="177" mi="0" ci="3" mb="0" cb="0"/><line nr="178" mi="0" ci="5" mb="0" cb="2"/><line nr="179" mi="0" ci="4" mb="0" cb="0"/><line nr="181" mi="1" ci="0" mb="0" cb="0"/><line nr="182" mi="4" ci="0" mb="2" cb="0"/><line nr="183" mi="5" ci="0" mb="0" cb="0"/><line nr="185" mi="0" ci="1" mb="0" cb="0"/><line nr="186" mi="0" ci="1" mb="0" cb="0"/><line nr="188" mi="0" ci="1" mb="0" cb="0"/><line nr="189" mi="0" ci="10" mb="0" cb="2"/><line nr="190" mi="0" ci="4" mb="1" cb="1"/><line nr="191" mi="4" ci="4" mb="3" cb="1"/><line nr="192" mi="12" ci="0" mb="0" cb="0"/><line nr="195" mi="0" ci="1" mb="0" cb="0"/><line nr="197" mi="0" ci="1" mb="0" cb="0"/><line nr="198" mi="0" ci="6" mb="0" cb="4"/><line nr="199" mi="0" ci="4" mb="0" cb="2"/><line nr="200" mi="0" ci="17" mb="0" cb="0"/><line nr="202" mi="0" ci="2" mb="0" cb="0"/><line nr="214" mi="0" ci="4" mb="0" cb="0"/><line nr="215" mi="0" ci="7" mb="0" cb="0"/><line nr="216" mi="0" ci="2" mb="0" cb="0"/><line nr="217" mi="0" ci="11" mb="1" cb="3"/><line nr="218" mi="0" ci="5" mb="0" cb="0"/><line nr="219" mi="0" ci="6" mb="0" cb="0"/><line nr="220" mi="0" ci="2" mb="0" cb="0"/><line nr="221" mi="0" ci="1" mb="0" cb="0"/><line nr="222" mi="0" ci="2" mb="0" cb="0"/><line nr="224" mi="0" ci="5" mb="0" cb="0"/><line nr="226" mi="8" ci="9" mb="4" cb="2"/><line nr="227" mi="0" ci="2" mb="1" cb="1"/><line nr="228" mi="6" ci="0" mb="0" cb="0"/><line nr="230" mi="0" ci="2" mb="0" cb="0"/><line nr="241" mi="5" ci="0" mb="0" cb="0"/><line nr="246" mi="2" ci="0" mb="0" cb="0"/><line nr="257" mi="3" ci="0" mb="0" cb="0"/><line nr="269" mi="2" ci="0" mb="0" cb="0"/><counter type="INSTRUCTION" missed="157" covered="358"/><counter type="BRANCH" missed="36" covered="56"/><counter type="LINE" missed="30" covered="68"/><counter type="COMPLEXITY" missed="31" covered="28"/><counter type="METHOD" missed="5" covered="8"/><counter type="CLASS" missed="0" covered="1"/></sourcefile><sourcefile name="PurgeMojo.java"><line nr="45" mi="3" ci="0" mb="0" cb="0"/><line nr="54" mi="2" ci="0" mb="0" cb="0"/><line nr="67" mi="2" ci="0" mb="0" cb="0"/><line nr="69" mi="4" ci="0" mb="0" cb="0"/><line nr="70" mi="1" ci="0" mb="0" cb="0"/><line nr="71" mi="3" ci="0" mb="2" cb="0"/><line nr="72" mi="7" ci="0" mb="0" cb="0"/><line nr="74" mi="7" ci="0" mb="0" cb="0"/><line nr="76" mi="1" ci="0" mb="0" cb="0"/><line nr="77" mi="7" ci="0" mb="0" cb="0"/><line nr="78" mi="3" ci="0" mb="0" cb="0"/><line nr="80" mi="3" ci="0" mb="0" cb="0"/><line nr="82" mi="1" ci="0" mb="0" cb="0"/><line nr="92" mi="2" ci="0" mb="0" cb="0"/><line nr="104" mi="2" ci="0" mb="0" cb="0"/><line nr="116" mi="5" ci="0" mb="0" cb="0"/><line nr="130" mi="5" ci="0" mb="0" cb="0"/><counter type="INSTRUCTION" missed="58" covered="0"/><counter type="BRANCH" missed="2" covered="0"/><counter type="LINE" missed="17" covered="0"/><counter type="COMPLEXITY" missed="8" covered="0"/><counter type="METHOD" missed="7" covered="0"/><counter type="CLASS" missed="1" covered="0"/></sourcefile><sourcefile name="BaseDependencyCheckMojo.java"><line nr="117" mi="0" ci="2" mb="0" cb="0"/><line nr="127" mi="0" ci="6" mb="0" cb="0"/><line nr="135" mi="0" ci="3" mb="0" cb="0"/><line nr="139" mi="0" ci="3" mb="0" cb="0"/><line nr="143" mi="0" ci="5" mb="0" cb="0"/><line nr="215" mi="0" ci="3" mb="0" cb="0"/><line nr="223" mi="0" ci="3" mb="0" cb="0"/><line nr="232" mi="0" ci="3" mb="0" cb="0"/><line nr="298" mi="0" ci="3" mb="0" cb="0"/><line nr="393" mi="0" ci="3" mb="0" cb="0"/><line nr="860" mi="0" ci="3" mb="0" cb="0"/><line nr="866" mi="0" ci="3" mb="0" cb="0"/><line nr="872" mi="0" ci="3" mb="0" cb="0"/><line nr="878" mi="0" ci="3" mb="0" cb="0"/><line nr="885" mi="0" ci="3" mb="0" cb="0"/><line nr="892" mi="0" ci="3" mb="0" cb="0"/><line nr="1098" mi="0" ci="3" mb="0" cb="0"/><line nr="1104" mi="0" ci="4" mb="0" cb="0"/><line nr="1124" mi="8" ci="0" mb="2" cb="0"/><line nr="1125" mi="6" ci="0" mb="2" cb="0"/><line nr="1126" mi="8" ci="0" mb="2" cb="0"/><line nr="1139" mi="14" ci="0" mb="8" cb="0"/><line nr="1151" mi="0" ci="3" mb="0" cb="0"/><line nr="1152" mi="0" ci="7" mb="0" cb="0"/><line nr="1153" mi="0" ci="2" mb="1" cb="1"/><line nr="1154" mi="8" ci="0" mb="0" cb="0"/><line nr="1156" mi="0" ci="6" mb="0" cb="0"/><line nr="1157" mi="0" ci="2" mb="0" cb="0"/><line nr="1159" mi="0" ci="1" mb="0" cb="0"/><line nr="1167" mi="3" ci="0" mb="0" cb="0"/><line nr="1176" mi="3" ci="0" mb="0" cb="0"/><line nr="1185" mi="0" ci="3" mb="0" cb="0"/><line nr="1196" mi="7" ci="0" mb="0" cb="0"/><line nr="1197" mi="2" ci="0" mb="2" cb="0"/><line nr="1198" mi="7" ci="0" mb="0" cb="0"/><line nr="1199" mi="1" ci="0" mb="0" cb="0"/><line nr="1202" mi="3" ci="0" mb="0" cb="0"/><line nr="1203" mi="6" ci="0" mb="0" cb="0"/><line nr="1205" mi="2" ci="0" mb="0" cb="0"/><line nr="1206" mi="1" ci="0" mb="0" cb="0"/><line nr="1207" mi="7" ci="0" mb="0" cb="0"/><line nr="1208" mi="1" ci="0" mb="0" cb="0"/><line nr="1209" mi="4" ci="0" mb="0" cb="0"/><line nr="1210" mi="1" ci="0" mb="0" cb="0"/><line nr="1211" mi="1" ci="0" mb="0" cb="0"/><line nr="1222" mi="5" ci="0" mb="0" cb="0"/><line nr="1233" mi="0" ci="4" mb="0" cb="0"/><line nr="1234" mi="0" ci="5" mb="2" cb="2"/><line nr="1235" mi="0" ci="3" mb="0" cb="0"/><line nr="1238" mi="7" ci="0" mb="0" cb="0"/><line nr="1239" mi="9" ci="0" mb="4" cb="0"/><line nr="1240" mi="3" ci="0" mb="0" cb="0"/><line nr="1242" mi="2" ci="0" mb="0" cb="0"/><line nr="1255" mi="0" ci="6" mb="0" cb="0"/><line nr="1270" mi="0" ci="16" mb="0" cb="0"/><line nr="1271" mi="0" ci="6" mb="0" cb="0"/><line nr="1274" mi="0" ci="6" mb="0" cb="0"/><line nr="1276" mi="0" ci="4" mb="0" cb="0"/><line nr="1279" mi="0" ci="8" mb="0" cb="0"/><line nr="1280" mi="0" ci="5" mb="0" cb="0"/><line nr="1283" mi="0" ci="12" mb="0" cb="0"/><line nr="1285" mi="0" ci="4" mb="0" cb="0"/><line nr="1288" mi="0" ci="3" mb="0" cb="0"/><line nr="1290" mi="0" ci="8" mb="0" cb="0"/><line nr="1291" mi="1" ci="0" mb="0" cb="0"/><line nr="1292" mi="10" ci="0" mb="0" cb="0"/><line nr="1293" mi="5" ci="0" mb="0" cb="0"/><line nr="1294" mi="5" ci="0" mb="0" cb="0"/><line nr="1310" mi="2" ci="0" mb="0" cb="0"/><line nr="1311" mi="4" ci="0" mb="0" cb="0"/><line nr="1312" mi="4" ci="0" mb="0" cb="0"/><line nr="1313" mi="4" ci="0" mb="0" cb="0"/><line nr="1314" mi="4" ci="0" mb="0" cb="0"/><line nr="1316" mi="4" ci="0" mb="0" cb="0"/><line nr="1317" mi="4" ci="0" mb="0" cb="0"/><line nr="1318" mi="4" ci="0" mb="0" cb="0"/><line nr="1320" mi="6" ci="0" mb="0" cb="0"/><line nr="1321" mi="10" ci="0" mb="2" cb="0"/><line nr="1323" mi="7" ci="0" mb="0" cb="0"/><line nr="1325" mi="8" ci="0" mb="0" cb="0"/><line nr="1327" mi="4" ci="0" mb="0" cb="0"/><line nr="1328" mi="4" ci="0" mb="0" cb="0"/><line nr="1329" mi="4" ci="0" mb="0" cb="0"/><line nr="1330" mi="4" ci="0" mb="0" cb="0"/><line nr="1332" mi="9" ci="0" mb="0" cb="0"/><line nr="1333" mi="13" ci="0" mb="2" cb="0"/><line nr="1334" mi="8" ci="0" mb="0" cb="0"/><line nr="1335" mi="1" ci="0" mb="0" cb="0"/><line nr="1336" mi="1" ci="0" mb="0" cb="0"/><line nr="1337" mi="5" ci="0" mb="0" cb="0"/><line nr="1338" mi="1" ci="0" mb="0" cb="0"/><line nr="1339" mi="5" ci="0" mb="0" cb="0"/><line nr="1340" mi="1" ci="0" mb="0" cb="0"/><line nr="1341" mi="5" ci="0" mb="0" cb="0"/><line nr="1342" mi="1" ci="0" mb="0" cb="0"/><line nr="1343" mi="1" ci="0" mb="0" cb="0"/><line nr="1345" mi="2" ci="0" mb="0" cb="0"/><line nr="1350" mi="2" ci="0" mb="0" cb="0"/><line nr="1351" mi="3" ci="0" mb="0" cb="0"/><line nr="1352" mi="3" ci="0" mb="0" cb="0"/><line nr="1353" mi="3" ci="0" mb="0" cb="0"/><line nr="1354" mi="3" ci="0" mb="0" cb="0"/><line nr="1355" mi="3" ci="0" mb="2" cb="0"/><line nr="1356" mi="3" ci="0" mb="0" cb="0"/><line nr="1358" mi="6" ci="0" mb="0" cb="0"/><line nr="1359" mi="2" ci="0" mb="0" cb="0"/><line nr="1360" mi="2" ci="0" mb="2" cb="0"/><line nr="1361" mi="2" ci="0" mb="0" cb="0"/><line nr="1362" mi="4" ci="0" mb="2" cb="0"/><line nr="1363" mi="6" ci="0" mb="0" cb="0"/><line nr="1365" mi="10" ci="0" mb="2" cb="0"/><line nr="1366" mi="6" ci="0" mb="2" cb="0"/><line nr="1367" mi="2" ci="0" mb="0" cb="0"/><line nr="1368" mi="1" ci="0" mb="0" cb="0"/><line nr="1370" mi="1" ci="0" mb="0" cb="0"/><line nr="1371" mi="10" ci="0" mb="2" cb="0"/><line nr="1372" mi="5" ci="0" mb="4" cb="0"/><line nr="1373" mi="6" ci="0" mb="0" cb="0"/><line nr="1374" mi="4" ci="0" mb="0" cb="0"/><line nr="1376" mi="1" ci="0" mb="0" cb="0"/><line nr="1378" mi="2" ci="0" mb="2" cb="0"/><line nr="1379" mi="7" ci="0" mb="0" cb="0"/><line nr="1380" mi="5" ci="0" mb="0" cb="0"/><line nr="1381" mi="2" ci="0" mb="2" cb="0"/><line nr="1382" mi="5" ci="0" mb="0" cb="0"/><line nr="1384" mi="4" ci="0" mb="0" cb="0"/><line nr="1385" mi="2" ci="0" mb="0" cb="0"/><line nr="1386" mi="2" ci="0" mb="0" cb="0"/><line nr="1387" mi="1" ci="0" mb="0" cb="0"/><line nr="1388" mi="4" ci="0" mb="0" cb="0"/><line nr="1390" mi="2" ci="0" mb="2" cb="0"/><line nr="1391" mi="10" ci="0" mb="2" cb="0"/><line nr="1392" mi="4" ci="0" mb="0" cb="0"/><line nr="1393" mi="1" ci="0" mb="0" cb="0"/><line nr="1397" mi="1" ci="0" mb="0" cb="0"/><line nr="1398" mi="2" ci="0" mb="2" cb="0"/><line nr="1399" mi="4" ci="0" mb="0" cb="0"/><line nr="1401" mi="9" ci="0" mb="0" cb="0"/><line nr="1405" mi="2" ci="0" mb="0" cb="0"/><line nr="1411" mi="0" ci="10" mb="0" cb="0"/><line nr="1412" mi="0" ci="3" mb="0" cb="0"/><line nr="1413" mi="1" ci="0" mb="0" cb="0"/><line nr="1414" mi="8" ci="0" mb="0" cb="0"/><line nr="1416" mi="5" ci="0" mb="0" cb="0"/><line nr="1417" mi="0" ci="1" mb="0" cb="0"/><line nr="1418" mi="0" ci="2" mb="0" cb="0"/><line nr="1423" mi="6" ci="0" mb="0" cb="0"/><line nr="1425" mi="7" ci="0" mb="0" cb="0"/><line nr="1427" mi="4" ci="0" mb="0" cb="0"/><line nr="1429" mi="10" ci="0" mb="2" cb="0"/><line nr="1430" mi="5" ci="0" mb="0" cb="0"/><line nr="1431" mi="1" ci="0" mb="0" cb="0"/><line nr="1433" mi="2" ci="0" mb="0" cb="0"/><line nr="1451" mi="0" ci="4" mb="0" cb="0"/><line nr="1453" mi="0" ci="4" mb="0" cb="0"/><line nr="1454" mi="0" ci="4" mb="0" cb="0"/><line nr="1455" mi="0" ci="2" mb="0" cb="0"/><line nr="1458" mi="0" ci="4" mb="0" cb="0"/><line nr="1459" mi="1" ci="0" mb="0" cb="0"/><line nr="1460" mi="3" ci="0" mb="0" cb="0"/><line nr="1461" mi="2" ci="0" mb="0" cb="0"/><line nr="1462" mi="2" ci="0" mb="0" cb="0"/><line nr="1463" mi="5" ci="0" mb="0" cb="0"/><line nr="1464" mi="0" ci="1" mb="0" cb="0"/><line nr="1465" mi="0" ci="3" mb="0" cb="2"/><line nr="1466" mi="0" ci="8" mb="0" cb="0"/><line nr="1467" mi="0" ci="2" mb="1" cb="1"/><line nr="1470" mi="0" ci="3" mb="1" cb="1"/><line nr="1471" mi="5" ci="0" mb="0" cb="0"/><line nr="1472" mi="0" ci="3" mb="1" cb="1"/><line nr="1473" mi="0" ci="11" mb="0" cb="2"/><line nr="1474" mi="0" ci="3" mb="1" cb="1"/><line nr="1475" mi="4" ci="0" mb="0" cb="0"/><line nr="1477" mi="0" ci="3" mb="1" cb="1"/><line nr="1478" mi="0" ci="4" mb="0" cb="0"/><line nr="1480" mi="0" ci="2" mb="0" cb="0"/><line nr="1482" mi="3" ci="0" mb="0" cb="0"/><line nr="1486" mi="0" ci="2" mb="0" cb="2"/><line nr="1487" mi="0" ci="3" mb="0" cb="0"/><line nr="1489" mi="0" ci="3" mb="0" cb="0"/><line nr="1491" mi="0" ci="8" mb="0" cb="0"/><line nr="1492" mi="0" ci="4" mb="0" cb="0"/><line nr="1493" mi="4" ci="6" mb="3" cb="1"/><line nr="1494" mi="2" ci="3" mb="0" cb="0"/><line nr="1495" mi="0" ci="7" mb="0" cb="0"/><line nr="1496" mi="0" ci="4" mb="0" cb="0"/><line nr="1497" mi="0" ci="11" mb="0" cb="0"/><line nr="1511" mi="0" ci="6" mb="0" cb="0"/><line nr="1512" mi="9" ci="0" mb="2" cb="0"/><line nr="1513" mi="7" ci="2" mb="2" cb="0"/><line nr="1514" mi="0" ci="3" mb="1" cb="1"/><line nr="1515" mi="6" ci="0" mb="0" cb="0"/><line nr="1517" mi="0" ci="2" mb="0" cb="0"/><line nr="1533" mi="0" ci="6" mb="1" cb="3"/><line nr="1534" mi="0" ci="2" mb="0" cb="0"/><line nr="1537" mi="0" ci="2" mb="0" cb="0"/><line nr="1538" mi="0" ci="12" mb="0" cb="2"/><line nr="1540" mi="0" ci="9" mb="0" cb="0"/><line nr="1541" mi="0" ci="1" mb="0" cb="0"/><line nr="1542" mi="0" ci="12" mb="0" cb="0"/><line nr="1543" mi="0" ci="2" mb="0" cb="0"/><line nr="1545" mi="1" ci="2" mb="1" cb="1"/><line nr="1547" mi="0" ci="7" mb="1" cb="1"/><line nr="1548" mi="0" ci="4" mb="0" cb="0"/><line nr="1549" mi="0" ci="12" mb="0" cb="0"/><line nr="1551" mi="0" ci="2" mb="0" cb="0"/><line nr="1554" mi="0" ci="2" mb="1" cb="1"/><line nr="1555" mi="2" ci="0" mb="2" cb="0"/><line nr="1556" mi="4" ci="0" mb="0" cb="0"/><line nr="1558" mi="3" ci="0" mb="0" cb="0"/><line nr="1560" mi="0" ci="1" mb="0" cb="0"/><line nr="1561" mi="0" ci="1" mb="0" cb="0"/><line nr="1562" mi="0" ci="2" mb="0" cb="0"/><line nr="1582" mi="0" ci="4" mb="0" cb="0"/><line nr="1585" mi="0" ci="4" mb="0" cb="0"/><line nr="1586" mi="0" ci="8" mb="0" cb="0"/><line nr="1587" mi="0" ci="10" mb="0" cb="2"/><line nr="1588" mi="0" ci="11" mb="0" cb="0"/><line nr="1589" mi="0" ci="1" mb="0" cb="0"/><line nr="1592" mi="0" ci="11" mb="0" cb="2"/><line nr="1593" mi="0" ci="13" mb="0" cb="0"/><line nr="1594" mi="0" ci="12" mb="0" cb="2"/><line nr="1595" mi="0" ci="13" mb="0" cb="0"/><line nr="1596" mi="0" ci="1" mb="0" cb="0"/><line nr="1597" mi="0" ci="1" mb="0" cb="0"/><line nr="1598" mi="0" ci="2" mb="0" cb="0"/><line nr="1616" mi="0" ci="2" mb="0" cb="0"/><line nr="1617" mi="0" ci="10" mb="0" cb="2"/><line nr="1618" mi="0" ci="5" mb="0" cb="2"/><line nr="1619" mi="0" ci="3" mb="0" cb="0"/><line nr="1620" mi="0" ci="1" mb="0" cb="0"/><line nr="1622" mi="0" ci="1" mb="0" cb="0"/><line nr="1623" mi="0" ci="2" mb="0" cb="2"/><line nr="1624" mi="0" ci="15" mb="0" cb="0"/><line nr="1625" mi="0" ci="2" mb="0" cb="0"/><line nr="1627" mi="0" ci="2" mb="0" cb="0"/><line nr="1640" mi="0" ci="7" mb="2" cb="4"/><line nr="1641" mi="0" ci="2" mb="0" cb="0"/><line nr="1643" mi="0" ci="7" mb="0" cb="0"/><line nr="1644" mi="0" ci="9" mb="0" cb="0"/><line nr="1646" mi="0" ci="5" mb="0" cb="2"/><line nr="1647" mi="0" ci="11" mb="0" cb="2"/><line nr="1648" mi="0" ci="5" mb="0" cb="2"/><line nr="1649" mi="0" ci="9" mb="0" cb="0"/><line nr="1651" mi="0" ci="9" mb="0" cb="0"/><line nr="1652" mi="0" ci="9" mb="0" cb="0"/><line nr="1653" mi="0" ci="2" mb="0" cb="0"/><line nr="1666" mi="0" ci="7" mb="0" cb="0"/><line nr="1686" mi="0" ci="8" mb="0" cb="0"/><line nr="1690" mi="0" ci="7" mb="2" cb="2"/><line nr="1691" mi="3" ci="0" mb="2" cb="0"/><line nr="1692" mi="5" ci="0" mb="0" cb="0"/><line nr="1694" mi="5" ci="0" mb="0" cb="0"/><line nr="1695" mi="4" ci="0" mb="0" cb="0"/><line nr="1696" mi="3" ci="0" mb="0" cb="0"/><line nr="1697" mi="3" ci="0" mb="0" cb="0"/><line nr="1698" mi="5" ci="0" mb="0" cb="0"/><line nr="1699" mi="1" ci="0" mb="0" cb="0"/><line nr="1702" mi="0" ci="7" mb="1" cb="3"/><line nr="1704" mi="0" ci="4" mb="0" cb="0"/><line nr="1705" mi="0" ci="4" mb="0" cb="0"/><line nr="1706" mi="0" ci="4" mb="0" cb="0"/><line nr="1707" mi="0" ci="4" mb="0" cb="0"/><line nr="1709" mi="0" ci="9" mb="0" cb="0"/><line nr="1710" mi="0" ci="3" mb="0" cb="0"/><line nr="1711" mi="0" ci="9" mb="0" cb="0"/><line nr="1712" mi="0" ci="3" mb="0" cb="0"/><line nr="1713" mi="0" ci="9" mb="0" cb="0"/><line nr="1714" mi="0" ci="3" mb="0" cb="0"/><line nr="1715" mi="0" ci="5" mb="0" cb="0"/><line nr="1716" mi="0" ci="3" mb="0" cb="0"/><line nr="1717" mi="0" ci="3" mb="0" cb="0"/><line nr="1718" mi="0" ci="3" mb="0" cb="0"/><line nr="1719" mi="0" ci="3" mb="0" cb="0"/><line nr="1720" mi="0" ci="3" mb="0" cb="0"/><line nr="1721" mi="0" ci="3" mb="0" cb="0"/><line nr="1722" mi="0" ci="3" mb="0" cb="0"/><line nr="1723" mi="0" ci="3" mb="0" cb="0"/><line nr="1724" mi="1" ci="0" mb="0" cb="0"/><line nr="1725" mi="2" ci="0" mb="2" cb="0"/><line nr="1726" mi="4" ci="0" mb="0" cb="0"/><line nr="1728" mi="3" ci="0" mb="0" cb="0"/><line nr="1729" mi="0" ci="1" mb="0" cb="0"/><line nr="1730" mi="0" ci="4" mb="0" cb="0"/><line nr="1731" mi="0" ci="4" mb="0" cb="0"/><line nr="1732" mi="0" ci="4" mb="0" cb="0"/><line nr="1733" mi="0" ci="4" mb="0" cb="0"/><line nr="1734" mi="0" ci="4" mb="0" cb="0"/><line nr="1736" mi="0" ci="3" mb="1" cb="1"/><line nr="1737" mi="0" ci="4" mb="0" cb="0"/><line nr="1738" mi="0" ci="11" mb="0" cb="2"/><line nr="1740" mi="0" ci="4" mb="0" cb="0"/><line nr="1741" mi="0" ci="6" mb="0" cb="0"/><line nr="1742" mi="0" ci="3" mb="1" cb="1"/><line nr="1743" mi="5" ci="0" mb="0" cb="0"/><line nr="1746" mi="0" ci="10" mb="0" cb="0"/><line nr="1747" mi="1" ci="0" mb="0" cb="0"/><line nr="1748" mi="2" ci="0" mb="2" cb="0"/><line nr="1749" mi="4" ci="0" mb="0" cb="0"/><line nr="1751" mi="3" ci="0" mb="0" cb="0"/><line nr="1752" mi="4" ci="0" mb="0" cb="0"/><line nr="1753" mi="0" ci="1" mb="0" cb="0"/><line nr="1755" mi="0" ci="4" mb="0" cb="0"/><line nr="1756" mi="0" ci="4" mb="0" cb="0"/><line nr="1757" mi="0" ci="4" mb="0" cb="0"/><line nr="1758" mi="0" ci="4" mb="0" cb="0"/><line nr="1759" mi="0" ci="4" mb="0" cb="0"/><line nr="1760" mi="0" ci="4" mb="0" cb="0"/><line nr="1761" mi="0" ci="4" mb="0" cb="0"/><line nr="1762" mi="0" ci="4" mb="0" cb="0"/><line nr="1763" mi="0" ci="4" mb="0" cb="0"/><line nr="1764" mi="0" ci="4" mb="0" cb="0"/><line nr="1765" mi="0" ci="4" mb="0" cb="0"/><line nr="1766" mi="0" ci="2" mb="0" cb="0"/><line nr="1768" mi="3" ci="0" mb="0" cb="0"/><line nr="1772" mi="0" ci="4" mb="0" cb="0"/><line nr="1773" mi="0" ci="10" mb="0" cb="2"/><line nr="1774" mi="0" ci="6" mb="0" cb="0"/><line nr="1775" mi="0" ci="4" mb="0" cb="0"/><line nr="1776" mi="0" ci="16" mb="0" cb="2"/><line nr="1777" mi="0" ci="8" mb="0" cb="0"/><line nr="1778" mi="0" ci="3" mb="1" cb="1"/><line nr="1779" mi="0" ci="6" mb="0" cb="0"/><line nr="1782" mi="0" ci="1" mb="0" cb="0"/><line nr="1783" mi="0" ci="2" mb="0" cb="0"/><line nr="1798" mi="0" ci="7" mb="0" cb="0"/><line nr="1819" mi="0" ci="11" mb="0" cb="0"/><line nr="1820" mi="0" ci="6" mb="0" cb="0"/><line nr="1821" mi="0" ci="12" mb="0" cb="0"/><line nr="1823" mi="0" ci="11" mb="1" cb="1"/><line nr="1825" mi="0" ci="10" mb="0" cb="0"/><line nr="1826" mi="0" ci="15" mb="0" cb="0"/><line nr="1827" mi="0" ci="12" mb="0" cb="0"/><line nr="1829" mi="0" ci="7" mb="0" cb="2"/><line nr="1830" mi="0" ci="6" mb="1" cb="1"/><line nr="1831" mi="0" ci="5" mb="1" cb="1"/><line nr="1833" mi="0" ci="8" mb="0" cb="0"/><line nr="1834" mi="0" ci="12" mb="0" cb="0"/><line nr="1835" mi="0" ci="11" mb="0" cb="0"/><line nr="1837" mi="0" ci="4" mb="0" cb="0"/><line nr="1838" mi="0" ci="20" mb="0" cb="0"/><line nr="1839" mi="0" ci="4" mb="0" cb="0"/><line nr="1840" mi="0" ci="4" mb="0" cb="0"/><line nr="1841" mi="0" ci="4" mb="0" cb="0"/><line nr="1842" mi="0" ci="3" mb="0" cb="0"/><line nr="1843" mi="0" ci="3" mb="0" cb="0"/><line nr="1844" mi="0" ci="4" mb="0" cb="0"/><line nr="1845" mi="0" ci="4" mb="0" cb="0"/><line nr="1846" mi="0" ci="2" mb="0" cb="0"/><line nr="1847" mi="0" ci="2" mb="0" cb="0"/><line nr="1848" mi="0" ci="1" mb="0" cb="0"/><line nr="1849" mi="0" ci="3" mb="0" cb="0"/><line nr="1850" mi="0" ci="8" mb="0" cb="0"/><line nr="1851" mi="0" ci="8" mb="0" cb="0"/><line nr="1853" mi="0" ci="8" mb="0" cb="0"/><line nr="1854" mi="0" ci="8" mb="0" cb="0"/><line nr="1855" mi="0" ci="3" mb="0" cb="0"/><line nr="1858" mi="0" ci="6" mb="0" cb="0"/><line nr="1859" mi="0" ci="6" mb="0" cb="0"/><line nr="1860" mi="1" ci="0" mb="0" cb="0"/><line nr="1861" mi="5" ci="0" mb="0" cb="0"/><line nr="1862" mi="7" ci="0" mb="0" cb="0"/><line nr="1863" mi="0" ci="1" mb="0" cb="0"/><line nr="1864" mi="0" ci="3" mb="0" cb="0"/><line nr="1866" mi="0" ci="16" mb="0" cb="0"/><line nr="1867" mi="0" ci="4" mb="0" cb="0"/><line nr="1868" mi="0" ci="3" mb="0" cb="0"/><line nr="1869" mi="0" ci="3" mb="1" cb="1"/><line nr="1870" mi="7" ci="0" mb="0" cb="0"/><line nr="1872" mi="4" ci="7" mb="1" cb="1"/><line nr="1873" mi="4" ci="0" mb="0" cb="0"/><line nr="1874" mi="3" ci="0" mb="2" cb="0"/><line nr="1875" mi="5" ci="0" mb="0" cb="0"/><line nr="1877" mi="3" ci="0" mb="2" cb="0"/><line nr="1878" mi="7" ci="0" mb="0" cb="0"/><line nr="1880" mi="3" ci="0" mb="2" cb="0"/><line nr="1881" mi="5" ci="0" mb="0" cb="0"/><line nr="1882" mi="5" ci="0" mb="2" cb="0"/><line nr="1883" mi="15" ci="0" mb="0" cb="0"/><line nr="1885" mi="1" ci="0" mb="0" cb="0"/><line nr="1886" mi="0" ci="3" mb="0" cb="0"/><line nr="1887" mi="0" ci="2" mb="0" cb="0"/><line nr="1889" mi="0" ci="1" mb="0" cb="0"/><line nr="1890" mi="2" ci="0" mb="0" cb="0"/><line nr="1894" mi="0" ci="7" mb="0" cb="0"/><line nr="1896" mi="0" ci="3" mb="0" cb="2"/><line nr="1897" mi="0" ci="4" mb="0" cb="0"/><line nr="1898" mi="0" ci="6" mb="0" cb="0"/><line nr="1899" mi="0" ci="4" mb="0" cb="2"/><line nr="1900" mi="0" ci="4" mb="0" cb="0"/><line nr="1901" mi="0" ci="7" mb="0" cb="0"/><line nr="1903" mi="0" ci="5" mb="0" cb="0"/><line nr="1919" mi="0" ci="3" mb="1" cb="1"/><line nr="1920" mi="2" ci="0" mb="0" cb="0"/><line nr="1922" mi="0" ci="7" mb="0" cb="0"/><line nr="1934" mi="0" ci="7" mb="0" cb="0"/><line nr="1935" mi="0" ci="4" mb="0" cb="0"/><line nr="1936" mi="0" ci="3" mb="0" cb="0"/><line nr="1937" mi="0" ci="2" mb="0" cb="0"/><line nr="1949" mi="0" ci="2" mb="0" cb="0"/><line nr="1950" mi="0" ci="3" mb="0" cb="0"/><line nr="1951" mi="0" ci="2" mb="0" cb="0"/><line nr="1952" mi="0" ci="3" mb="1" cb="1"/><line nr="1953" mi="0" ci="4" mb="0" cb="0"/><line nr="1955" mi="0" ci="3" mb="1" cb="1"/><line nr="1956" mi="5" ci="0" mb="0" cb="0"/><line nr="1959" mi="0" ci="2" mb="0" cb="0"/><line nr="1960" mi="0" ci="1" mb="0" cb="0"/><line nr="1961" mi="0" ci="5" mb="0" cb="0"/><line nr="1962" mi="0" ci="1" mb="0" cb="0"/><line nr="1963" mi="0" ci="5" mb="1" cb="3"/><line nr="1965" mi="0" ci="5" mb="0" cb="0"/><line nr="1966" mi="0" ci="2" mb="1" cb="1"/><line nr="1969" mi="8" ci="0" mb="0" cb="0"/><line nr="1972" mi="0" ci="3" mb="0" cb="0"/><line nr="1973" mi="0" ci="11" mb="0" cb="2"/><line nr="1974" mi="0" ci="13" mb="0" cb="0"/><line nr="1975" mi="0" ci="1" mb="0" cb="0"/><line nr="1976" mi="1" ci="0" mb="0" cb="0"/><line nr="1977" mi="2" ci="0" mb="2" cb="0"/><line nr="1978" mi="6" ci="0" mb="0" cb="0"/><line nr="1980" mi="3" ci="0" mb="0" cb="0"/><line nr="1982" mi="3" ci="0" mb="2" cb="0"/><line nr="1983" mi="6" ci="0" mb="0" cb="0"/><line nr="1985" mi="5" ci="0" mb="0" cb="0"/><line nr="1987" mi="0" ci="1" mb="0" cb="0"/><line nr="1988" mi="0" ci="6" mb="0" cb="0"/><line nr="1989" mi="0" ci="4" mb="0" cb="0"/><line nr="1990" mi="0" ci="5" mb="1" cb="3"/><line nr="1991" mi="0" ci="6" mb="0" cb="0"/><line nr="1994" mi="1" ci="0" mb="0" cb="0"/><line nr="1995" mi="4" ci="0" mb="2" cb="0"/><line nr="1996" mi="5" ci="0" mb="0" cb="0"/><line nr="1998" mi="2" ci="0" mb="0" cb="0"/><line nr="1999" mi="3" ci="0" mb="2" cb="0"/><line nr="2000" mi="6" ci="0" mb="0" cb="0"/><line nr="2002" mi="5" ci="0" mb="0" cb="0"/><line nr="2004" mi="0" ci="3" mb="0" cb="0"/><line nr="2006" mi="0" ci="1" mb="0" cb="0"/><line nr="2019" mi="0" ci="2" mb="0" cb="0"/><line nr="2020" mi="0" ci="2" mb="1" cb="1"/><line nr="2021" mi="0" ci="3" mb="0" cb="0"/><line nr="2023" mi="6" ci="0" mb="0" cb="0"/><line nr="2024" mi="3" ci="0" mb="2" cb="0"/><line nr="2025" mi="3" ci="0" mb="0" cb="0"/><line nr="2028" mi="0" ci="3" mb="1" cb="1"/><line nr="2029" mi="11" ci="0" mb="0" cb="0"/><line nr="2030" mi="3" ci="0" mb="2" cb="0"/><line nr="2031" mi="6" ci="0" mb="0" cb="0"/><line nr="2033" mi="4" ci="0" mb="0" cb="0"/><line nr="2034" mi="4" ci="0" mb="2" cb="0"/><line nr="2035" mi="4" ci="0" mb="0" cb="0"/><line nr="2037" mi="1" ci="0" mb="0" cb="0"/><line nr="2038" mi="0" ci="11" mb="0" cb="0"/><line nr="2039" mi="0" ci="4" mb="1" cb="1"/><line nr="2040" mi="5" ci="0" mb="0" cb="0"/><line nr="2043" mi="0" ci="2" mb="0" cb="0"/><line nr="2073" mi="3" ci="0" mb="0" cb="0"/><line nr="2083" mi="0" ci="3" mb="0" cb="0"/><line nr="2084" mi="0" ci="1" mb="0" cb="0"/><line nr="2092" mi="3" ci="0" mb="0" cb="0"/><line nr="2103" mi="0" ci="2" mb="0" cb="0"/><line nr="2113" mi="0" ci="3" mb="0" cb="0"/><line nr="2114" mi="8" ci="4" mb="5" cb="1"/><line nr="2115" mi="0" ci="2" mb="0" cb="0"/><line nr="2116" mi="4" ci="0" mb="2" cb="0"/><line nr="2117" mi="2" ci="0" mb="0" cb="0"/><line nr="2118" mi="4" ci="0" mb="2" cb="0"/><line nr="2119" mi="2" ci="0" mb="0" cb="0"/><line nr="2120" mi="4" ci="0" mb="2" cb="0"/><line nr="2121" mi="2" ci="0" mb="0" cb="0"/><line nr="2122" mi="4" ci="0" mb="2" cb="0"/><line nr="2123" mi="2" ci="0" mb="0" cb="0"/><line nr="2124" mi="4" ci="0" mb="2" cb="0"/><line nr="2125" mi="2" ci="0" mb="0" cb="0"/><line nr="2126" mi="4" ci="0" mb="2" cb="0"/><line nr="2127" mi="2" ci="0" mb="0" cb="0"/><line nr="2129" mi="4" ci="0" mb="0" cb="0"/><line nr="2130" mi="2" ci="0" mb="0" cb="0"/><line nr="2141" mi="0" ci="2" mb="0" cb="0"/><line nr="2156" mi="0" ci="2" mb="0" cb="0"/><line nr="2158" mi="0" ci="4" mb="0" cb="0"/><line nr="2159" mi="1" ci="0" mb="0" cb="0"/><line nr="2160" mi="3" ci="0" mb="2" cb="0"/><line nr="2161" mi="7" ci="0" mb="0" cb="0"/><line nr="2163" mi="7" ci="0" mb="0" cb="0"/><line nr="2165" mi="0" ci="1" mb="0" cb="0"/><line nr="2166" mi="0" ci="6" mb="0" cb="0"/><line nr="2176" mi="0" ci="5" mb="0" cb="0"/><line nr="2177" mi="0" ci="2" mb="0" cb="0"/><line nr="2179" mi="0" ci="6" mb="0" cb="0"/><line nr="2180" mi="0" ci="4" mb="0" cb="0"/><line nr="2181" mi="1" ci="0" mb="0" cb="0"/><line nr="2182" mi="4" ci="0" mb="0" cb="0"/><line nr="2183" mi="4" ci="0" mb="2" cb="0"/><line nr="2184" mi="5" ci="0" mb="0" cb="0"/><line nr="2187" mi="0" ci="2" mb="1" cb="1"/><line nr="2189" mi="0" ci="2" mb="0" cb="0"/><line nr="2190" mi="1" ci="0" mb="0" cb="0"/><line nr="2191" mi="4" ci="0" mb="2" cb="0"/><line nr="2192" mi="5" ci="0" mb="0" cb="0"/><line nr="2194" mi="0" ci="1" mb="0" cb="0"/><line nr="2197" mi="0" ci="7" mb="0" cb="0"/><line nr="2198" mi="0" ci="6" mb="0" cb="0"/><line nr="2199" mi="0" ci="6" mb="0" cb="0"/><line nr="2200" mi="0" ci="6" mb="0" cb="0"/><line nr="2201" mi="0" ci="6" mb="0" cb="0"/><line nr="2202" mi="0" ci="6" mb="0" cb="0"/><line nr="2203" mi="0" ci="6" mb="0" cb="0"/><line nr="2204" mi="0" ci="6" mb="0" cb="0"/><line nr="2205" mi="0" ci="6" mb
[...]
 nr="2962" mi="4" ci="0" mb="0" cb="0"/><line nr="2964" mi="3" ci="0" mb="0" cb="0"/><line nr="2965" mi="7" ci="0" mb="0" cb="0"/><line nr="2966" mi="1" ci="0" mb="0" cb="0"/><line nr="2967" mi="2" ci="0" mb="0" cb="0"/><counter type="INSTRUCTION" missed="1872" covered="2674"/><counter type="BRANCH" missed="316" covered="172"/><counter type="LINE" missed="416" covered="537"/><counter type="COMPLEXITY" missed="225" covered="82"/><counter type="METHOD" missed="19" covered="44"/><counter type="CLASS" missed="0" covered="1"/></sourcefile><sourcefile name="FilteringDependencyTransitiveNodeVisitor.java"><line nr="50" mi="0" ci="2" mb="0" cb="0"/><line nr="51" mi="0" ci="3" mb="0" cb="0"/><line nr="52" mi="0" ci="3" mb="0" cb="0"/><line nr="53" mi="0" ci="1" mb="0" cb="0"/><line nr="62" mi="0" ci="5" mb="1" cb="1"/><line nr="63" mi="0" ci="6" mb="0" cb="0"/><line nr="65" mi="2" ci="0" mb="0" cb="0"/><line nr="68" mi="0" ci="2" mb="0" cb="0"/><line nr="78" mi="0" ci="5" mb="1" cb="1"/><line nr="79" mi="0" ci="6" mb="0" cb="0"/><line nr="81" mi="2" ci="0" mb="0" cb="0"/><line nr="84" mi="0" ci="2" mb="0" cb="0"/><line nr="93" mi="3" ci="0" mb="0" cb="0"/><line nr="103" mi="3" ci="0" mb="0" cb="0"/><counter type="INSTRUCTION" missed="10" covered="35"/><counter type="BRANCH" missed="2" covered="2"/><counter type="LINE" missed="4" covered="10"/><counter type="COMPLEXITY" missed="4" covered="3"/><counter type="METHOD" missed="2" covered="3"/><counter type="CLASS" missed="0" covered="1"/></sourcefile><sourcefile name="ArtifactTypeExcluded.java"><line nr="42" mi="0" ci="2" mb="0" cb="0"/><line nr="43" mi="0" ci="3" mb="0" cb="0"/><line nr="44" mi="0" ci="1" mb="0" cb="0"/><line nr="52" mi="0" ci="16" mb="0" cb="6"/><counter type="INSTRUCTION" missed="0" covered="22"/><counter type="BRANCH" missed="0" covered="6"/><counter type="LINE" missed="0" covered="4"/><counter type="COMPLEXITY" missed="0" covered="5"/><counter type="METHOD" missed="0" covered="2"/><counter type="CLASS" missed="0" covered="1"/></sourcefile><sourcefile name="Mshared998Util.java"><line nr="45" mi="0" ci="3" mb="0" cb="0"/><line nr="46" mi="0" ci="4" mb="0" cb="0"/><line nr="47" mi="0" ci="2" mb="1" cb="1"/><line nr="48" mi="0" ci="11" mb="0" cb="2"/><line nr="49" mi="0" ci="7" mb="0" cb="0"/><line nr="50" mi="0" ci="1" mb="0" cb="0"/><line nr="52" mi="0" ci="2" mb="0" cb="0"/><line nr="75" mi="0" ci="2" mb="0" cb="0"/><line nr="76" mi="0" ci="3" mb="0" cb="0"/><line nr="77" mi="0" ci="1" mb="0" cb="0"/><line nr="81" mi="0" ci="5" mb="0" cb="0"/><counter type="INSTRUCTION" missed="0" covered="41"/><counter type="BRANCH" missed="1" covered="3"/><counter type="LINE" missed="0" covered="11"/><counter type="COMPLEXITY" missed="1" covered="4"/><counter type="METHOD" missed="0" covered="3"/><counter type="CLASS" missed="0" covered="2"/></sourcefile><sourcefile name="CheckMojo.java"><line nr="43" mi="0" ci="2" mb="0" cb="0"/><line nr="48" mi="0" ci="4" mb="0" cb="0"/><line nr="60" mi="0" ci="2" mb="0" cb="0"/><line nr="61" mi="0" ci="2" mb="0" cb="0"/><line nr="62" mi="0" ci="12" mb="1" cb="1"/><line nr="63" mi="0" ci="6" mb="1" cb="1"/><line nr="64" mi="0" ci="2" mb="0" cb="0"/><line nr="65" mi="0" ci="1" mb="0" cb="0"/><line nr="67" mi="1" ci="0" mb="0" cb="0"/><line nr="68" mi="0" ci="2" mb="0" cb="0"/><line nr="79" mi="0" ci="3" mb="0" cb="0"/><line nr="91" mi="0" ci="2" mb="0" cb="0"/><line nr="104" mi="0" ci="6" mb="0" cb="0"/><line nr="118" mi="7" ci="0" mb="0" cb="0"/><line nr="119" mi="2" ci="0" mb="0" cb="0"/><counter type="INSTRUCTION" missed="10" covered="44"/><counter type="BRANCH" missed="2" covered="2"/><counter type="LINE" missed="3" covered="12"/><counter type="COMPLEXITY" missed="3" covered="5"/><counter type="METHOD" missed="1" covered="5"/><counter type="CLASS" missed="0" covered="1"/></sourcefile><sourcefile name="UpdateMojo.java"><line nr="47" mi="0" ci="3" mb="0" cb="0"/><line nr="56" mi="2" ci="0" mb="0" cb="0"/><line nr="70" mi="0" ci="3" mb="0" cb="0"/><line nr="72" mi="0" ci="5" mb="1" cb="1"/><line nr="73" mi="5" ci="0" mb="0" cb="0"/><line nr="75" mi="1" ci="0" mb="0" cb="0"/><line nr="76" mi="5" ci="0" mb="0" cb="0"/><line nr="77" mi="0" ci="1" mb="0" cb="0"/><line nr="78" mi="0" ci="3" mb="0" cb="0"/><line nr="79" mi="1" ci="0" mb="0" cb="0"/><line nr="80" mi="4" ci="0" mb="2" cb="0"/><line nr="81" mi="5" ci="0" mb="0" cb="0"/><line nr="83" mi="2" ci="0" mb="0" cb="0"/><line nr="84" mi="3" ci="0" mb="2" cb="0"/><line nr="85" mi="6" ci="0" mb="0" cb="0"/><line nr="87" mi="4" ci="0" mb="0" cb="0"/><line nr="88" mi="1" ci="0" mb="0" cb="0"/><line nr="89" mi="2" ci="0" mb="0" cb="0"/><line nr="90" mi="3" ci="0" mb="2" cb="0"/><line nr="91" mi="6" ci="0" mb="0" cb="0"/><line nr="93" mi="4" ci="0" mb="0" cb="0"/><line nr="95" mi="0" ci="3" mb="0" cb="0"/><line nr="97" mi="0" ci="1" mb="0" cb="0"/><line nr="107" mi="2" ci="0" mb="0" cb="0"/><line nr="119" mi="2" ci="0" mb="0" cb="0"/><line nr="132" mi="5" ci="0" mb="0" cb="0"/><line nr="146" mi="5" ci="0" mb="0" cb="0"/><counter type="INSTRUCTION" missed="68" covered="19"/><counter type="BRANCH" missed="7" covered="1"/><counter type="LINE" missed="20" covered="7"/><counter type="COMPLEXITY" missed="9" covered="2"/><counter type="METHOD" missed="5" covered="2"/><counter type="CLASS" missed="0" covered="1"/></sourcefile><sourcefile name="ProxyConfig.java"><line nr="25" mi="2" ci="0" mb="0" cb="0"/><line nr="34" mi="4" ci="0" mb="0" cb="0"/><line nr="47" mi="3" ci="0" mb="0" cb="0"/><line nr="56" mi="3" ci="0" mb="0" cb="0"/><line nr="57" mi="1" ci="0" mb="0" cb="0"/><line nr="65" mi="3" ci="0" mb="0" cb="0"/><line nr="74" mi="3" ci="0" mb="0" cb="0"/><line nr="75" mi="1" ci="0" mb="0" cb="0"/><line nr="83" mi="3" ci="0" mb="0" cb="0"/><line nr="92" mi="3" ci="0" mb="0" cb="0"/><line nr="93" mi="1" ci="0" mb="0" cb="0"/><counter type="INSTRUCTION" missed="27" covered="0"/><counter type="LINE" missed="11" covered="0"/><counter type="COMPLEXITY" missed="7" covered="0"/><counter type="METHOD" missed="7" covered="0"/><counter type="CLASS" missed="1" covered="0"/></sourcefile><counter type="INSTRUCTION" missed="2220" covered="3311"/><counter type="BRANCH" missed="377" covered="257"/><counter type="LINE" missed="504" covered="679"/><counter type="COMPLEXITY" missed="296" covered="143"/><counter type="METHOD" missed="46" covered="76"/><counter type="CLASS" missed="2" covered="11"/></package><package name="org/owasp/dependency_check_maven"><class name="org/owasp/dependency_check_maven/HelpMojo" sourcefilename="HelpMojo.java"><method name="&lt;init&gt;" desc="()V" line="28"><counter type="INSTRUCTION" missed="3" covered="0"/><counter type="LINE" missed="1" covered="0"/><counter type="COMPLEXITY" missed="1" covered="0"/><counter type="METHOD" missed="1" covered="0"/></method><method name="build" desc="()Lorg/w3c/dom/Document;" line="68"><counter type="INSTRUCTION" missed="51" covered="0"/><counter type="BRANCH" missed="2" covered="0"/><counter type="LINE" missed="13" covered="0"/><counter type="COMPLEXITY" missed="2" covered="0"/><counter type="METHOD" missed="1" covered="0"/></method><method name="execute" desc="()V" line="100"><counter type="INSTRUCTION" missed="154" covered="0"/><counter type="BRANCH" missed="20" covered="0"/><counter type="LINE" missed="31" covered="0"/><counter type="COMPLEXITY" missed="11" covered="0"/><counter type="METHOD" missed="1" covered="0"/></method><method name="isNotEmpty" desc="(Ljava/lang/String;)Z" line="165"><counter type="INSTRUCTION" missed="9" covered="0"/><counter type="BRANCH" missed="4" covered="0"/><counter type="LINE" missed="1" covered="0"/><counter type="COMPLEXITY" missed="3" covered="0"/><counter type="METHOD" missed="1" covered="0"/></method><method name="getValue" desc="(Lorg/w3c/dom/Node;Ljava/lang/String;)Ljava/lang/String;" line="171"><counter type="INSTRUCTION" missed="5" covered="0"/><counter type="LINE" missed="1" covered="0"/><counter type="COMPLEXITY" missed="1" covered="0"/><counter type="METHOD" missed="1" covered="0"/></method><method name="getSingleChild" desc="(Lorg/w3c/dom/Node;Ljava/lang/String;)Lorg/w3c/dom/Node;" line="177"><counter type="INSTRUCTION" missed="28" covered="0"/><counter type="BRANCH" missed="4" covered="0"/><counter type="LINE" missed="6" covered="0"/><counter type="COMPLEXITY" missed="3" covered="0"/><counter type="METHOD" missed="1" covered="0"/></method><method name="findNamedChild" desc="(Lorg/w3c/dom/Node;Ljava/lang/String;)Ljava/util/List;" line="191"><counter type="INSTRUCTION" missed="30" covered="0"/><counter type="BRANCH" missed="4" covered="0"/><counter type="LINE" missed="7" covered="0"/><counter type="COMPLEXITY" missed="3" covered="0"/><counter type="METHOD" missed="1" covered="0"/></method><method name="findSingleChild" desc="(Lorg/w3c/dom/Node;Ljava/lang/String;)Lorg/w3c/dom/Node;" line="207"><counter type="INSTRUCTION" missed="24" covered="0"/><counter type="BRANCH" missed="4" covered="0"/><counter type="LINE" missed="6" covered="0"/><counter type="COMPLEXITY" missed="3" covered="0"/><counter type="METHOD" missed="1" covered="0"/></method><method name="writeGoal" desc="(Ljava/lang/StringBuilder;Ljava/lang/String;Lorg/w3c/dom/Element;)V" line="222"><counter type="INSTRUCTION" missed="116" covered="0"/><counter type="BRANCH" missed="20" covered="0"/><counter type="LINE" missed="23" covered="0"/><counter type="COMPLEXITY" missed="11" covered="0"/><counter type="METHOD" missed="1" covered="0"/></method><method name="writeParameter" desc="(Ljava/lang/StringBuilder;Lorg/w3c/dom/Node;Lorg/w3c/dom/Node;)V" line="262"><counter type="INSTRUCTION" missed="100" covered="0"/><counter type="BRANCH" missed="18" covered="0"/><counter type="LINE" missed="22" covered="0"/><counter type="COMPLEXITY" missed="10" covered="0"/><counter type="METHOD" missed="1" covered="0"/></method><method name="repeat" desc="(Ljava/lang/String;I)Ljava/lang/String;" line="310"><counter type="INSTRUCTION" missed="22" covered="0"/><counter type="BRANCH" missed="2" covered="0"/><counter type="LINE" missed="4" covered="0"/><counter type="COMPLEXITY" missed="2" covered="0"/><counter type="METHOD" missed="1" covered="0"/></method><method name="append" desc="(Ljava/lang/StringBuilder;Ljava/lang/String;I)V" line="330"><counter type="INSTRUCTION" missed="24" covered="0"/><counter type="BRANCH" missed="2" covered="0"/><counter type="LINE" missed="4" covered="0"/><counter type="COMPLEXITY" missed="2" covered="0"/><counter type="METHOD" missed="1" covered="0"/></method><method name="toLines" desc="(Ljava/lang/String;III)Ljava/util/List;" line="348"><counter type="INSTRUCTION" missed="37" covered="0"/><counter type="BRANCH" missed="2" covered="0"/><counter type="LINE" missed="6" covered="0"/><counter type="COMPLEXITY" missed="2" covered="0"/><counter type="METHOD" missed="1" covered="0"/></method><method name="toLines" desc="(Ljava/util/List;Ljava/lang/String;II)V" line="372"><counter type="INSTRUCTION" missed="104" covered="0"/><counter type="BRANCH" missed="12" covered="0"/><counter type="LINE" missed="19" covered="0"/><counter type="COMPLEXITY" missed="7" covered="0"/><counter type="METHOD" missed="1" covered="0"/></method><method name="getIndentLevel" desc="(Ljava/lang/String;)I" line="421"><counter type="INSTRUCTION" missed="40" covered="0"/><counter type="BRANCH" missed="10" covered="0"/><counter type="LINE" missed="8" covered="0"/><counter type="COMPLEXITY" missed="6" covered="0"/><counter type="METHOD" missed="1" covered="0"/></method><method name="getPropertyFromExpression" desc="(Ljava/lang/String;)Ljava/lang/String;" line="439"><counter type="INSTRUCTION" missed="26" covered="0"/><counter type="BRANCH" missed="8" covered="0"/><counter type="LINE" missed="4" covered="0"/><counter type="COMPLEXITY" missed="5" covered="0"/><counter type="METHOD" missed="1" covered="0"/></method><counter type="INSTRUCTION" missed="773" covered="0"/><counter type="BRANCH" missed="112" covered="0"/><counter type="LINE" missed="156" covered="0"/><counter type="COMPLEXITY" missed="72" covered="0"/><counter type="METHOD" missed="16" covered="0"/><counter type="CLASS" missed="1" covered="0"/></class><sourcefile name="HelpMojo.java"><line nr="28" mi="3" ci="0" mb="0" cb="0"/><line nr="68" mi="4" ci="0" mb="0" cb="0"/><line nr="69" mi="5" ci="0" mb="0" cb="0"/><line nr="71" mi="2" ci="0" mb="2" cb="0"/><line nr="73" mi="5" ci="0" mb="0" cb="0"/><line nr="75" mi="2" ci="0" mb="0" cb="0"/><line nr="76" mi="3" ci="0" mb="0" cb="0"/><line nr="77" mi="6" ci="0" mb="0" cb="0"/><line nr="79" mi="1" ci="0" mb="0" cb="0"/><line nr="81" mi="7" ci="0" mb="0" cb="0"/><line nr="83" mi="1" ci="0" mb="0" cb="0"/><line nr="85" mi="7" ci="0" mb="0" cb="0"/><line nr="87" mi="1" ci="0" mb="0" cb="0"/><line nr="89" mi="7" ci="0" mb="0" cb="0"/><line nr="100" mi="3" ci="0" mb="2" cb="0"/><line nr="102" mi="4" ci="0" mb="0" cb="0"/><line nr="103" mi="3" ci="0" mb="0" cb="0"/><line nr="105" mi="3" ci="0" mb="2" cb="0"/><line nr="107" mi="4" ci="0" mb="0" cb="0"/><line nr="108" mi="3" ci="0" mb="0" cb="0"/><line nr="111" mi="3" ci="0" mb="0" cb="0"/><line nr="113" mi="4" ci="0" mb="0" cb="0"/><line nr="114" mi="4" ci="0" mb="0" cb="0"/><line nr="117" mi="4" ci="0" mb="0" cb="0"/><line nr="118" mi="4" ci="0" mb="0" cb="0"/><line nr="119" mi="9" ci="0" mb="0" cb="0"/><line nr="120" mi="7" ci="0" mb="4" cb="0"/><line nr="122" mi="8" ci="0" mb="0" cb="0"/><line nr="126" mi="3" ci="0" mb="2" cb="0"/><line nr="128" mi="6" ci="0" mb="0" cb="0"/><line nr="132" mi="5" ci="0" mb="0" cb="0"/><line nr="135" mi="7" ci="0" mb="0" cb="0"/><line nr="136" mi="5" ci="0" mb="0" cb="0"/><line nr="139" mi="4" ci="0" mb="0" cb="0"/><line nr="141" mi="4" ci="0" mb="0" cb="0"/><line nr="143" mi="4" ci="0" mb="0" cb="0"/><line nr="145" mi="7" ci="0" mb="4" cb="0"/><line nr="147" mi="14" ci="0" mb="2" cb="0"/><line nr="148" mi="5" ci="0" mb="0" cb="0"/><line nr="151" mi="10" ci="0" mb="2" cb="0"/><line nr="153" mi="6" ci="0" mb="0" cb="0"/><line nr="154" mi="1" ci="0" mb="0" cb="0"/><line nr="156" mi="4" ci="0" mb="2" cb="0"/><line nr="158" mi="5" ci="0" mb="0" cb="0"/><line nr="160" mi="1" ci="0" mb="0" cb="0"/><line nr="165" mi="9" ci="0" mb="4" cb="0"/><line nr="171" mi="5" ci="0" mb="0" cb="0"/><line nr="177" mi="4" ci="0" mb="0" cb="0"/><line nr="178" mi="3" ci="0" mb="2" cb="0"/><line nr="180" mi="6" ci="0" mb="0" cb="0"/><line nr="182" mi="4" ci="0" mb="2" cb="0"/><line nr="184" mi="6" ci="0" mb="0" cb="0"/><line nr="186" mi="5" ci="0" mb="0" cb="0"/><line nr="191" mi="4" ci="0" mb="0" cb="0"/><line nr="192" mi="3" ci="0" mb="0" cb="0"/><line nr="193" mi="8" ci="0" mb="2" cb="0"/><line nr="195" mi="4" ci="0" mb="0" cb="0"/><line nr="196" mi="5" ci="0" mb="2" cb="0"/><line nr="198" mi="4" ci="0" mb="0" cb="0"/><line nr="201" mi="2" ci="0" mb="0" cb="0"/><line nr="207" mi="4" ci="0" mb="0" cb="0"/><line nr="208" mi="3" ci="0" mb="2" cb="0"/><line nr="210" mi="2" ci="0" mb="0" cb="0"/><line nr="212" mi="4" ci="0" mb="2" cb="0"/><line nr="214" mi="6" ci="0" mb="0" cb="0"/><line nr="216" mi="5" ci="0" mb="0" cb="0"/><line nr="222" mi="4" ci="0" mb="0" cb="0"/><line nr="223" mi="4" ci="0" mb="0" cb="0"/><line nr="224" mi="4" ci="0" mb="0" cb="0"/><line nr="225" mi="12" ci="0" mb="6" cb="0"/><line nr="227" mi="7" ci="0" mb="0" cb="0"/><line nr="228" mi="4" ci="0" mb="0" cb="0"/><line nr="229" mi="6" ci="0" mb="4" cb="0"/><line nr="231" mi="7" ci="0" mb="0" cb="0"/><line nr="232" mi="5" ci="0" mb="4" cb="0"/><line nr="234" mi="5" ci="0" mb="0" cb="0"/><line nr="235" mi="7" ci="0" mb="0" cb="0"/><line nr="238" mi="2" ci="0" mb="2" cb="0"/><line nr="240" mi="6" ci="0" mb="0" cb="0"/><line nr="242" mi="5" ci="0" mb="0" cb="0"/><line nr="244" mi="3" ci="0" mb="2" cb="0"/><line nr="246" mi="4" ci="0" mb="0" cb="0"/><line nr="247" mi="4" ci="0" mb="0" cb="0"/><line nr="248" mi="5" ci="0" mb="0" cb="0"/><line nr="249" mi="5" ci="0" mb="0" cb="0"/><line nr="251" mi="10" ci="0" mb="2" cb="0"/><line nr="253" mi="5" ci="0" mb="0" cb="0"/><line nr="254" mi="1" ci="0" mb="0" cb="0"/><line nr="257" mi="1" ci="0" mb="0" cb="0"/><line nr="262" mi="4" ci="0" mb="0" cb="0"/><line nr="263" mi="4" ci="0" mb="0" cb="0"/><line nr="265" mi="2" ci="0" mb="0" cb="0"/><line nr="266" mi="2" ci="0" mb="2" cb="0"/><line nr="268" mi="5" ci="0" mb="0" cb="0"/><line nr="271" mi="2" ci="0" mb="0" cb="0"/><line nr="272" mi="6" ci="0" mb="4" cb="0"/><line nr="274" mi="5" ci="0" mb="0" cb="0"/><line nr="276" mi="7" ci="0" mb="0" cb="0"/><line nr="277" mi="4" ci="0" mb="0" cb="0"/><line nr="278" mi="6" ci="0" mb="4" cb="0"/><line nr="280" mi="7" ci="0" mb="0" cb="0"/><line nr="281" mi="5" ci="0" mb="0" cb="0"/><line nr="283" mi="3" ci="0" mb="2" cb="0"/><line nr="284" mi="5" ci="0" mb="0" cb="0"/><line nr="286" mi="6" ci="0" mb="2" cb="0"/><line nr="288" mi="5" ci="0" mb="0" cb="0"/><line nr="290" mi="6" ci="0" mb="4" cb="0"/><line nr="292" mi="4" ci="0" mb="0" cb="0"/><line nr="293" mi="6" ci="0" mb="0" cb="0"/><line nr="296" mi="5" ci="0" mb="0" cb="0"/><line nr="297" mi="1" ci="0" mb="0" cb="0"/><line nr="310" mi="8" ci="0" mb="0" cb="0"/><line nr="312" mi="7" ci="0" mb="2" cb="0"/><line nr="314" mi="4" ci="0" mb="0" cb="0"/><line nr="317" mi="3" ci="0" mb="0" cb="0"/><line nr="330" mi="16" ci="0" mb="2" cb="0"/><line nr="332" mi="6" ci="0" mb="0" cb="0"/><line nr="333" mi="1" ci="0" mb="0" cb="0"/><line nr="334" mi="1" ci="0" mb="0" cb="0"/><line nr="348" mi="4" ci="0" mb="0" cb="0"/><line nr="350" mi="4" ci="0" mb="0" cb="0"/><line nr="352" mi="4" ci="0" mb="0" cb="0"/><line nr="354" mi="16" ci="0" mb="2" cb="0"/><line nr="356" mi="7" ci="0" mb="0" cb="0"/><line nr="359" mi="2" ci="0" mb="0" cb="0"/><line nr="372" mi="3" ci="0" mb="0" cb="0"/><line nr="373" mi="5" ci="0" mb="0" cb="0"/><line nr="375" mi="4" ci="0" mb="0" cb="0"/><line nr="377" mi="16" ci="0" mb="2" cb="0"/><line nr="379" mi="3" ci="0" mb="2" cb="0"/><line nr="381" mi="7" ci="0" mb="2" cb="0"/><line nr="383" mi="5" ci="0" mb="0" cb="0"/><line nr="384" mi="3" ci="0" mb="0" cb="0"/><line nr="385" mi="9" ci="0" mb="0" cb="0"/><line nr="389" mi="4" ci="0" mb="0" cb="0"/><line nr="393" mi="8" ci="0" mb="2" cb="0"/><line nr="395" mi="4" ci="0" mb="0" cb="0"/><line nr="396" mi="3" ci="0" mb="2" cb="0"/><line nr="398" mi="12" ci="0" mb="0" cb="0"/><line nr="400" mi="3" ci="0" mb="2" cb="0"/><line nr="402" mi="5" ci="0" mb="0" cb="0"/><line nr="406" mi="4" ci="0" mb="0" cb="0"/><line nr="410" mi="5" ci="0" mb="0" cb="0"/><line nr="411" mi="1" ci="0" mb="0" cb="0"/><line nr="421" mi="2" ci="0" mb="0" cb="0"/><line nr="422" mi="13" ci="0" mb="4" cb="0"/><line nr="424" mi="1" ci="0" mb="0" cb="0"/><line nr="426" mi="15" ci="0" mb="4" cb="0"/><line nr="428" mi="5" ci="0" mb="2" cb="0"/><line nr="430" mi="1" ci="0" mb="0" cb="0"/><line nr="431" mi="1" ci="0" mb="0" cb="0"/><line nr="434" mi="2" ci="0" mb="0" cb="0"/><line nr="439" mi="12" ci="0" mb="6" cb="0"/><line nr="440" mi="4" ci="0" mb="2" cb="0"/><line nr="443" mi="8" ci="0" mb="0" cb="0"/><line nr="446" mi="2" ci="0" mb="0" cb="0"/><counter type="INSTRUCTION" missed="773" covered="0"/><counter type="BRANCH" missed="112" covered="0"/><counter type="LINE" missed="156" covered="0"/><counter type="COMPLEXITY" missed="72" covered="0"/><counter type="METHOD" missed="16" covered="0"/><counter type="CLASS" missed="1" covered="0"/></sourcefile><counter type="INSTRUCTION" missed="773" covered="0"/><counter type="BRANCH" missed="112" covered="0"/><counter type="LINE" missed="156" covered="0"/><counter type="COMPLEXITY" missed="72" covered="0"/><counter type="METHOD" missed="16" covered="0"/><counter type="CLASS" missed="1" covered="0"/></package><counter type="INSTRUCTION" missed="2993" covered="3311"/><counter type="BRANCH" missed="489" covered="257"/><counter type="LINE" missed="660" covered="679"/><counter type="COMPLEXITY" missed="368" covered="143"/><counter type="METHOD" missed="62" covered="76"/><counter type="CLASS" missed="3" covered="11"/></report>