<?xml version="1.0" encoding="UTF-8" standalone="yes"?><!DOCTYPE report PUBLIC "-//JACOCO//DTD Report 1.1//EN" "report.dtd"><report name="Dependency-Check Command Line"><sessioninfo id="fv-az212-765-9b70234e" start="1623153864415" dump="1623153867247"/><package name="org/owasp/dependencycheck"><class name="org/owasp/dependencycheck/App" sourcefilename="App.java"><method name="main" desc="([Ljava/lang/String;)V" line="80"><counter type="INSTRUCTION" missed="16" covered="0"/><counter type="LINE" missed="5" covered="0"/><counter type="COMPLEXITY" missed="1" covered="0"/><counter type="METHOD" missed="1" covered="0"/></method><method name="&lt;init&gt;" desc="()V" line="89"><counter type="INSTRUCTION" missed="8" covered="0"/><counter type="LINE" missed="3" covered="0"/><counter type="COMPLEXITY" missed="1" covered="0"/><counter type="METHOD" missed="1" covered="0"/></method><method name="&lt;init&gt;" desc="(Lorg/owasp/dependencycheck/utils/Settings;)V" line="98"><counter type="INSTRUCTION" missed="0" covered="6"/><counter type="LINE" missed="0" covered="3"/><counter type="COMPLEXITY" missed="0" covered="1"/><counter type="METHOD" missed="0" covered="1"/></method><method name="run" desc="([Ljava/lang/String;)I" line="109"><counter type="INSTRUCTION" missed="257" covered="0"/><counter type="BRANCH" missed="22" covered="0"/><counter type="LINE" missed="87" covered="0"/><counter type="COMPLEXITY" missed="12" covered="0"/><counter type="METHOD" missed="1" covered="0"/></method><method name="runScan" desc="(Ljava/lang/String;[Ljava/lang/String;Ljava/lang/String;[Ljava/lang/String;[Ljava/lang/String;IF)I" line="244"><counter type="INSTRUCTION" missed="90" covered="0"/><counter type="BRANCH" missed="12" covered="0"/><counter type="LINE" missed="25" covered="0"/><counter type="COMPLEXITY" missed="7" covered="0"/><counter type="METHOD" missed="1" covered="0"/></method><method name="determineReturnCode" desc="(Lorg/owasp/dependencycheck/Engine;F)I" line="295"><counter type="INSTRUCTION" missed="67" covered="0"/><counter type="BRANCH" missed="18" covered="0"/><counter type="LINE" missed="10" covered="0"/><counter type="COMPLEXITY" missed="10" covered="0"/><counter type="METHOD" missed="1" covered="0"/></method><method name="scanAntStylePaths" desc="(Ljava/util/List;I[Ljava/lang/String;)Ljava/util/Set;" line="320"><counter type="INSTRUCTION" missed="187" covered="0"/><counter type="BRANCH" missed="20" covered="0"/><counter type="LINE" missed="34" covered="0"/><counter type="COMPLEXITY" missed="11" covered="0"/><counter type="METHOD" missed="1" covered="0"/></method><method name="getPaths" desc="([Ljava/lang/String;)Ljava/util/List;" line="371"><counter type="INSTRUCTION" missed="30" covered="0"/><counter type="BRANCH" missed="2" covered="0"/><counter type="LINE" missed="5" covered="0"/><counter type="COMPLEXITY" missed="2" covered="0"/><counter type="METHOD" missed="1" covered="0"/></method><method name="runUpdateOnly" desc="()V" line="387"><counter type="INSTRUCTION" missed="11" covered="0"/><counter type="LINE" missed="3" covered="0"/><counter type="COMPLEXITY" missed="1" covered="0"/><counter type="METHOD" missed="1" covered="0"/></method><method name="populateSettings" desc="(Lorg/owasp/dependencycheck/CliParser;)V" line="401"><counter type="INSTRUCTION" missed="83" covered="732"/><counter type="BRANCH" missed="15" covered="55"/><counter type="LINE" missed="11" covered="167"/><counter type="COMPLEXITY" missed="15" covered="21"/><counter type="METHOD" missed="0" covered="1"/></method><method name="prepareLogger" desc="(Ljava/lang/String;)V" line="593"><counter type="INSTRUCTION" missed="88" covered="0"/><counter type="BRANCH" missed="2" covered="0"/><counter type="LINE" missed="27" covered="0"/><counter type="COMPLEXITY" missed="2" covered="0"/><counter type="METHOD" missed="1" covered="0"/></method><method name="ensureCanonicalPath" desc="(Ljava/lang/String;)Ljava/lang/String;" line="634"><counter type="INSTRUCTION" missed="11" covered="57"/><counter type="BRANCH" missed="2" covered="6"/><counter type="LINE" missed="4" covered="16"/><counter type="COMPLEXITY" missed="2" covered="3"/><counter type="METHOD" missed="0" covered="1"/></method><method name="getLastFileSeparator" desc="(Ljava/lang/String;)I" line="669"><counter type="INSTRUCTION" missed="13" covered="35"/><counter type="BRANCH" missed="6" covered="4"/><counter type="LINE" missed="1" covered="8"/><counter type="COMPLEXITY" missed="5" covered="1"/><counter type="METHOD" missed="0" covered="1"/></method><method name="lambda$prepareLogger$0" desc="(Lch/qos/logback/classic/filter/ThresholdFilter;Lch/qos/logback/core/Appender;)V" line="619"><counter type="INSTRUCTION" missed="4" covered="0"/><counter type="LINE" missed="1" covered="0"/><counter type="COMPLEXITY" missed="1" covered="0"/><counter type="METHOD" missed="1" covered="0"/></method><method name="&lt;clinit&gt;" desc="()V" line="62"><counter type="INSTRUCTION" missed="0" covered="4"/><counter type="LINE" missed="0" covered="1"/><counter type="COMPLEXITY" missed="0" covered="1"/><counter type="METHOD" missed="0" covered="1"/></method><counter type="INSTRUCTION" missed="865" covered="834"/><counter type="BRANCH" missed="99" covered="65"/><counter type="LINE" missed="215" covered="195"/><counter type="COMPLEXITY" missed="70" covered="27"/><counter type="METHOD" missed="10" covered="5"/><counter type="CLASS" missed="0" covered="1"/></class><class name="org/owasp/dependencycheck/CliParser$ARGUMENT" sourcefilename="CliParser.java"><method name="&lt;init&gt;" desc="()V" line="921"><counter type="INSTRUCTION" missed="3" covered="0"/><counter type="LINE" missed="1" covered="0"/><counter type="COMPLEXITY" missed="1" covered="0"/><counter type="METHOD" missed="1" covered="0"/></method><counter type="INSTRUCTION" missed="3" covered="0"/><counter type="LINE" missed="1" covered="0"/><counter type="COMPLEXITY" missed="1" covered="0"/><counter type="METHOD" missed="1" covered="0"/><counter type="CLASS" missed="1" covered="0"/></class><class name="org/owasp/dependencycheck/CliParser" sourcefilename="CliParser.java"><method name="&lt;init&gt;" desc="(Lorg/owasp/dependencycheck/utils/Settings;)V" line="59"><counter type="INSTRUCTION" missed="0" covered="9"/><counter type="LINE" missed="0" covered="4"/><counter type="COMPLEXITY" missed="0" covered="1"/><counter type="METHOD" missed="0" covered="1"/></method><method name="parse" desc="([Ljava/lang/String;)V" line="87"><counter type="INSTRUCTION" missed="0" covered="11"/><counter type="BRANCH" missed="1" covered="1"/><counter type="LINE" missed="0" covered="4"/><counter type="COMPLEXITY" missed="1" covered="1"/><counter type="METHOD" missed="0" covered="1"/></method><method name="parseArgs" desc="([Ljava/lang/String;)Lorg/apache/commons/cli/CommandLine;" line="102"><counter type="INSTRUCTION" missed="0" covered="12"/><counter type="LINE" missed="0" covered="3"/><counter type="COMPLEXITY" missed="0" covered="1"/><counter type="METHOD" missed="0" covered="1"/></method><method name="validateArgs" desc="()V" line="116"><counter type="INSTRUCTION" missed="90" covered="57"/><counter type="BRANCH" missed="16" covered="12"/><counter type="LINE" missed="23" covered="14"/><counter type="COMPLEXITY" missed="12" covered="3"/><counter type="METHOD" missed="0" covered="1"/></method><method name="validatePathExists" desc="([Ljava/lang/String;Ljava/lang/String;)V" line="179"><counter type="INSTRUCTION" missed="0" covered="21"/><counter type="BRANCH" missed="0" covered="2"/><counter type="LINE" missed="0" covered="3"/><counter type="COMPLEXITY" missed="0" covered="2"/><counter type="METHOD" missed="0" covered="1"/></method><method name="validatePathExists" desc="(Ljava/lang/String;Ljava/lang/String;)V" line="195"><counter type="INSTRUCTION" missed="130" covered="92"/><counter type="BRANCH" missed="33" covered="15"/><counter type="LINE" missed="18" covered="15"/><counter type="COMPLEXITY" missed="22" covered="3"/><counter type="METHOD" missed="0" covered="1"/></method><method name="createCommandLineOptions" desc="()Lorg/apache/commons/cli/Options;" line="249"><counter type="INSTRUCTION" missed="0" covered="12"/><counter type="LINE" missed="0" covered="4"/><counter type="COMPLEXITY" missed="0" covered="1"/><counter type="METHOD" missed="0" covered="1"/></method><method name="addStandardOptions" desc="(Lorg/apache/commons/cli/Options;)V" line="265"><counter type="INSTRUCTION" missed="0" covered="100"/><counter type="LINE" missed="0" covered="16"/><counter type="COMPLEXITY" missed="0" covered="1"/><counter type="METHOD" missed="0" covered="1"/></method><method name="addAdvancedOptions" desc="(Lorg/apache/commons/cli/Options;)V" line="303"><counter type="INSTRUCTION" missed="0" covered="441"/><counter type="LINE" missed="0" covered="81"/><counter type="COMPLEXITY" missed="0" covered="1"/><counter type="METHOD" missed="0" covered="1"/></method><method name="isGetVersion" desc="()Z" line="457"><counter type="INSTRUCTION" missed="0" covered="12"/><counter type="BRANCH" missed="0" covered="4"/><counter type="LINE" missed="0" covered="1"/><counter type="COMPLEXITY" missed="0" covered="3"/><counter type="METHOD" missed="0" covered="1"/></method><method name="isGetHelp" desc="()Z" line="466"><counter type="INSTRUCTION" missed="0" covered="12"/><counter type="BRANCH" missed="0" covered="4"/><counter type="LINE" missed="0" covered="1"/><counter type="COMPLEXITY" missed="0" covered="3"/><counter type="METHOD" missed="0" covered="1"/></method><method name="isRunScan" desc="()Z" line="475"><counter type="INSTRUCTION" missed="0" covered="15"/><counter type="BRANCH" missed="0" covered="6"/><counter type="LINE" missed="0" covered="1"/><counter type="COMPLEXITY" missed="0" covered="4"/><counter type="METHOD" missed="0" covered="1"/></method><method name="getSymLinkDepth" desc="()I" line="485"><counter type="INSTRUCTION" missed="20" covered="0"/><counter type="BRANCH" missed="2" covered="0"/><counter type="LINE" missed="8" covered="0"/><counter type="COMPLEXITY" missed="2" covered="0"/><counter type="METHOD" missed="1" covered="0"/></method><method name="hasDisableOption" desc="(Ljava/lang/String;Ljava/lang/String;)Z" line="511"><counter type="INSTRUCTION" missed="7" covered="19"/><counter type="BRANCH" missed="1" covered="5"/><counter type="LINE" missed="3" covered="3"/><counter type="COMPLEXITY" missed="1" covered="3"/><counter type="METHOD" missed="0" covered="1"/></method><method name="isNodeAuditDisabled" desc="()Z" line="530"><counter type="INSTRUCTION" missed="8" covered="10"/><counter type="BRANCH" missed="1" covered="1"/><counter type="LINE" missed="3" covered="2"/><counter type="COMPLEXITY" missed="1" covered="1"/><counter type="METHOD" missed="0" covered="1"/></method><method name="isYarnAuditDisabled" desc="()Z" line="545"><counter type="INSTRUCTION" missed="0" covered="5"/><counter type="LINE" missed="0" covered="1"/><counter type="COMPLEXITY" missed="0" covered="1"/><counter type="METHOD" missed="0" covered="1"/></method><method name="isNexusUsesProxy" desc="()Z" line="558"><counter type="INSTRUCTION" missed="9" covered="13"/><counter type="BRANCH" missed="2" covered="2"/><counter type="LINE" missed="3" covered="2"/><counter type="COMPLEXITY" missed="2" covered="1"/><counter type="METHOD" missed="0" covered="1"/></method><method name="getBooleanArgument" desc="(Ljava/lang/String;)Ljava/lang/Boolean;" line="578"><counter type="INSTRUCTION" missed="0" covered="21"/><counter type="BRANCH" missed="2" covered="4"/><counter type="LINE" missed="0" covered="5"/><counter type="COMPLEXITY" missed="2" covered="2"/><counter type="METHOD" missed="0" covered="1"/></method><method name="getStringArgument" desc="(Ljava/lang/String;)Ljava/lang/String;" line="594"><counter type="INSTRUCTION" missed="0" covered="5"/><counter type="LINE" missed="0" covered="1"/><counter type="COMPLEXITY" missed="0" covered="1"/><counter type="METHOD" missed="0" covered="1"/></method><method name="getStringArgument" desc="(Ljava/lang/String;Ljava/lang/String;)Ljava/lang/String;" line="605"><counter type="INSTRUCTION" missed="15" covered="17"/><counter type="BRANCH" missed="6" covered="4"/><counter type="LINE" missed="2" covered="4"/><counter type="COMPLEXITY" missed="4" covered="2"/><counter type="METHOD" missed="0" covered="1"/></method><method name="getStringArguments" desc="(Ljava/lang/String;)[Ljava/lang/String;" line="624"><counter type="INSTRUCTION" missed="0" covered="15"/><counter type="BRANCH" missed="1" covered="3"/><counter type="LINE" missed="0" covered="3"/><counter type="COMPLEXITY" missed="1" covered="2"/><counter type="METHOD" missed="0" covered="1"/></method><method name="getFileArgument" desc="(Ljava/lang/String;)Ljava/io/File;" line="637"><counter type="INSTRUCTION" missed="0" covered="14"/><counter type="BRANCH" missed="0" covered="2"/><counter type="LINE" missed="0" covered="4"/><counter type="COMPLEXITY" missed="0" covered="2"/><counter type="METHOD" missed="0" covered="1"/></method><method name="printHelp" desc="()V" line="648"><counter type="INSTRUCTION" missed="0" covered="55"/><counter type="BRANCH" missed="1" covered="3"/><counter type="LINE" missed="0" covered="10"/><counter type="COMPLEXITY" missed="1" covered="2"/><counter type="METHOD" missed="0" covered="1"/></method><method name="getScanFiles" desc="()[Ljava/lang/String;" line="674"><counter type="INSTRUCTION" missed="0" covered="5"/><counter type="LINE" missed="0" covered="1"/><counter type="COMPLEXITY" missed="0" covered="1"/><counter type="METHOD" missed="0" covered="1"/></method><method name="getExcludeList" desc="()[Ljava/lang/String;" line="684"><counter type="INSTRUCTION" missed="5" covered="0"/><counter type="LINE" missed="1" covered="0"/><counter type="COMPLEXITY" missed="1" covered="0"/><counter type="METHOD" missed="1" covered="0"/></method><method name="getRetireJsFilters" desc="()[Ljava/lang/String;" line="694"><counter type="INSTRUCTION" missed="5" covered="0"/><counter type="LINE" missed="1" covered="0"/><counter type="COMPLEXITY" missed="1" covered="0"/><counter type="METHOD" missed="1" covered="0"/></method><method name="isRetireJsFilterNonVulnerable" desc="()Ljava/lang/Boolean;" line="707"><counter type="INSTRUCTION" missed="13" covered="0"/><counter type="BRANCH" missed="4" covered="0"/><counter type="LINE" missed="1" covered="0"/><counter type="COMPLEXITY" missed="3" covered="0"/><counter type="METHOD" missed="1" covered="0"/></method><method name="getReportDirectory" desc="()Ljava/lang/String;" line="717"><counter type="INSTRUCTION" missed="0" covered="6"/><counter type="LINE" missed="0" covered="1"/><counter type="COMPLEXITY" missed="0" covered="1"/><counter type="METHOD" missed="0" covered="1"/></method><method name="getReportFormat" desc="()[Ljava/lang/String;" line="727"><counter type="INSTRUCTION" missed="5" covered="12"/><counter type="BRANCH" missed="1" covered="1"/><counter type="LINE" missed="1" covered="2"/><counter type="COMPLEXITY" missed="1" covered="1"/><counter type="METHOD" missed="0" covered="1"/></method><method name="getProjectName" desc="()Ljava/lang/String;" line="739"><counter type="INSTRUCTION" missed="11" covered="0"/><counter type="BRANCH" missed="2" covered="0"/><counter type="LINE" missed="4" covered="0"/><counter type="COMPLEXITY" missed="2" covered="0"/><counter type="METHOD" missed="1" covered="0"/></method><method name="printVersionInfo" desc="()V" line="753"><counter type="INSTRUCTION" missed="0" covered="25"/><counter type="LINE" missed="0" covered="5"/><counter type="COMPLEXITY" missed="0" covered="1"/><counter type="METHOD" missed="0" covered="1"/></method><method name="isUpdateOnly" desc="()Z" line="766"><counter type="INSTRUCTION" missed="2" covered="10"/><counter type="BRANCH" missed="2" covered="2"/><counter type="LINE" missed="0" covered="1"/><counter type="COMPLEXITY" missed="2" covered="1"/><counter type="METHOD" missed="0" covered="1"/></method><method name="isPurge" desc="()Z" line="776"><counter type="INSTRUCTION" missed="12" covered="0"/><counter type="BRANCH" missed="4" covered="0"/><counter type="LINE" missed="1" covered="0"/><counter type="COMPLEXITY" missed="3" covered="0"/><counter type="METHOD" missed="1" covered="0"/></method><method name="getDatabaseDriverName" desc="()Ljava/lang/String;" line="786"><counter type="INSTRUCTION" missed="5" covered="0"/><counter type="LINE" missed="1" covered="0"/><counter type="COMPLEXITY" missed="1" covered="0"/><counter type="METHOD" missed="1" covered="0"/></method><method name="getIntegerValue" desc="(Ljava/lang/String;)Ljava/lang/Integer;" line="796"><counter type="INSTRUCTION" missed="4" covered="9"/><counter type="BRANCH" missed="1" covered="1"/><counter type="LINE" missed="1" covered="3"/><counter type="COMPLEXITY" missed="1" covered="1"/><counter type="METHOD" missed="0" covered="1"/></method><method name="hasOption" desc="(Ljava/lang/String;)Ljava/lang/Boolean;" line="814"><counter type="INSTRUCTION" missed="0" covered="13"/><counter type="BRANCH" missed="1" covered="3"/><counter type="LINE" missed="0" covered="1"/><counter type="COMPLEXITY" missed="1" covered="2"/><counter type="METHOD" missed="0" covered="1"/></method><method name="getFailOnCVSS" desc="()F" line="824"><counter type="INSTRUCTION" missed="2" covered="16"/><counter type="BRANCH" missed="1" covered="1"/><counter type="LINE" missed="1" covered="5"/><counter type="COMPLEXITY" missed="1" covered="1"/><counter type="METHOD" missed="0" covered="1"/></method><method name="getFloatArgument" desc="(Ljava/lang/String;F)F" line="844"><counter type="INSTRUCTION" missed="12" covered="7"/><counter type="BRANCH" missed="1" covered="1"/><counter type="LINE" missed="4" covered="2"/><counter type="COMPLEXITY" missed="1" covered="1"/><counter type="METHOD" missed="0" covered="1"/></method><method name="newOption" desc="(Ljava/lang/String;Ljava/lang/String;)Lorg/apache/commons/cli/Option;" line="864"><counter type="INSTRUCTION" missed="0" covered="7"/><counter type="LINE" missed="0" covered="1"/><counter type="COMPLEXITY" missed="0" covered="1"/><counter type="METHOD" missed="0" covered="1"/></method><method name="newOption" desc="(Ljava/lang/String;Ljava/lang/String;Ljava/lang/String;)Lorg/apache/commons/cli/Option;" line="876"><counter type="INSTRUCTION" missed="0" covered="8"/><counter type="LINE" missed="0" covered="1"/><counter type="COMPLEXITY" missed="0" covered="1"/><counter type="METHOD" missed="0" covered="1"/></method><method name="newOptionWithArg" desc="(Ljava/lang/String;Ljava/lang/String;Ljava/lang/String;)Lorg/apache/commons/cli/Option;" line="888"><counter type="INSTRUCTION" missed="0" covered="10"/><counter type="LINE" missed="0" covered="1"/><counter type="COMPLEXITY" missed="0" covered="1"/><counter type="METHOD" missed="0" covered="1"/></method><method name="newOptionWithArg" desc="(Ljava/lang/String;Ljava/lang/String;Ljava/lang/String;Ljava/lang/String;)Lorg/apache/commons/cli/Option;" line="901"><counter type="INSTRUCTION" missed="0" covered="11"/><counter type="LINE" missed="0" covered="1"/><counter type="COMPLEXITY" missed="0" covered="1"/><counter type="METHOD" missed="0" covered="1"/></method><method name="newOptionGroup" desc="(Lorg/apache/commons/cli/Option;)Lorg/apache/commons/cli/OptionGroup;" line="912"><counter type="INSTRUCTION" missed="0" covered="10"/><counter type="LINE" missed="0" covered="3"/><counter type="COMPLEXITY" missed="0" covered="1"/><counter type="METHOD" missed="0" covered="1"/></method><method name="&lt;clinit&gt;" desc="()V" line="51"><counter type="INSTRUCTION" missed="0" covered="4"/><counter type="LINE" missed="0" covered="1"/><counter type="COMPLEXITY" missed="0" covered="1"/><counter type="METHOD" missed="0" covered="1"/></method><counter type="INSTRUCTION" missed="355" covered="1121"/><counter type="BRANCH" missed="83" covered="77"/><counter type="LINE" missed="76" covered="211"/><counter type="COMPLEXITY" missed="67" covered="57"/><counter type="METHOD" missed="7" covered="37"/><counter type="CLASS" missed="0" covered="1"/></class><sourcefile name="CliParser.java"><line nr="51" mi="0" ci="4" mb="0" cb="0"/><line nr="59" mi="0" ci="3" mb="0" cb="0"/><line nr="74" mi="0" ci="2" mb="0" cb="0"/><line nr="75" mi="0" ci="3" mb="0" cb="0"/><line nr="76" mi="0" ci="1" mb="0" cb="0"/><line nr="87" mi="0" ci="5" mb="0" cb="0"/><line nr="89" mi="0" ci="3" mb="1" cb="1"/><line nr="90" mi="0" ci="2" mb="0" cb="0"/><line nr="92" mi="0" ci="1" mb="0" cb="0"/><line nr="102" mi="0" ci="4" mb="0" cb="0"/><line nr="103" mi="0" ci="3" mb="0" cb="0"/><line nr="104" mi="0" ci="5" mb="0" cb="0"/><line nr="116" mi="0" ci="6" mb="1" cb="3"/><line nr="117" mi="0" ci="5" mb="0" cb="0"/><line nr="118" mi="0" ci="2" mb="1" cb="1"/><line nr="120" mi="3" ci="0" mb="0" cb="0"/><line nr="121" mi="2" ci="0" mb="2" cb="0"/><line nr="122" mi="5" ci="0" mb="0" cb="0"/><line nr="124" mi="1" ci="0" mb="0" cb="0"/><line nr="125" mi="5" ci="0" mb="0" cb="0"/><line nr="126" mi="1" ci="0" mb="0" cb="0"/><line nr="129" mi="0" ci="3" mb="0" cb="2"/><line nr="130" mi="0" ci="5" mb="0" cb="0"/><line nr="131" mi="0" ci="5" mb="0" cb="0"/><line nr="132" mi="0" ci="4" mb="0" cb="0"/><line nr="133" mi="0" ci="2" mb="1" cb="1"/><line nr="134" mi="4" ci="0" mb="0" cb="0"/><line nr="136" mi="0" ci="5" mb="1" cb="1"/><line nr="137" mi="2" ci="0" mb="0" cb="0"/><line nr="139" mi="17" ci="0" mb="2" cb="0"/><line nr="140" mi="2" ci="0" mb="0" cb="0"/><line nr="141" mi="3" ci="0" mb="0" cb="0"/><line nr="143" mi="1" ci="0" mb="0" cb="0"/><line nr="144" mi="9" ci="0" mb="0" cb="0"/><line nr="146" mi="5" ci="0" mb="0" cb="0"/><line nr="147" mi="1" ci="0" mb="0" cb="0"/><line nr="149" mi="0" ci="4" mb="0" cb="0"/><line nr="150" mi="0" ci="4" mb="0" cb="0"/><line nr="151" mi="2" ci="6" mb="5" cb="3"/><line nr="152" mi="2" ci="0" mb="0" cb="0"/><line nr="153" mi="5" ci="0" mb="0" cb="0"/><line nr="155" mi="0" ci="5" mb="1" cb="1"/><line nr="157" mi="6" ci="0" mb="0" cb="0"/><line nr="158" mi="2" ci="0" mb="2" cb="0"/><line nr="159" mi="5" ci="0" mb="0" cb="0"/><line nr="161" mi="1" ci="0" mb="0" cb="0"/><line nr="162" mi="5" ci="0" mb="0" cb="0"/><line nr="163" mi="1" ci="0" mb="0" cb="0"/><line nr="166" mi="0" ci="1" mb="0" cb="0"/><line nr="179" mi="0" ci="16" mb="0" cb="2"/><line nr="180" mi="0" ci="4" mb="0" cb="0"/><line nr="182" mi="0" ci="1" mb="0" cb="0"/><line nr="195" mi="0" ci="2" mb="1" cb="1"/><line nr="196" mi="3" ci="0" mb="0" cb="0"/><line nr="197" mi="9" ci="0" mb="0" cb="0"/><line nr="198" mi="5" ci="0" mb="0" cb="0"/><line nr="199" mi="0" ci="8" mb="2" cb="2"/><line nr="200" mi="0" ci="5" mb="0" cb="0"/><line nr="201" mi="0" ci="3" mb="0" cb="0"/><line nr="202" mi="0" ci="17" mb="2" cb="4"/><line nr="203" mi="0" ci="3" mb="0" cb="0"/><line nr="204" mi="0" ci="14" mb="3" cb="3"/><line nr="205" mi="0" ci="6" mb="2" cb="2"/><line nr="206" mi="3" ci="0" mb="2" cb="0"/><line nr="207" mi="6" ci="0" mb="0" cb="0"/><line nr="209" mi="4" ci="0" mb="2" cb="0"/><line nr="210" mi="3" ci="0" mb="0" cb="0"/><line nr="211" mi="13" ci="0" mb="0" cb="0"/><line nr="212" mi="5" ci="0" mb="0" cb="0"/><line nr="215" mi="3" ci="8" mb="3" cb="1"/><line nr="216" mi="10" ci="0" mb="6" cb="0"/><line nr="217" mi="3" ci="0" mb="0" cb="0"/><line nr="218" mi="13" ci="0" mb="0" cb="0"/><line nr="219" mi="5" ci="0" mb="0" cb="0"/><line nr="221" mi="3" ci="0" mb="2" cb="0"/><line nr="222" mi="3" ci="0" mb="0" cb="0"/><line nr="223" mi="13" ci="0" mb="0" cb="0"/><line nr="224" mi="5" ci="0" mb="0" cb="0"/><line nr="226" mi="0" ci="3" mb="0" cb="2"/><line nr="227" mi="0" ci="3" mb="0" cb="0"/><line nr="228" mi="0" ci="13" mb="0" cb="0"/><line nr="229" mi="0" ci="5" mb="0" cb="0"/><line nr="235" mi="16" ci="1" mb="8" cb="0"/><line nr="236" mi="5" ci="0" mb="0" cb="0"/><line nr="239" mi="0" ci="1" mb="0" cb="0"/><line nr="249" mi="0" ci="4" mb="0" cb="0"/><line nr="250" mi="0" ci="3" mb="0" cb="0"/><line nr="251" mi="0" ci="3" mb="0" cb="0"/><line nr="253" mi="0" ci="2" mb="0" cb="0"/><line nr="265" mi="0" ci="15" mb="0" cb="0"/><line nr="268" mi="0" ci="7" mb="0" cb="0"/><line nr="270" mi="0" ci="7" mb="0" cb="0"/><line nr="271" mi="0" ci="7" mb="0" cb="0"/><line nr="274" mi="0" ci="5" mb="0" cb="0"/><line nr="276" mi="0" ci="6" mb="0" cb="0"/><line nr="277" mi="0" ci="6" mb="0" cb="0"/><line nr="278" mi="0" ci="5" mb="0" cb="0"/><line nr="279" mi="0" ci="6" mb="0" cb="0"/><line nr="280" mi="0" ci="7" mb="0" cb="0"/><line nr="282" mi="0" ci="7" mb="0" cb="0"/><line nr="284" mi="0" ci="6" mb="0" cb="0"/><line nr="286" mi="0" ci="6" mb="0" cb="0"/><line nr="287" mi="0" ci="6" mb="0" cb="0"/><line nr="290" mi="0" ci="3" mb="0" cb="0"/><line nr="292" mi="0" ci="1" mb="0" cb="0"/><line nr="303" mi="0" ci="4" mb="0" cb="0"/><line nr="304" mi="0" ci="6" mb="0" cb="0"/><line nr="306" mi="0" ci="6" mb="0" cb="0"/><line nr="308" mi="0" ci="6" mb="0" cb="0"/><line nr="310" mi="0" ci="6" mb="0" cb="0"/><line nr="312" mi="0" ci="6" mb="0" cb="0"/><line nr="314" mi="0" ci="6" mb="0" cb="0"/><line nr="316" mi="0" ci="6" mb="0" cb="0"/><line nr="318" mi="0" ci="6" mb="0" cb="0"/><line nr="320" mi="0" ci="6" mb="0" cb="0"/><line nr="322" mi="0" ci="7" mb="0" cb="0"/><line nr="325" mi="0" ci="6" mb="0" cb="0"/><line nr="327" mi="0" ci="6" mb="0" cb="0"/><line nr="329" mi="0" ci="7" mb="0" cb="0"/><line nr="331" mi="0" ci="6" mb="0" cb="0"/><line nr="333" mi="0" ci="6" mb="0" cb="0"/><line nr="335" mi="0" ci="6" mb="0" cb="0"/><line nr="337" mi="0" ci="6" mb="0" cb="0"/><line nr="340" mi="0" ci="6" mb="0" cb="0"/><line nr="342" mi="0" ci="6" mb="0" cb="0"/><line nr="344" mi="0" ci="6" mb="0" cb="0"/><line nr="347" mi="0" ci="6" mb="0" cb="0"/><line nr="350" mi="0" ci="5" mb="0" cb="0"/><line nr="353" mi="0" ci="6" mb="0" cb="0"/><line nr="355" mi="0" ci="5" mb="0" cb="0"/><line nr="357" mi="0" ci="6" mb="0" cb="0"/><line nr="359" mi="0" ci="6" mb="0" cb="0"/><line nr="361" mi="0" ci="6" mb="0" cb="0"/><line nr="363" mi="0" ci="6" mb="0" cb="0"/><line nr="365" mi="0" ci="6" mb="0" cb="0"/><line nr="367" mi="0" ci="6" mb="0" cb="0"/><line nr="369" mi="0" ci="6" mb="0" cb="0"/><line nr="371" mi="0" ci="6" mb="0" cb="0"/><line nr="373" mi="0" ci="6" mb="0" cb="0"/><line nr="375" mi="0" ci="6" mb="0" cb="0"/><line nr="377" mi="0" ci="6" mb="0" cb="0"/><line nr="381" mi="0" ci="6" mb="0" cb="0"/><line nr="384" mi="0" ci="6" mb="0" cb="0"/><line nr="387" mi="0" ci="6" mb="0" cb="0"/><line nr="391" mi="0" ci="6" mb="0" cb="0"/><line nr="393" mi="0" ci="7" mb="0" cb="0"/><line nr="396" mi="0" ci="6" mb="0" cb="0"/><line nr="397" mi="0" ci="6" mb="0" cb="0"/><line nr="398" mi="0" ci="5" mb="0" cb="0"/><line nr="399" mi="0" ci="5" mb="0" cb="0"/><line nr="400" mi="0" ci="5" mb="0" cb="0"/><line nr="401" mi="0" ci="5" mb="0" cb="0"/><line nr="402" mi="0" ci="5" mb="0" cb="0"/><line nr="403" mi="0" ci="5" mb="0" cb="0"/><line nr="404" mi="0" ci="5" mb="0" cb="0"/><line nr="405" mi="0" ci="5" mb="0" cb="0"/><line nr="406" mi="0" ci="5" mb="0" cb="0"/><line nr="407" mi="0" ci="5" mb="0" cb="0"/><line nr="408" mi="0" ci="5" mb="0" cb="0"/><line nr="409" mi="0" ci="5" mb="0" cb="0"/><line nr="410" mi="0" ci="5" mb="0" cb="0"/><line nr="411" mi="0" ci="5" mb="0" cb="0"/><line nr="412" mi="0" ci="5" mb="0" cb="0"/><line nr="413" mi="0" ci="5" mb="0" cb="0"/><line nr="414" mi="0" ci="5" mb="0" cb="0"/><line nr="415" mi="0" ci="5" mb="0" cb="0"/><line nr="416" mi="0" ci="5" mb="0" cb="0"/><line nr="417" mi="0" ci="5" mb="0" cb="0"/><line nr="418" mi="0" ci="5" mb="0" cb="0"/><line nr="419" mi="0" ci="5" mb="0" cb="0"/><line nr="421" mi="0" ci="5" mb="0" cb="0"/><line nr="422" mi="0" ci="5" mb="0" cb="0"/><line nr="423" mi="0" ci="5" mb="0" cb="0"/><line nr="424" mi="0" ci="5" mb="0" cb="0"/><line nr="425" mi="0" ci="5" mb="0" cb="0"/><line nr="426" mi="0" ci="5" mb="0" cb="0"/><line nr="427" mi="0" ci="5" mb="0" cb="0"/><line nr="428" mi="0" ci="5" mb="0" cb="0"/><line nr="429" mi="0" ci="5" mb="0" cb="0"/><line nr="430" mi="0" ci="5" mb="0" cb="0"/><line nr="431" mi="0" ci="5" mb="0" cb="0"/><line nr="432" mi="0" ci="5" mb="0" cb="0"/><line nr="433" mi="0" ci="5" mb="0" cb="0"/><line nr="434" mi="0" ci="5" mb="0" cb="0"/><line nr="435" mi="0" ci="3" mb="0" cb="0"/><line nr="437" mi="0" ci="1" mb="0" cb="0"/><line nr="457" mi="0" ci="12" mb="0" cb="4"/><line nr="466" mi="0" ci="12" mb="0" cb="4"/><line nr="475" mi="0" ci="15" mb="0" cb="6"/><line nr="485" mi="2" ci="0" mb="0" cb="0"/><line nr="487" mi="7" ci="0" mb="0" cb="0"/><line nr="488" mi="2" ci="0" mb="2" cb="0"/><line nr="489" mi="2" ci="0" mb="0" cb="0"/><line nr="491" mi="1" ci="0" mb="0" cb="0"/><line nr="492" mi="3" ci="0" mb="0" cb="0"/><line nr="493" mi="1" ci="0" mb="0" cb="0"/><line nr="494" mi="2" ci="0" mb="0" cb="0"/><line nr="511" mi="0" ci="8" mb="1" cb="3"/><line nr="513" mi="0" ci="9" mb="0" cb="2"/><line nr="514" mi="1" ci="0" mb="0" cb="0"/><line nr="515" mi="4" ci="0" mb="0" cb="0"/><line nr="516" mi="2" ci="0" mb="0" cb="0"/><line nr="519" mi="0" ci="2" mb="0" cb="0"/><line nr="530" mi="0" ci="5" mb="1" cb="1"/><line nr="531" mi="3" ci="0" mb="0" cb="0"/><line nr="532" mi="3" ci="0" mb="0" cb="0"/><line nr="533" mi="2" ci="0" mb="0" cb="0"/><line nr="535" mi="0" ci="5" mb="0" cb="0"/><line nr="545" mi="0" ci="5" mb="0" cb="0"/><line nr="558" mi="0" ci="8" mb="2" cb="2"/><line nr="560" mi="0" ci="5" mb="0" cb="0"/><line nr="561" mi="1" ci="0" mb="0" cb="0"/><line nr="562" mi="2" ci="0" mb="0" cb="0"/><line nr="565" mi="6" ci="0" mb="0" cb="0"/><line nr="578" mi="0" ci="8" mb="1" cb="3"/><line nr="579" mi="0" ci="5" mb="0" cb="0"/><line nr="580" mi="0" ci="2" mb="1" cb="1"/><line nr="581" mi="0" ci="4" mb="0" cb="0"/><line nr="584" mi="0" ci="2" mb="0" cb="0"/><line nr="594" mi="0" ci="5" mb="0" cb="0"/><line nr="605" mi="0" ci="8" mb="1" cb="3"/><line nr="606" mi="6" ci="2" mb="3" cb="1"/><line nr="607" mi="4" ci="0" mb="2" cb="0"/><line nr="608" mi="5" ci="0" mb="0" cb="0"/><line nr="612" mi="0" ci="5" mb="0" cb="0"/><line nr="614" mi="0" ci="2" mb="0" cb="0"/><line nr="624" mi="0" ci="8" mb="1" cb="3"/><line nr="625" mi="0" ci="5" mb="0" cb="0"/><line nr="627" mi="0" ci="2" mb="0" cb="0"/><line nr="637" mi="0" ci="5" mb="0" cb="0"/><line nr="638" mi="0" ci="2" mb="0" cb="2"/><line nr="639" mi="0" ci="5" mb="0" cb="0"/><line nr="641" mi="0" ci="2" mb="0" cb="0"/><line nr="648" mi="0" ci="4" mb="0" cb="0"/><line nr="649" mi="0" ci="4" mb="0" cb="0"/><line nr="650" mi="0" ci="3" mb="0" cb="0"/><line nr="651" mi="0" ci="8" mb="1" cb="3"/><line nr="652" mi="0" ci="3" mb="0" cb="0"/><line nr="654" mi="0" ci="11" mb="0" cb="0"/><line nr="657" mi="0" ci="8" mb="0" cb="0"/><line nr="658" mi="0" ci="2" mb="0" cb="0"/><line nr="660" mi="0" ci="11" mb="0" cb="0"/><line nr="665" mi="0" ci="1" mb="0" cb="0"/><line nr="674" mi="0" ci="5" mb="0" cb="0"/><line nr="684" mi="5" ci="0" mb="0" cb="0"/><line nr="694" mi="5" ci="0" mb="0" cb="0"/><line nr="707" mi="13" ci="0" mb="4" cb="0"/><line nr="717" mi="0" ci="6" mb="0" cb="0"/><line nr="727" mi="0" ci="5" mb="1" cb="1"/><line nr="728" mi="5" ci="0" mb="0" cb="0"/><line nr="730" mi="0" ci="7" mb="0" cb="0"/><line nr="739" mi="5" ci="0" mb="0" cb="0"/><line nr="740" mi="2" ci="0" mb="2" cb="0"/><line nr="741" mi="2" ci="0" mb="0" cb="0"/><line nr="743" mi="2" ci="0" mb="0" cb="0"/><line nr="753" mi="0" ci="11" mb="0" cb="0"/><line nr="754" mi="0" ci="8" mb="0" cb="0"/><line nr="755" mi="0" ci="2" mb="0" cb="0"/><line nr="756" mi="0" ci="3" mb="0" cb="0"/><line nr="757" mi="0" ci="1" mb="0" cb="0"/><line nr="766" mi="2" ci="10" mb="2" cb="2"/><line nr="776" mi="12" ci="0" mb="4" cb="0"/><line nr="786" mi="5" ci="0" mb="0" cb="0"/><line nr="796" mi="0" ci="5" mb="0" cb="0"/><line nr="797" mi="0" ci="2" mb="1" cb="1"/><line nr="798" mi="4" ci="0" mb="0" cb="0"/><line nr="800" mi="0" ci="2" mb="0" cb="0"/><line nr="814" mi="0" ci="13" mb="1" cb="3"/><line nr="824" mi="0" ci="5" mb="1" cb="1"/><line nr="825" mi="0" ci="5" mb="0" cb="0"/><line nr="827" mi="0" ci="3" mb="0" cb="0"/><line nr="828" mi="0" ci="1" mb="0" cb="0"/><line nr="829" mi="0" ci="2" mb="0" cb="0"/><line nr="832" mi="2" ci="0" mb="0" cb="0"/><line nr="844" mi="0" ci="5" mb="1" cb="1"/><line nr="845" mi="5" ci="0" mb="0" cb="0"/><line nr="847" mi="4" ci="0" mb="0" cb="0"/><line nr="848" mi="1" ci="0" mb="0" cb="0"/><line nr="849" mi="2" ci="0" mb="0" cb="0"/><line nr="852" mi="0" ci="2" mb="0" cb="0"/><line nr="864" mi="0" ci="7" mb="0" cb="0"/><line nr="876" mi="0" ci="8" mb="0" cb="0"/><line nr="888" mi="0" ci="10" mb="0" cb="0"/><line nr="901" mi="0" ci="11" mb="0" cb="0"/><line nr="912" mi="0" ci="4" mb="0" cb="0"/><line nr="913" mi="0" ci="4" mb="0" cb="0"/><line nr="914" mi="0" ci="2" mb="0" cb="0"/><line nr="921" mi="3" ci="0" mb="0" cb="0"/><counter type="INSTRUCTION" missed="358" covered="1121"/><counter type="BRANCH" missed="83" covered="77"/><counter type="LINE" missed="77" covered="211"/><counter type="COMPLEXITY" missed="68" covered="57"/><counter type="METHOD" missed="8" covered="37"/><counter type="CLASS" missed="1" covered="1"/></sourcefile><sourcefile name="App.java"><line nr="62" mi="0" ci="4" mb="0" cb="0"/><line nr="80" mi="4" ci="0" mb="0" cb="0"/><line nr="81" mi="4" ci="0" mb="0" cb="0"/><line nr="82" mi="5" ci="0" mb="0" cb="0"/><line nr="83" mi="2" ci="0" mb="0" cb="0"/><line nr="84" mi="1" ci="0" mb="0" cb="0"/><line nr="89" mi="2" ci="0" mb="0" cb="0"/><line nr="90" mi="5" ci="0" mb="0" cb="0"/><line nr="91" mi="1" ci="0" mb="0" cb="0"/><line nr="98" mi="0" ci="2" mb="0" cb="0"/><line nr="99" mi="0" ci="3" mb="0" cb="0"/><line nr="100" mi="0" ci="1" mb="0" cb="0"/><line nr="109" mi="2" ci="0" mb="0" cb="0"/><line nr="110" mi="6" ci="0" mb="0" cb="0"/><line nr="113" mi="3" ci="0" mb="0" cb="0"/><line nr="114" mi="1" ci="0" mb="0" cb="0"/><line nr="115" mi="4" ci="0" mb="0" cb="0"/><line nr="116" mi="2" ci="0" mb="0" cb="0"/><line nr="117" mi="2" ci="0" mb="0" cb="0"/><line nr="118" mi="1" ci="0" mb="0" cb="0"/><line nr="119" mi="4" ci="0" mb="0" cb="0"/><line nr="120" mi="2" ci="0" mb="0" cb="0"/><line nr="121" mi="2" ci="0" mb="0" cb="0"/><line nr="122" mi="1" ci="0" mb="0" cb="0"/><line nr="123" mi="4" ci="0" mb="0" cb="0"/><line nr="124" mi="2" ci="0" mb="2" cb="0"/><line nr="125" mi="3" ci="0" mb="0" cb="0"/><line nr="128" mi="3" ci="0" mb="2" cb="0"/><line nr="129" mi="4" ci="0" mb="0" cb="0"/><line nr="130" mi="2" ci="0" mb="2" cb="0"/><line nr="131" mi="3" ci="0" mb="0" cb="0"/><line nr="132" mi="3" ci="0" mb="0" cb="0"/><line nr="135" mi="3" ci="0" mb="0" cb="0"/><line nr="136" mi="1" ci="0" mb="0" cb="0"/><line nr="137" mi="4" ci="0" mb="0" cb="0"/><line nr="138" mi="4" ci="0" mb="0" cb="0"/><line nr="139" mi="2" ci="0" mb="0" cb="0"/><line nr="140" mi="2" ci="0" mb="0" cb="0"/><line nr="141" mi="1" ci="0" mb="0" cb="0"/><line nr="142" mi="9" ci="0" mb="0" cb="0"/><line nr="143" mi="3" ci="0" mb="2" cb="0"/><line nr="144" mi="2" ci="0" mb="0" cb="0"/><line nr="145" mi="4" ci="0" mb="0" cb="0"/><line nr="148" mi="3" ci="0" mb="0" cb="0"/><line nr="151" mi="4" ci="0" mb="2" cb="0"/><line nr="152" mi="3" ci="0" mb="0" cb="0"/><line nr="153" mi="3" ci="0" mb="2" cb="0"/><line nr="155" mi="3" ci="0" mb="0" cb="0"/><line nr="156" mi="5" ci="0" mb="0" cb="0"/><line nr="157" mi="1" ci="0" mb="0" cb="0"/><line nr="158" mi="4" ci="0" mb="0" cb="0"/><line nr="159" mi="4" ci="0" mb="0" cb="0"/><line nr="160" mi="2" ci="0" mb="0" cb="0"/><line nr="161" mi="2" ci="0" mb="0" cb="0"/><line nr="162" mi="1" ci="0" mb="0" cb="0"/><line nr="164" mi="2" ci="0" mb="0" cb="0"/><line nr="165" mi="1" ci="0" mb="0" cb="0"/><line nr="166" mi="5" ci="0" mb="0" cb="0"/><line nr="167" mi="2" ci="0" mb="0" cb="0"/><line nr="168" mi="1" ci="0" mb="0" cb="0"/><line nr="169" mi="5" ci="0" mb="0" cb="0"/><line nr="170" mi="2" ci="0" mb="0" cb="0"/><line nr="172" mi="3" ci="0" mb="0" cb="0"/><line nr="173" mi="1" ci="0" mb="0" cb="0"/><line nr="174" mi="3" ci="0" mb="2" cb="0"/><line nr="176" mi="3" ci="0" mb="0" cb="0"/><line nr="177" mi="1" ci="0" mb="0" cb="0"/><line nr="178" mi="5" ci="0" mb="0" cb="0"/><line nr="179" mi="4" ci="0" mb="0" cb="0"/><line nr="180" mi="2" ci="0" mb="0" cb="0"/><line nr="181" mi="2" ci="0" mb="0" cb="0"/><line nr="182" mi="1" ci="0" mb="0" cb="0"/><line nr="184" mi="3" ci="0" mb="0" cb="0"/><line nr="185" mi="2" ci="0" mb="2" cb="0"/><line nr="186" mi="12" ci="0" mb="0" cb="0"/><line nr="187" mi="5" ci="0" mb="0" cb="0"/><line nr="189" mi="3" ci="0" mb="0" cb="0"/><line nr="191" mi="1" ci="0" mb="0" cb="0"/><line nr="192" mi="4" ci="0" mb="0" cb="0"/><line nr="193" mi="4" ci="0" mb="0" cb="0"/><line nr="194" mi="2" ci="0" mb="0" cb="0"/><line nr="195" mi="1" ci="0" mb="0" cb="0"/><line nr="196" mi="4" ci="0" mb="0" cb="0"/><line nr="197" mi="4" ci="0" mb="0" cb="0"/><line nr="198" mi="2" ci="0" mb="0" cb="0"/><line nr="199" mi="1" ci="0" mb="0" cb="0"/><line nr="200" mi="3" ci="0" mb="2" cb="0"/><line nr="201" mi="2" ci="0" mb="0" cb="0"/><line nr="202" mi="4" ci="0" mb="0" cb="0"/><line nr="204" mi="2" ci="0" mb="0" cb="0"/><line nr="206" mi="11" ci="0" mb="2" cb="0"/><line nr="207" mi="3" ci="0" mb="2" cb="0"/><line nr="208" mi="4" ci="0" mb="0" cb="0"/><line nr="209" mi="4" ci="0" mb="0" cb="0"/><line nr="211" mi="1" ci="0" mb="0" cb="0"/><line nr="213" mi="3" ci="0" mb="0" cb="0"/><line nr="214" mi="1" ci="0" mb="0" cb="0"/><line nr="216" mi="2" ci="0" mb="0" cb="0"/><line nr="218" mi="2" ci="0" mb="0" cb="0"/><line nr="244" mi="2" ci="0" mb="0" cb="0"/><line nr="246" mi="4" ci="0" mb="0" cb="0"/><line nr="247" mi="6" ci="0" mb="0" cb="0"/><line nr="249" mi="6" ci="0" mb="0" cb="0"/><line nr="250" mi="4" ci="0" mb="0" cb="0"/><line nr="252" mi="2" ci="0" mb="0" cb="0"/><line nr="254" mi="2" ci="0" mb="0" cb="0"/><line nr="255" mi="1" ci="0" mb="0" cb="0"/><line nr="256" mi="3" ci="0" mb="2" cb="0"/><line nr="257" mi="2" ci="0" mb="0" cb="0"/><line nr="259" mi="2" ci="0" mb="0" cb="0"/><line nr="260" mi="1" ci="0" mb="0" cb="0"/><line nr="263" mi="16" ci="0" mb="2" cb="0"/><line nr="264" mi="9" ci="0" mb="0" cb="0"/><line nr="266" mi="1" ci="0" mb="0" cb="0"/><line nr="267" mi="2" ci="0" mb="2" cb="0"/><line nr="268" mi="3" ci="0" mb="0" cb="0"/><line nr="269" mi="2" ci="0" mb="0" cb="0"/><line nr="271" mi="2" ci="0" mb="0" cb="0"/><line nr="273" mi="1" ci="0" mb="0" cb="0"/><line nr="274" mi="6" ci="0" mb="4" cb="0"/><line nr="275" mi="2" ci="0" mb="0" cb="0"/><line nr="277" mi="7" ci="0" mb="0" cb="0"/><line nr="279" mi="2" ci="0" mb="2" cb="0"/><line nr="280" mi="2" ci="0" mb="0" cb="0"/><line nr="295" mi="2" ci="0" mb="0" cb="0"/><line nr="297" mi="17" ci="0" mb="2" cb="0"/><line nr="298" mi="11" ci="0" mb="2" cb="0"/><line nr="299" mi="10" ci="0" mb="4" cb="0"/><line nr="300" mi="9" ci="0" mb="4" cb="0"/><line nr="301" mi="12" ci="0" mb="6" cb="0"/><line nr="303" mi="2" ci="0" mb="0" cb="0"/><line nr="304" mi="1" ci="0" mb="0" cb="0"/><line nr="306" mi="1" ci="0" mb="0" cb="0"/><line nr="308" mi="2" ci="0" mb="0" cb="0"/><line nr="320" mi="4" ci="0" mb="0" cb="0"/><line nr="321" mi="10" ci="0" mb="2" cb="0"/><line nr="322" mi="4" ci="0" mb="0" cb="0"/><line nr="323" mi="4" ci="0" mb="0" cb="0"/><line nr="324" mi="5" ci="0" mb="0" cb="0"/><line nr="326" mi="4" ci="0" mb="0" cb="0"/><line nr="327" mi="5" ci="0" mb="0" cb="0"/><line nr="328" mi="6" ci="0" mb="0" cb="0"/><line nr="329" mi="12" ci="0" mb="4" cb="0"/><line nr="330" mi="2" ci="0" mb="2" cb="0"/><line nr="331" mi="5" ci="0" mb="0" cb="0"/><line nr="332" mi="3" ci="0" mb="0" cb="0"/><line nr="334" mi="6" ci="0" mb="0" cb="0"/><line nr="335" mi="2" ci="0" mb="0" cb="0"/><line nr="337" mi="10" ci="0" mb="0" cb="0"/><line nr="338" mi="10" ci="0" mb="0" cb="0"/><line nr="339" mi="3" ci="0" mb="0" cb="0"/><line nr="340" mi="7" ci="0" mb="0" cb="0"/><line nr="341" mi="3" ci="0" mb="0" cb="0"/><line nr="342" mi="3" ci="0" mb="0" cb="0"/><line nr="343" mi="2" ci="0" mb="2" cb="0"/><line nr="344" mi="3" ci="0" mb="0" cb="0"/><line nr="346" mi="5" ci="0" mb="4" cb="0"/><line nr="347" mi="16" ci="0" mb="2" cb="0"/><line nr="348" mi="10" ci="0" mb="0" cb="0"/><line nr="350" mi="3" ci="0" mb="0" cb="0"/><line nr="352" mi="2" ci="0" mb="0" cb="0"/><line nr="353" mi="3" ci="0" mb="2" cb="0"/><line nr="354" mi="17" ci="0" mb="2" cb="0"/><line nr="355" mi="6" ci="0" mb="0" cb="0"/><line nr="356" mi="5" ci="0" mb="0" cb="0"/><line nr="357" mi="4" ci="0" mb="0" cb="0"/><line nr="360" mi="1" ci="0" mb="0" cb="0"/><line nr="361" mi="2" ci="0" mb="0" cb="0"/><line nr="371" mi="4" ci="0" mb="0" cb="0"/><line nr="372" mi="16" ci="0" mb="2" cb="0"/><line nr="373" mi="4" ci="0" mb="0" cb="0"/><line nr="374" mi="4" ci="0" mb="0" cb="0"/><line nr="376" mi="2" ci="0" mb="0" cb="0"/><line nr="387" mi="8" ci="0" mb="0" cb="0"/><line nr="388" mi="2" ci="0" mb="0" cb="0"/><line nr="390" mi="1" ci="0" mb="0" cb="0"/><line nr="401" mi="0" ci="4" mb="0" cb="0"/><line nr="402" mi="0" ci="2" mb="0" cb="2"/><line nr="404" mi="0" ci="4" mb="0" cb="0"/><line nr="405" mi="1" ci="0" mb="0" cb="0"/><line nr="406" mi="16" ci="0" mb="0" cb="0"/><line nr="407" mi="1" ci="0" mb="0" cb="0"/><line nr="408" mi="16" ci="0" mb="0" cb="0"/><line nr="409" mi="0" ci="1" mb="0" cb="0"/><line nr="411" mi="0" ci="4" mb="0" cb="0"/><line nr="412" mi="0" ci="2" mb="1" cb="1"/><line nr="413" mi="6" ci="0" mb="0" cb="0"/><line nr="414" mi="0" ci="3" mb="1" cb="1"/><line nr="415" mi="0" ci="7" mb="0" cb="0"/><line nr="416" mi="0" ci="6" mb="0" cb="0"/><line nr="417" mi="0" ci="1" mb="0" cb="0"/><line nr="418" mi="3" ci="0" mb="0" cb="0"/><line nr="419" mi="6" ci="0" mb="0" cb="0"/><line nr="420" mi="3" ci="0" mb="0" cb="0"/><line nr="421" mi="5" ci="0" mb="0" cb="0"/><line nr="422" mi="6" ci="0" mb="0" cb="0"/><line nr="423" mi="6" ci="0" mb="0" cb="0"/><line nr="425" mi="0" ci="9" mb="0" cb="2"/><line nr="426" mi="0" ci="5" mb="0" cb="0"/><line nr="427" mi="0" ci="6" mb="0" cb="0"/><line nr="428" mi="0" ci="1" mb="0" cb="0"/><line nr="429" mi="0" ci="6" mb="0" cb="0"/><line nr="430" mi="0" ci="1" mb="0" cb="0"/><line nr="431" mi="0" ci="6" mb="0" cb="0"/><line nr="432" mi="0" ci="1" mb="0" cb="0"/><line nr="433" mi="0" ci="7" mb="0" cb="0"/><line nr="434" mi="0" ci="1" mb="0" cb="0"/><line nr="435" mi="0" ci="6" mb="0" cb="0"/><line nr="436" mi="0" ci="1" mb="0" cb="0"/><line nr="437" mi="0" ci="6" mb="0" cb="0"/><line nr="438" mi="0" ci="1" mb="0" cb="0"/><line nr="439" mi="0" ci="6" mb="0" cb="0"/><line nr="440" mi="0" ci="1" mb="0" cb="0"/><line nr="441" mi="0" ci="6" mb="0" cb="0"/><line nr="442" mi="0" ci="1" mb="0" cb="0"/><line nr="443" mi="0" ci="6" mb="0" cb="0"/><line nr="444" mi="0" ci="1" mb="0" cb="0"/><line nr="446" mi="0" ci="6" mb="0" cb="0"/><line nr="447" mi="0" ci="1" mb="0" cb="0"/><line nr="448" mi="0" ci="6" mb="0" cb="0"/><line nr="449" mi="0" ci="1" mb="0" cb="0"/><line nr="450" mi="0" ci="6" mb="0" cb="0"/><line nr="451" mi="0" ci="1" mb="0" cb="0"/><line nr="452" mi="0" ci="6" mb="0" cb="0"/><line nr="453" mi="0" ci="1" mb="0" cb="0"/><line nr="454" mi="0" ci="6" mb="0" cb="0"/><line nr="455" mi="0" ci="1" mb="0" cb="0"/><line nr="456" mi="0" ci="6" mb="0" cb="0"/><line nr="457" mi="0" ci="1" mb="0" cb="0"/><line nr="458" mi="0" ci="6" mb="0" cb="0"/><line nr="459" mi="0" ci="1" mb="0" cb="0"/><line nr="460" mi="0" ci="7" mb="0" cb="0"/><line nr="461" mi="0" ci="5" mb="0" cb="2"/><line nr="462" mi="0" ci="7" mb="0" cb="0"/><line nr="463" mi="1" ci="4" mb="1" cb="1"/><line nr="464" mi="0" ci="7" mb="0" cb="0"/><line nr="465" mi="0" ci="5" mb="0" cb="2"/><line nr="466" mi="0" ci="7" mb="0" cb="0"/><line nr="467" mi="0" ci="5" mb="0" cb="2"/><line nr="468" mi="0" ci="7" mb="0" cb="0"/><line nr="469" mi="0" ci="5" mb="0" cb="2"/><line nr="470" mi="0" ci="7" mb="0" cb="0"/><line nr="471" mi="0" ci="5" mb="0" cb="2"/><line nr="472" mi="0" ci="7" mb="0" cb="0"/><line nr="473" mi="0" ci="5" mb="0" cb="2"/><line nr="474" mi="0" ci="7" mb="0" cb="0"/><line nr="475" mi="0" ci="5" mb="0" cb="2"/><line nr="476" mi="0" ci="7" mb="0" cb="0"/><line nr="477" mi="0" ci="5" mb="0" cb="2"/><line nr="478" mi="0" ci="7" mb="0" cb="0"/><line nr="479" mi="0" ci="5" mb="0" cb="2"/><line nr="480" mi="0" ci="7" mb="0" cb="0"/><line nr="481" mi="0" ci="5" mb="0" cb="2"/><line nr="482" mi="0" ci="7" mb="0" cb="0"/><line nr="483" mi="0" ci="5" mb="0" cb="2"/><line nr="484" mi="0" ci="7" mb="0" cb="0"/><line nr="485" mi="1" ci="4" mb="1" cb="1"/><line nr="486" mi="0" ci="7" mb="0" cb="0"/><line nr="487" mi="1" ci="4" mb="1" cb="1"/><line nr="488" mi="0" ci="7" mb="0" cb="0"/><line nr="489" mi="0" ci="5" mb="0" cb="2"/><line nr="490" mi="0" ci="7" mb="0" cb="0"/><line nr="491" mi="0" ci="5" mb="0" cb="2"/><line nr="492" mi="0" ci="7" mb="0" cb="0"/><line nr="493" mi="2" ci="3" mb="1" cb="1"/><line nr="494" mi="0" ci="7" mb="0" cb="0"/><line nr="495" mi="1" ci="4" mb="1" cb="1"/><line nr="496" mi="0" ci="7" mb="0" cb="0"/><line nr="497" mi="1" ci="4" mb="1" cb="1"/><line nr="498" mi="0" ci="7" mb="0" cb="0"/><line nr="499" mi="0" ci="5" mb="0" cb="2"/><line nr="501" mi="0" ci="5" mb="0" cb="0"/><line nr="502" mi="1" ci="4" mb="1" cb="1"/><line nr="503" mi="0" ci="5" mb="0" cb="0"/><line nr="504" mi="1" ci="4" mb="1" cb="1"/><line nr="505" mi="0" ci="7" mb="0" cb="0"/><line nr="506" mi="1" ci="4" mb="1" cb="1"/><line nr="507" mi="0" ci="7" mb="0" cb="0"/><line nr="508" mi="1" ci="4" mb="1" cb="1"/><line nr="509" mi="0" ci="7" mb="0" cb="0"/><line nr="510" mi="0" ci="5" mb="0" cb="2"/><line nr="511" mi="0" ci="7" mb="0" cb="0"/><line nr="512" mi="0" ci="5" mb="0" cb="2"/><line nr="513" mi="0" ci="7" mb="0" cb="0"/><line nr="514" mi="0" ci="5" mb="0" cb="2"/><line nr="515" mi="0" ci="7" mb="0" cb="0"/><line nr="516" mi="0" ci="5" mb="0" cb="2"/><line nr="517" mi="0" ci="7" mb="0" cb="0"/><line nr="518" mi="1" ci="4" mb="1" cb="1"/><line nr="519" mi="0" ci="7" mb="0" cb="0"/><line nr="520" mi="1" ci="4" mb="1" cb="1"/><line nr="521" mi="0" ci="7" mb="0" cb="0"/><line nr="522" mi="1" ci="4" mb="1" cb="1"/><line nr="524" mi="0" ci="6" mb="0" cb="0"/><line nr="525" mi="0" ci="1" mb="0" cb="0"/><line nr="526" mi="0" ci="6" mb="0" cb="0"/><line nr="527" mi="0" ci="1" mb="0" cb="0"/><line nr="528" mi="0" ci="6" mb="0" cb="0"/><line nr="529" mi="0" ci="1" mb="0" cb="0"/><line nr="530" mi="0" ci="7" mb="0" cb="0"/><line nr="531" mi="0" ci="1" mb="0" cb="0"/><line nr="532" mi="0" ci="7" mb="0" cb="0"/><line nr="533" mi="0" ci="1" mb="0" cb="0"/><line nr="534" mi="0" ci="6" mb="0" cb="0"/><line nr="535" mi="0" ci="1" mb="0" cb="0"/><line nr="536" mi="0" ci="6" mb="0" cb="0"/><line nr="537" mi="0" ci="1" mb="0" cb="0"/><line nr="538" mi="0" ci="6" mb="0" cb="0"/><line nr="539" mi="0" ci="1" mb="0" cb="0"/><line nr="540" mi="0" ci="6" mb="0" cb="0"/><line nr="541" mi="0" ci="1" mb="0" cb="0"/><line nr="542" mi="0" ci="6" mb="0" cb="0"/><line nr="543" mi="0" ci="1" mb="0" cb="0"/><line nr="544" mi="0" ci="6" mb="0" cb="0"/><line nr="545" mi="0" ci="1" mb="0" cb="0"/><line nr="546" mi="0" ci="6" mb="0" cb="0"/><line nr="547" mi="0" ci="1" mb="0" cb="0"/><line nr="548" mi="0" ci="6" mb="0" cb="0"/><line nr="549" mi="0" ci="1" mb="0" cb="0"/><line nr="550" mi="0" ci="6" mb="0" cb="0"/><line nr="551" mi="0" ci="1" mb="0" cb="0"/><line nr="552" mi="0" ci="6" mb="0" cb="0"/><line nr="553" mi="0" ci="1" mb="0" cb="0"/><line nr="554" mi="0" ci="6" mb="0" cb="0"/><line nr="555" mi="0" ci="1" mb="0" cb="0"/><line nr="556" mi="0" ci="6" mb="0" cb="0"/><line nr="557" mi="0" ci="1" mb="0" cb="0"/><line nr="558" mi="0" ci="7" mb="0" cb="0"/><line nr="559" mi="0" ci="1" mb="0" cb="0"/><line nr="561" mi="0" ci="3" mb="0" cb="0"/><line nr="562" mi="0" ci="5" mb="0" cb="0"/><line nr="563" mi="0" ci="6" mb="0" cb="0"/><line nr="564" mi="0" ci="1" mb="0" cb="0"/><line nr="565" mi="0" ci="6" mb="0" cb="0"/><line nr="566" mi="0" ci="1" mb="0" cb="0"/><line nr="567" mi="0" ci="6" mb="0" cb="0"/><line nr="568" mi="0" ci="1" mb="0" cb="0"/><line nr="569" mi="0" ci="6" mb="0" cb="0"/><line nr="570" mi="0" ci="1" mb="0" cb="0"/><line nr="571" mi="0" ci="7" mb="0" cb="0"/><line nr="572" mi="0" ci="1" mb="0" cb="0"/><line nr="573" mi="0" ci="6" mb="0" cb="0"/><line nr="574" mi="0" ci="1" mb="0" cb="0"/><line nr="575" mi="0" ci="6" mb="0" cb="0"/><line nr="576" mi="0" ci="1" mb="0" cb="0"/><line nr="577" mi="0" ci="6" mb="0" cb="0"/><line nr="578" mi="0" ci="1" mb="0" cb="0"/><line nr="579" mi="0" ci="6" mb="0" cb="0"/><line nr="580" mi="0" ci="1" mb="0" cb="0"/><line nr="581" mi="0" ci="6" mb="0" cb="0"/><line nr="582" mi="0" ci="1" mb="0" cb="0"/><line nr="583" mi="0" ci="7" mb="0" cb="0"/><line nr="584" mi="0" ci="1" mb="0" cb="0"/><line nr="585" mi="0" ci="1" mb="0" cb="0"/><line nr="593" mi="2" ci="0" mb="0" cb="0"/><line nr="594" mi="4" ci="0" mb="0" cb="0"/><line nr="596" mi="4" ci="0" mb="0" cb="0"/><line nr="597" mi="3" ci="0" mb="0" cb="0"/><line nr="598" mi="3" ci="0" mb="0" cb="0"/><line nr="599" mi="2" ci="0" mb="0" cb="0"/><line nr="600" mi="4" ci="0" mb="0" cb="0"/><line nr="601" mi="3" ci="0" mb="0" cb="0"/><line nr="602" mi="3" ci="0" mb="0" cb="0"/><line nr="603" mi="3" ci="0" mb="0" cb="0"/><line nr="604" mi="3" ci="0" mb="0" cb="0"/><line nr="605" mi="5" ci="0" mb="0" cb="0"/><line nr="606" mi="3" ci="0" mb="0" cb="0"/><line nr="607" mi="4" ci="0" mb="0" cb="0"/><line nr="608" mi="3" ci="0" mb="2" cb="0"/><line nr="609" mi="5" ci="0" mb="0" cb="0"/><line nr="611" mi="3" ci="0" mb="0" cb="0"/><line nr="612" mi="2" ci="0" mb="0" cb="0"/><line nr="613" mi="4" ci="0" mb="0" cb="0"/><line nr="614" mi="3" ci="0" mb="0" cb="0"/><line nr="615" mi="4" ci="0" mb="0" cb="0"/><line nr="616" mi="4" ci="0" mb="0" cb="0"/><line nr="617" mi="3" ci="0" mb="0" cb="0"/><line nr="618" mi="2" ci="0" mb="0" cb="0"/><line nr="619" mi="9" ci="0" mb="0" cb="0"/><line nr="620" mi="3" ci="0" mb="0" cb="0"/><line nr="621" mi="1" ci="0" mb="0" cb="0"/><line nr="634" mi="0" ci="2" mb="0" cb="0"/><line nr="635" mi="0" ci="5" mb="0" cb="0"/><line nr="636" mi="0" ci="8" mb="1" cb="3"/><line nr="638" mi="0" ci="4" mb="0" cb="0"/><line nr="639" mi="0" ci="2" mb="1" cb="1"/><line nr="640" mi="2" ci="0" mb="0" cb="0"/><line nr="642" mi="0" ci="1" mb="0" cb="0"/><line nr="643" mi="0" ci="5" mb="0" cb="0"/><line nr="644" mi="0" ci="4" mb="0" cb="0"/><line nr="645" mi="0" ci="1" mb="0" cb="0"/><line nr="646" mi="0" ci="2" mb="0" cb="0"/><line nr="649" mi="0" ci="5" mb="0" cb="0"/><line nr="651" mi="0" ci="3" mb="0" cb="0"/><line nr="652" mi="0" ci="2" mb="0" cb="2"/><line nr="653" mi="0" ci="6" mb="0" cb="0"/><line nr="655" mi="1" ci="0" mb="0" cb="0"/><line nr="656" mi="4" ci="0" mb="0" cb="0"/><line nr="657" mi="4" ci="0" mb="0" cb="0"/><line nr="658" mi="0" ci="1" mb="0" cb="0"/><line nr="659" mi="0" ci="6" mb="0" cb="0"/><line nr="669" mi="4" ci="4" mb="3" cb="1"/><line nr="670" mi="0" ci="4" mb="0" cb="0"/><line nr="671" mi="0" ci="4" mb="0" cb="0"/><line nr="672" mi="2" ci="5" mb="1" cb="1"/><line nr="673" mi="2" ci="5" mb="1" cb="1"/><line nr="674" mi="1" ci="6" mb="1" cb="1"/><line nr="675" mi="0" ci="5" mb="0" cb="0"/><line nr="676" mi="0" ci="2" mb="0" cb="0"/><line nr="678" mi="4" ci="0" mb="0" cb="0"/><counter type="INSTRUCTION" missed="865" covered="834"/><counter type="BRANCH" missed="99" covered="65"/><counter type="LINE" missed="215" covered="195"/><counter type="COMPLEXITY" missed="70" covered="27"/><counter type="METHOD" missed="10" covered="5"/><counter type="CLASS" missed="0" covered="1"/></sourcefile><counter type="INSTRUCTION" missed="1223" covered="1955"/><counter type="BRANCH" missed="182" covered="142"/><counter type="LINE" missed="292" covered="406"/><counter type="COMPLEXITY" missed="138" covered="84"/><counter type="METHOD" missed="18" covered="42"/><counter type="CLASS" missed="1" covered="2"/></package><counter type="INSTRUCTION" missed="1223" covered="1955"/><counter type="BRANCH" missed="182" covered="142"/><counter type="LINE" missed="292" covered="406"/><counter type="COMPLEXITY" missed="138" covered="84"/><counter type="METHOD" missed="18" covered="42"/><counter type="CLASS" missed="1" covered="2"/></report>