<?xml version="1.0" encoding="UTF-8" standalone="yes"?><!DOCTYPE report PUBLIC "-//JACOCO//DTD Report 1.1//EN" "report.dtd"><report name="Dependency-Check Command Line"><sessioninfo id="localhost-c275316" start="1604410269078" dump="1604410271919"/><package name="org/owasp/dependencycheck"><class name="org/owasp/dependencycheck/App" sourcefilename="App.java"><method name="main" desc="([Ljava/lang/String;)V" line="81"><counter type="INSTRUCTION" missed="16" covered="0"/><counter type="LINE" missed="5" covered="0"/><counter type="COMPLEXITY" missed="1" covered="0"/><counter type="METHOD" missed="1" covered="0"/></method><method name="&lt;init&gt;" desc="()V" line="90"><counter type="INSTRUCTION" missed="8" covered="0"/><counter type="LINE" missed="3" covered="0"/><counter type="COMPLEXITY" missed="1" covered="0"/><counter type="METHOD" missed="1" covered="0"/></method><method name="&lt;init&gt;" desc="(Lorg/owasp/dependencycheck/utils/Settings;)V" line="99"><counter type="INSTRUCTION" missed="0" covered="6"/><counter type="LINE" missed="0" covered="3"/><counter type="COMPLEXITY" missed="0" covered="1"/><counter type="METHOD" missed="0" covered="1"/></method><method name="run" desc="([Ljava/lang/String;)I" line="110"><counter type="INSTRUCTION" missed="257" covered="0"/><counter type="BRANCH" missed="22" covered="0"/><counter type="LINE" missed="85" covered="0"/><counter type="COMPLEXITY" missed="12" covered="0"/><counter type="METHOD" missed="1" covered="0"/></method><method name="runScan" desc="(Ljava/lang/String;[Ljava/lang/String;Ljava/lang/String;[Ljava/lang/String;[Ljava/lang/String;IF)I" line="245"><counter type="INSTRUCTION" missed="90" covered="0"/><counter type="BRANCH" missed="12" covered="0"/><counter type="LINE" missed="25" covered="0"/><counter type="COMPLEXITY" missed="7" covered="0"/><counter type="METHOD" missed="1" covered="0"/></method><method name="determineReturnCode" desc="(Lorg/owasp/dependencycheck/Engine;F)I" line="296"><counter type="INSTRUCTION" missed="71" covered="0"/><counter type="BRANCH" missed="18" covered="0"/><counter type="LINE" missed="11" covered="0"/><counter type="COMPLEXITY" missed="10" covered="0"/><counter type="METHOD" missed="1" covered="0"/></method><method name="scanAntStylePaths" desc="(Ljava/util/List;I[Ljava/lang/String;)Ljava/util/Set;" line="322"><counter type="INSTRUCTION" missed="187" covered="0"/><counter type="BRANCH" missed="20" covered="0"/><counter type="LINE" missed="34" covered="0"/><counter type="COMPLEXITY" missed="11" covered="0"/><counter type="METHOD" missed="1" covered="0"/></method><method name="getPaths" desc="([Ljava/lang/String;)Ljava/util/List;" line="373"><counter type="INSTRUCTION" missed="30" covered="0"/><counter type="BRANCH" missed="2" covered="0"/><counter type="LINE" missed="5" covered="0"/><counter type="COMPLEXITY" missed="2" covered="0"/><counter type="METHOD" missed="1" covered="0"/></method><method name="runUpdateOnly" desc="()V" line="389"><counter type="INSTRUCTION" missed="11" covered="0"/><counter type="LINE" missed="3" covered="0"/><counter type="COMPLEXITY" missed="1" covered="0"/><counter type="METHOD" missed="1" covered="0"/></method><method name="populateSettings" desc="(Lorg/owasp/dependencycheck/CliParser;)V" line="403"><counter type="INSTRUCTION" missed="82" covered="673"/><counter type="BRANCH" missed="13" covered="51"/><counter type="LINE" missed="10" covered="155"/><counter type="COMPLEXITY" missed="13" covered="20"/><counter type="METHOD" missed="0" covered="1"/></method><method name="prepareLogger" desc="(Ljava/lang/String;)V" line="582"><counter type="INSTRUCTION" missed="88" covered="0"/><counter type="BRANCH" missed="2" covered="0"/><counter type="LINE" missed="27" covered="0"/><counter type="COMPLEXITY" missed="2" covered="0"/><counter type="METHOD" missed="1" covered="0"/></method><method name="ensureCanonicalPath" desc="(Ljava/lang/String;)Ljava/lang/String;" line="623"><counter type="INSTRUCTION" missed="11" covered="57"/><counter type="BRANCH" missed="2" covered="6"/><counter type="LINE" missed="4" covered="16"/><counter type="COMPLEXITY" missed="2" covered="3"/><counter type="METHOD" missed="0" covered="1"/></method><method name="getLastFileSeparator" desc="(Ljava/lang/String;)I" line="658"><counter type="INSTRUCTION" missed="13" covered="35"/><counter type="BRANCH" missed="6" covered="4"/><counter type="LINE" missed="1" covered="8"/><counter type="COMPLEXITY" missed="5" covered="1"/><counter type="METHOD" missed="0" covered="1"/></method><method name="lambda$prepareLogger$0" desc="(Lch/qos/logback/classic/filter/ThresholdFilter;Lch/qos/logback/core/Appender;)V" line="608"><counter type="INSTRUCTION" missed="4" covered="0"/><counter type="LINE" missed="1" covered="0"/><counter type="COMPLEXITY" missed="1" covered="0"/><counter type="METHOD" missed="1" covered="0"/></method><method name="&lt;clinit&gt;" desc="()V" line="63"><counter type="INSTRUCTION" missed="0" covered="4"/><counter type="LINE" missed="0" covered="1"/><counter type="COMPLEXITY" missed="0" covered="1"/><counter type="METHOD" missed="0" covered="1"/></method><counter type="INSTRUCTION" missed="868" covered="775"/><counter type="BRANCH" missed="97" covered="61"/><counter type="LINE" missed="213" covered="183"/><counter type="COMPLEXITY" missed="68" covered="26"/><counter type="METHOD" missed="10" covered="5"/><counter type="CLASS" missed="0" covered="1"/></class><class name="org/owasp/dependencycheck/CliParser$ARGUMENT" sourcefilename="CliParser.java"><method name="&lt;init&gt;" desc="()V" line="885"><counter type="INSTRUCTION" missed="3" covered="0"/><counter type="LINE" missed="1" covered="0"/><counter type="COMPLEXITY" missed="1" covered="0"/><counter type="METHOD" missed="1" covered="0"/></method><counter type="INSTRUCTION" missed="3" covered="0"/><counter type="LINE" missed="1" covered="0"/><counter type="COMPLEXITY" missed="1" covered="0"/><counter type="METHOD" missed="1" covered="0"/><counter type="CLASS" missed="1" covered="0"/></class><class name="org/owasp/dependencycheck/CliParser" sourcefilename="CliParser.java"><method name="&lt;init&gt;" desc="(Lorg/owasp/dependencycheck/utils/Settings;)V" line="59"><counter type="INSTRUCTION" missed="0" covered="9"/><counter type="LINE" missed="0" covered="4"/><counter type="COMPLEXITY" missed="0" covered="1"/><counter type="METHOD" missed="0" covered="1"/></method><method name="parse" desc="([Ljava/lang/String;)V" line="87"><counter type="INSTRUCTION" missed="0" covered="11"/><counter type="BRANCH" missed="1" covered="1"/><counter type="LINE" missed="0" covered="4"/><counter type="COMPLEXITY" missed="1" covered="1"/><counter type="METHOD" missed="0" covered="1"/></method><method name="parseArgs" desc="([Ljava/lang/String;)Lorg/apache/commons/cli/CommandLine;" line="102"><counter type="INSTRUCTION" missed="0" covered="12"/><counter type="LINE" missed="0" covered="3"/><counter type="COMPLEXITY" missed="0" covered="1"/><counter type="METHOD" missed="0" covered="1"/></method><method name="validateArgs" desc="()V" line="116"><counter type="INSTRUCTION" missed="90" covered="57"/><counter type="BRANCH" missed="16" covered="12"/><counter type="LINE" missed="23" covered="14"/><counter type="COMPLEXITY" missed="12" covered="3"/><counter type="METHOD" missed="0" covered="1"/></method><method name="validatePathExists" desc="([Ljava/lang/String;Ljava/lang/String;)V" line="179"><counter type="INSTRUCTION" missed="0" covered="21"/><counter type="BRANCH" missed="0" covered="2"/><counter type="LINE" missed="0" covered="3"/><counter type="COMPLEXITY" missed="0" covered="2"/><counter type="METHOD" missed="0" covered="1"/></method><method name="validatePathExists" desc="(Ljava/lang/String;Ljava/lang/String;)V" line="195"><counter type="INSTRUCTION" missed="130" covered="92"/><counter type="BRANCH" missed="33" covered="15"/><counter type="LINE" missed="18" covered="15"/><counter type="COMPLEXITY" missed="22" covered="3"/><counter type="METHOD" missed="0" covered="1"/></method><method name="createCommandLineOptions" desc="()Lorg/apache/commons/cli/Options;" line="249"><counter type="INSTRUCTION" missed="0" covered="12"/><counter type="LINE" missed="0" covered="4"/><counter type="COMPLEXITY" missed="0" covered="1"/><counter type="METHOD" missed="0" covered="1"/></method><method name="addStandardOptions" desc="(Lorg/apache/commons/cli/Options;)V" line="265"><counter type="INSTRUCTION" missed="0" covered="100"/><counter type="LINE" missed="0" covered="16"/><counter type="COMPLEXITY" missed="0" covered="1"/><counter type="METHOD" missed="0" covered="1"/></method><method name="addAdvancedOptions" desc="(Lorg/apache/commons/cli/Options;)V" line="303"><counter type="INSTRUCTION" missed="0" covered="408"/><counter type="LINE" missed="0" covered="75"/><counter type="COMPLEXITY" missed="0" covered="1"/><counter type="METHOD" missed="0" covered="1"/></method><method name="isGetVersion" desc="()Z" line="448"><counter type="INSTRUCTION" missed="0" covered="12"/><counter type="BRANCH" missed="0" covered="4"/><counter type="LINE" missed="0" covered="1"/><counter type="COMPLEXITY" missed="0" covered="3"/><counter type="METHOD" missed="0" covered="1"/></method><method name="isGetHelp" desc="()Z" line="457"><counter type="INSTRUCTION" missed="0" covered="12"/><counter type="BRANCH" missed="0" covered="4"/><counter type="LINE" missed="0" covered="1"/><counter type="COMPLEXITY" missed="0" covered="3"/><counter type="METHOD" missed="0" covered="1"/></method><method name="isRunScan" desc="()Z" line="466"><counter type="INSTRUCTION" missed="0" covered="15"/><counter type="BRANCH" missed="0" covered="6"/><counter type="LINE" missed="0" covered="1"/><counter type="COMPLEXITY" missed="0" covered="4"/><counter type="METHOD" missed="0" covered="1"/></method><method name="getSymLinkDepth" desc="()I" line="476"><counter type="INSTRUCTION" missed="20" covered="0"/><counter type="BRANCH" missed="2" covered="0"/><counter type="LINE" missed="8" covered="0"/><counter type="COMPLEXITY" missed="2" covered="0"/><counter type="METHOD" missed="1" covered="0"/></method><method name="hasDisableOption" desc="(Ljava/lang/String;Ljava/lang/String;)Z" line="502"><counter type="INSTRUCTION" missed="7" covered="19"/><counter type="BRANCH" missed="1" covered="5"/><counter type="LINE" missed="3" covered="3"/><counter type="COMPLEXITY" missed="1" covered="3"/><counter type="METHOD" missed="0" covered="1"/></method><method name="isNodeAuditDisabled" desc="()Z" line="521"><counter type="INSTRUCTION" missed="5" covered="13"/><counter type="BRANCH" missed="1" covered="1"/><counter type="LINE" missed="1" covered="4"/><counter type="COMPLEXITY" missed="1" covered="1"/><counter type="METHOD" missed="0" covered="1"/></method><method name="isNexusUsesProxy" desc="()Z" line="539"><counter type="INSTRUCTION" missed="9" covered="13"/><counter type="BRANCH" missed="2" covered="2"/><counter type="LINE" missed="3" covered="2"/><counter type="COMPLEXITY" missed="2" covered="1"/><counter type="METHOD" missed="0" covered="1"/></method><method name="getBooleanArgument" desc="(Ljava/lang/String;)Ljava/lang/Boolean;" line="559"><counter type="INSTRUCTION" missed="0" covered="21"/><counter type="BRANCH" missed="2" covered="4"/><counter type="LINE" missed="0" covered="5"/><counter type="COMPLEXITY" missed="2" covered="2"/><counter type="METHOD" missed="0" covered="1"/></method><method name="getStringArgument" desc="(Ljava/lang/String;)Ljava/lang/String;" line="575"><counter type="INSTRUCTION" missed="0" covered="15"/><counter type="BRANCH" missed="1" covered="3"/><counter type="LINE" missed="0" covered="3"/><counter type="COMPLEXITY" missed="1" covered="2"/><counter type="METHOD" missed="0" covered="1"/></method><method name="getStringArguments" desc="(Ljava/lang/String;)[Ljava/lang/String;" line="588"><counter type="INSTRUCTION" missed="0" covered="15"/><counter type="BRANCH" missed="1" covered="3"/><counter type="LINE" missed="0" covered="3"/><counter type="COMPLEXITY" missed="1" covered="2"/><counter type="METHOD" missed="0" covered="1"/></method><method name="getFileArgument" desc="(Ljava/lang/String;)Ljava/io/File;" line="601"><counter type="INSTRUCTION" missed="0" covered="14"/><counter type="BRANCH" missed="0" covered="2"/><counter type="LINE" missed="0" covered="4"/><counter type="COMPLEXITY" missed="0" covered="2"/><counter type="METHOD" missed="0" covered="1"/></method><method name="printHelp" desc="()V" line="612"><counter type="INSTRUCTION" missed="0" covered="55"/><counter type="BRANCH" missed="1" covered="3"/><counter type="LINE" missed="0" covered="10"/><counter type="COMPLEXITY" missed="1" covered="2"/><counter type="METHOD" missed="0" covered="1"/></method><method name="getScanFiles" desc="()[Ljava/lang/String;" line="638"><counter type="INSTRUCTION" missed="0" covered="5"/><counter type="LINE" missed="0" covered="1"/><counter type="COMPLEXITY" missed="0" covered="1"/><counter type="METHOD" missed="0" covered="1"/></method><method name="getExcludeList" desc="()[Ljava/lang/String;" line="648"><counter type="INSTRUCTION" missed="5" covered="0"/><counter type="LINE" missed="1" covered="0"/><counter type="COMPLEXITY" missed="1" covered="0"/><counter type="METHOD" missed="1" covered="0"/></method><method name="getRetireJsFilters" desc="()[Ljava/lang/String;" line="658"><counter type="INSTRUCTION" missed="5" covered="0"/><counter type="LINE" missed="1" covered="0"/><counter type="COMPLEXITY" missed="1" covered="0"/><counter type="METHOD" missed="1" covered="0"/></method><method name="isRetireJsFilterNonVulnerable" desc="()Ljava/lang/Boolean;" line="671"><counter type="INSTRUCTION" missed="13" covered="0"/><counter type="BRANCH" missed="4" covered="0"/><counter type="LINE" missed="1" covered="0"/><counter type="COMPLEXITY" missed="3" covered="0"/><counter type="METHOD" missed="1" covered="0"/></method><method name="getReportDirectory" desc="()Ljava/lang/String;" line="681"><counter type="INSTRUCTION" missed="0" covered="6"/><counter type="LINE" missed="0" covered="1"/><counter type="COMPLEXITY" missed="0" covered="1"/><counter type="METHOD" missed="0" covered="1"/></method><method name="getReportFormat" desc="()[Ljava/lang/String;" line="691"><counter type="INSTRUCTION" missed="5" covered="12"/><counter type="BRANCH" missed="1" covered="1"/><counter type="LINE" missed="1" covered="2"/><counter type="COMPLEXITY" missed="1" covered="1"/><counter type="METHOD" missed="0" covered="1"/></method><method name="getProjectName" desc="()Ljava/lang/String;" line="703"><counter type="INSTRUCTION" missed="11" covered="0"/><counter type="BRANCH" missed="2" covered="0"/><counter type="LINE" missed="4" covered="0"/><counter type="COMPLEXITY" missed="2" covered="0"/><counter type="METHOD" missed="1" covered="0"/></method><method name="printVersionInfo" desc="()V" line="717"><counter type="INSTRUCTION" missed="0" covered="25"/><counter type="LINE" missed="0" covered="5"/><counter type="COMPLEXITY" missed="0" covered="1"/><counter type="METHOD" missed="0" covered="1"/></method><method name="isUpdateOnly" desc="()Z" line="730"><counter type="INSTRUCTION" missed="2" covered="10"/><counter type="BRANCH" missed="2" covered="2"/><counter type="LINE" missed="0" covered="1"/><counter type="COMPLEXITY" missed="2" covered="1"/><counter type="METHOD" missed="0" covered="1"/></method><method name="isPurge" desc="()Z" line="740"><counter type="INSTRUCTION" missed="12" covered="0"/><counter type="BRANCH" missed="4" covered="0"/><counter type="LINE" missed="1" covered="0"/><counter type="COMPLEXITY" missed="3" covered="0"/><counter type="METHOD" missed="1" covered="0"/></method><method name="getDatabaseDriverName" desc="()Ljava/lang/String;" line="750"><counter type="INSTRUCTION" missed="5" covered="0"/><counter type="LINE" missed="1" covered="0"/><counter type="COMPLEXITY" missed="1" covered="0"/><counter type="METHOD" missed="1" covered="0"/></method><method name="getIntegerValue" desc="(Ljava/lang/String;)Ljava/lang/Integer;" line="760"><counter type="INSTRUCTION" missed="4" covered="9"/><counter type="BRANCH" missed="1" covered="1"/><counter type="LINE" missed="1" covered="3"/><counter type="COMPLEXITY" missed="1" covered="1"/><counter type="METHOD" missed="0" covered="1"/></method><method name="hasOption" desc="(Ljava/lang/String;)Ljava/lang/Boolean;" line="778"><counter type="INSTRUCTION" missed="0" covered="13"/><counter type="BRANCH" missed="1" covered="3"/><counter type="LINE" missed="0" covered="1"/><counter type="COMPLEXITY" missed="1" covered="2"/><counter type="METHOD" missed="0" covered="1"/></method><method name="getFailOnCVSS" desc="()F" line="788"><counter type="INSTRUCTION" missed="2" covered="16"/><counter type="BRANCH" missed="1" covered="1"/><counter type="LINE" missed="1" covered="5"/><counter type="COMPLEXITY" missed="1" covered="1"/><counter type="METHOD" missed="0" covered="1"/></method><method name="getFloatArgument" desc="(Ljava/lang/String;F)F" line="808"><counter type="INSTRUCTION" missed="12" covered="7"/><counter type="BRANCH" missed="1" covered="1"/><counter type="LINE" missed="4" covered="2"/><counter type="COMPLEXITY" missed="1" covered="1"/><counter type="METHOD" missed="0" covered="1"/></method><method name="newOption" desc="(Ljava/lang/String;Ljava/lang/String;)Lorg/apache/commons/cli/Option;" line="828"><counter type="INSTRUCTION" missed="0" covered="7"/><counter type="LINE" missed="0" covered="1"/><counter type="COMPLEXITY" missed="0" covered="1"/><counter type="METHOD" missed="0" covered="1"/></method><method name="newOption" desc="(Ljava/lang/String;Ljava/lang/String;Ljava/lang/String;)Lorg/apache/commons/cli/Option;" line="840"><counter type="INSTRUCTION" missed="0" covered="8"/><counter type="LINE" missed="0" covered="1"/><counter type="COMPLEXITY" missed="0" covered="1"/><counter type="METHOD" missed="0" covered="1"/></method><method name="newOptionWithArg" desc="(Ljava/lang/String;Ljava/lang/String;Ljava/lang/String;)Lorg/apache/commons/cli/Option;" line="852"><counter type="INSTRUCTION" missed="0" covered="10"/><counter type="LINE" missed="0" covered="1"/><counter type="COMPLEXITY" missed="0" covered="1"/><counter type="METHOD" missed="0" covered="1"/></method><method name="newOptionWithArg" desc="(Ljava/lang/String;Ljava/lang/String;Ljava/lang/String;Ljava/lang/String;)Lorg/apache/commons/cli/Option;" line="865"><counter type="INSTRUCTION" missed="0" covered="11"/><counter type="LINE" missed="0" covered="1"/><counter type="COMPLEXITY" missed="0" covered="1"/><counter type="METHOD" missed="0" covered="1"/></method><method name="newOptionGroup" desc="(Lorg/apache/commons/cli/Option;)Lorg/apache/commons/cli/OptionGroup;" line="876"><counter type="INSTRUCTION" missed="0" covered="10"/><counter type="LINE" missed="0" covered="3"/><counter type="COMPLEXITY" missed="0" covered="1"/><counter type="METHOD" missed="0" covered="1"/></method><method name="&lt;clinit&gt;" desc="()V" line="51"><counter type="INSTRUCTION" missed="0" covered="4"/><counter type="LINE" missed="0" covered="1"/><counter type="COMPLEXITY" missed="0" covered="1"/><counter type="METHOD" missed="0" covered="1"/></method><counter type="INSTRUCTION" missed="337" covered="1079"/><counter type="BRANCH" missed="78" covered="76"/><counter type="LINE" missed="72" covered="204"/><counter type="COMPLEXITY" missed="64" covered="55"/><counter type="METHOD" missed="7" covered="35"/><counter type="CLASS" missed="0" covered="1"/></class><sourcefile name="CliParser.java"><line nr="51" mi="0" ci="4" mb="0" cb="0"/><line nr="59" mi="0" ci="3" mb="0" cb="0"/><line nr="74" mi="0" ci="2" mb="0" cb="0"/><line nr="75" mi="0" ci="3" mb="0" cb="0"/><line nr="76" mi="0" ci="1" mb="0" cb="0"/><line nr="87" mi="0" ci="5" mb="0" cb="0"/><line nr="89" mi="0" ci="3" mb="1" cb="1"/><line nr="90" mi="0" ci="2" mb="0" cb="0"/><line nr="92" mi="0" ci="1" mb="0" cb="0"/><line nr="102" mi="0" ci="4" mb="0" cb="0"/><line nr="103" mi="0" ci="3" mb="0" cb="0"/><line nr="104" mi="0" ci="5" mb="0" cb="0"/><line nr="116" mi="0" ci="6" mb="1" cb="3"/><line nr="117" mi="0" ci="5" mb="0" cb="0"/><line nr="118" mi="0" ci="2" mb="1" cb="1"/><line nr="120" mi="3" ci="0" mb="0" cb="0"/><line nr="121" mi="2" ci="0" mb="2" cb="0"/><line nr="122" mi="5" ci="0" mb="0" cb="0"/><line nr="124" mi="1" ci="0" mb="0" cb="0"/><line nr="125" mi="5" ci="0" mb="0" cb="0"/><line nr="126" mi="1" ci="0" mb="0" cb="0"/><line nr="129" mi="0" ci="3" mb="0" cb="2"/><line nr="130" mi="0" ci="5" mb="0" cb="0"/><line nr="131" mi="0" ci="5" mb="0" cb="0"/><line nr="132" mi="0" ci="4" mb="0" cb="0"/><line nr="133" mi="0" ci="2" mb="1" cb="1"/><line nr="134" mi="4" ci="0" mb="0" cb="0"/><line nr="136" mi="0" ci="5" mb="1" cb="1"/><line nr="137" mi="2" ci="0" mb="0" cb="0"/><line nr="139" mi="17" ci="0" mb="2" cb="0"/><line nr="140" mi="2" ci="0" mb="0" cb="0"/><line nr="141" mi="3" ci="0" mb="0" cb="0"/><line nr="143" mi="1" ci="0" mb="0" cb="0"/><line nr="144" mi="9" ci="0" mb="0" cb="0"/><line nr="146" mi="5" ci="0" mb="0" cb="0"/><line nr="147" mi="1" ci="0" mb="0" cb="0"/><line nr="149" mi="0" ci="4" mb="0" cb="0"/><line nr="150" mi="0" ci="4" mb="0" cb="0"/><line nr="151" mi="2" ci="6" mb="5" cb="3"/><line nr="152" mi="2" ci="0" mb="0" cb="0"/><line nr="153" mi="5" ci="0" mb="0" cb="0"/><line nr="155" mi="0" ci="5" mb="1" cb="1"/><line nr="157" mi="6" ci="0" mb="0" cb="0"/><line nr="158" mi="2" ci="0" mb="2" cb="0"/><line nr="159" mi="5" ci="0" mb="0" cb="0"/><line nr="161" mi="1" ci="0" mb="0" cb="0"/><line nr="162" mi="5" ci="0" mb="0" cb="0"/><line nr="163" mi="1" ci="0" mb="0" cb="0"/><line nr="166" mi="0" ci="1" mb="0" cb="0"/><line nr="179" mi="0" ci="16" mb="0" cb="2"/><line nr="180" mi="0" ci="4" mb="0" cb="0"/><line nr="182" mi="0" ci="1" mb="0" cb="0"/><line nr="195" mi="0" ci="2" mb="1" cb="1"/><line nr="196" mi="3" ci="0" mb="0" cb="0"/><line nr="197" mi="9" ci="0" mb="0" cb="0"/><line nr="198" mi="5" ci="0" mb="0" cb="0"/><line nr="199" mi="0" ci="8" mb="2" cb="2"/><line nr="200" mi="0" ci="5" mb="0" cb="0"/><line nr="201" mi="0" ci="3" mb="0" cb="0"/><line nr="202" mi="0" ci="17" mb="2" cb="4"/><line nr="203" mi="0" ci="3" mb="0" cb="0"/><line nr="204" mi="0" ci="14" mb="3" cb="3"/><line nr="205" mi="0" ci="6" mb="2" cb="2"/><line nr="206" mi="3" ci="0" mb="2" cb="0"/><line nr="207" mi="6" ci="0" mb="0" cb="0"/><line nr="209" mi="4" ci="0" mb="2" cb="0"/><line nr="210" mi="3" ci="0" mb="0" cb="0"/><line nr="211" mi="13" ci="0" mb="0" cb="0"/><line nr="212" mi="5" ci="0" mb="0" cb="0"/><line nr="215" mi="3" ci="8" mb="3" cb="1"/><line nr="216" mi="10" ci="0" mb="6" cb="0"/><line nr="217" mi="3" ci="0" mb="0" cb="0"/><line nr="218" mi="13" ci="0" mb="0" cb="0"/><line nr="219" mi="5" ci="0" mb="0" cb="0"/><line nr="221" mi="3" ci="0" mb="2" cb="0"/><line nr="222" mi="3" ci="0" mb="0" cb="0"/><line nr="223" mi="13" ci="0" mb="0" cb="0"/><line nr="224" mi="5" ci="0" mb="0" cb="0"/><line nr="226" mi="0" ci="3" mb="0" cb="2"/><line nr="227" mi="0" ci="3" mb="0" cb="0"/><line nr="228" mi="0" ci="13" mb="0" cb="0"/><line nr="229" mi="0" ci="5" mb="0" cb="0"/><line nr="235" mi="16" ci="1" mb="8" cb="0"/><line nr="236" mi="5" ci="0" mb="0" cb="0"/><line nr="239" mi="0" ci="1" mb="0" cb="0"/><line nr="249" mi="0" ci="4" mb="0" cb="0"/><line nr="250" mi="0" ci="3" mb="0" cb="0"/><line nr="251" mi="0" ci="3" mb="0" cb="0"/><line nr="253" mi="0" ci="2" mb="0" cb="0"/><line nr="265" mi="0" ci="15" mb="0" cb="0"/><line nr="268" mi="0" ci="7" mb="0" cb="0"/><line nr="270" mi="0" ci="7" mb="0" cb="0"/><line nr="271" mi="0" ci="7" mb="0" cb="0"/><line nr="274" mi="0" ci="5" mb="0" cb="0"/><line nr="276" mi="0" ci="6" mb="0" cb="0"/><line nr="277" mi="0" ci="6" mb="0" cb="0"/><line nr="278" mi="0" ci="5" mb="0" cb="0"/><line nr="279" mi="0" ci="6" mb="0" cb="0"/><line nr="280" mi="0" ci="7" mb="0" cb="0"/><line nr="282" mi="0" ci="7" mb="0" cb="0"/><line nr="284" mi="0" ci="6" mb="0" cb="0"/><line nr="286" mi="0" ci="6" mb="0" cb="0"/><line nr="287" mi="0" ci="6" mb="0" cb="0"/><line nr="290" mi="0" ci="3" mb="0" cb="0"/><line nr="292" mi="0" ci="1" mb="0" cb="0"/><line nr="303" mi="0" ci="4" mb="0" cb="0"/><line nr="304" mi="0" ci="6" mb="0" cb="0"/><line nr="306" mi="0" ci="6" mb="0" cb="0"/><line nr="308" mi="0" ci="6" mb="0" cb="0"/><line nr="310" mi="0" ci="6" mb="0" cb="0"/><line nr="312" mi="0" ci="6" mb="0" cb="0"/><line nr="314" mi="0" ci="6" mb="0" cb="0"/><line nr="316" mi="0" ci="6" mb="0" cb="0"/><line nr="318" mi="0" ci="7" mb="0" cb="0"/><line nr="321" mi="0" ci="6" mb="0" cb="0"/><line nr="323" mi="0" ci="6" mb="0" cb="0"/><line nr="325" mi="0" ci="7" mb="0" cb="0"/><line nr="327" mi="0" ci="6" mb="0" cb="0"/><line nr="329" mi="0" ci="6" mb="0" cb="0"/><line nr="331" mi="0" ci="6" mb="0" cb="0"/><line nr="333" mi="0" ci="6" mb="0" cb="0"/><line nr="336" mi="0" ci="6" mb="0" cb="0"/><line nr="338" mi="0" ci="6" mb="0" cb="0"/><line nr="340" mi="0" ci="6" mb="0" cb="0"/><line nr="343" mi="0" ci="6" mb="0" cb="0"/><line nr="346" mi="0" ci="5" mb="0" cb="0"/><line nr="349" mi="0" ci="6" mb="0" cb="0"/><line nr="351" mi="0" ci="5" mb="0" cb="0"/><line nr="353" mi="0" ci="6" mb="0" cb="0"/><line nr="355" mi="0" ci="6" mb="0" cb="0"/><line nr="357" mi="0" ci="6" mb="0" cb="0"/><line nr="359" mi="0" ci="6" mb="0" cb="0"/><line nr="361" mi="0" ci="6" mb="0" cb="0"/><line nr="363" mi="0" ci="6" mb="0" cb="0"/><line nr="365" mi="0" ci="6" mb="0" cb="0"/><line nr="367" mi="0" ci="6" mb="0" cb="0"/><line nr="369" mi="0" ci="6" mb="0" cb="0"/><line nr="371" mi="0" ci="6" mb="0" cb="0"/><line nr="375" mi="0" ci="6" mb="0" cb="0"/><line nr="378" mi="0" ci="6" mb="0" cb="0"/><line nr="381" mi="0" ci="6" mb="0" cb="0"/><line nr="385" mi="0" ci="6" mb="0" cb="0"/><line nr="387" mi="0" ci="7" mb="0" cb="0"/><line nr="390" mi="0" ci="6" mb="0" cb="0"/><line nr="391" mi="0" ci="6" mb="0" cb="0"/><line nr="392" mi="0" ci="5" mb="0" cb="0"/><line nr="393" mi="0" ci="5" mb="0" cb="0"/><line nr="394" mi="0" ci="5" mb="0" cb="0"/><line nr="395" mi="0" ci="5" mb="0" cb="0"/><line nr="396" mi="0" ci="5" mb="0" cb="0"/><line nr="397" mi="0" ci="5" mb="0" cb="0"/><line nr="398" mi="0" ci="5" mb="0" cb="0"/><line nr="399" mi="0" ci="5" mb="0" cb="0"/><line nr="400" mi="0" ci="5" mb="0" cb="0"/><line nr="401" mi="0" ci="5" mb="0" cb="0"/><line nr="402" mi="0" ci="5" mb="0" cb="0"/><line nr="403" mi="0" ci="5" mb="0" cb="0"/><line nr="404" mi="0" ci="5" mb="0" cb="0"/><line nr="405" mi="0" ci="5" mb="0" cb="0"/><line nr="406" mi="0" ci="5" mb="0" cb="0"/><line nr="407" mi="0" ci="5" mb="0" cb="0"/><line nr="408" mi="0" ci="5" mb="0" cb="0"/><line nr="409" mi="0" ci="5" mb="0" cb="0"/><line nr="410" mi="0" ci="5" mb="0" cb="0"/><line nr="411" mi="0" ci="5" mb="0" cb="0"/><line nr="413" mi="0" ci="5" mb="0" cb="0"/><line nr="414" mi="0" ci="5" mb="0" cb="0"/><line nr="415" mi="0" ci="5" mb="0" cb="0"/><line nr="416" mi="0" ci="5" mb="0" cb="0"/><line nr="417" mi="0" ci="5" mb="0" cb="0"/><line nr="418" mi="0" ci="5" mb="0" cb="0"/><line nr="419" mi="0" ci="5" mb="0" cb="0"/><line nr="420" mi="0" ci="5" mb="0" cb="0"/><line nr="421" mi="0" ci="5" mb="0" cb="0"/><line nr="422" mi="0" ci="5" mb="0" cb="0"/><line nr="423" mi="0" ci="5" mb="0" cb="0"/><line nr="424" mi="0" ci="5" mb="0" cb="0"/><line nr="425" mi="0" ci="5" mb="0" cb="0"/><line nr="426" mi="0" ci="3" mb="0" cb="0"/><line nr="428" mi="0" ci="1" mb="0" cb="0"/><line nr="448" mi="0" ci="12" mb="0" cb="4"/><line nr="457" mi="0" ci="12" mb="0" cb="4"/><line nr="466" mi="0" ci="15" mb="0" cb="6"/><line nr="476" mi="2" ci="0" mb="0" cb="0"/><line nr="478" mi="7" ci="0" mb="0" cb="0"/><line nr="479" mi="2" ci="0" mb="2" cb="0"/><line nr="480" mi="2" ci="0" mb="0" cb="0"/><line nr="482" mi="1" ci="0" mb="0" cb="0"/><line nr="483" mi="3" ci="0" mb="0" cb="0"/><line nr="484" mi="1" ci="0" mb="0" cb="0"/><line nr="485" mi="2" ci="0" mb="0" cb="0"/><line nr="502" mi="0" ci="8" mb="1" cb="3"/><line nr="504" mi="0" ci="9" mb="0" cb="2"/><line nr="505" mi="1" ci="0" mb="0" cb="0"/><line nr="506" mi="4" ci="0" mb="0" cb="0"/><line nr="507" mi="2" ci="0" mb="0" cb="0"/><line nr="510" mi="0" ci="2" mb="0" cb="0"/><line nr="521" mi="0" ci="5" mb="1" cb="1"/><line nr="522" mi="0" ci="3" mb="0" cb="0"/><line nr="523" mi="0" ci="3" mb="0" cb="0"/><line nr="524" mi="0" ci="2" mb="0" cb="0"/><line nr="526" mi="5" ci="0" mb="0" cb="0"/><line nr="539" mi="0" ci="8" mb="2" cb="2"/><line nr="541" mi="0" ci="5" mb="0" cb="0"/><line nr="542" mi="1" ci="0" mb="0" cb="0"/><line nr="543" mi="2" ci="0" mb="0" cb="0"/><line nr="546" mi="6" ci="0" mb="0" cb="0"/><line nr="559" mi="0" ci="8" mb="1" cb="3"/><line nr="560" mi="0" ci="5" mb="0" cb="0"/><line nr="561" mi="0" ci="2" mb="1" cb="1"/><line nr="562" mi="0" ci="4" mb="0" cb="0"/><line nr="565" mi="0" ci="2" mb="0" cb="0"/><line nr="575" mi="0" ci="8" mb="1" cb="3"/><line nr="576" mi="0" ci="5" mb="0" cb="0"/><line nr="578" mi="0" ci="2" mb="0" cb="0"/><line nr="588" mi="0" ci="8" mb="1" cb="3"/><line nr="589" mi="0" ci="5" mb="0" cb="0"/><line nr="591" mi="0" ci="2" mb="0" cb="0"/><line nr="601" mi="0" ci="5" mb="0" cb="0"/><line nr="602" mi="0" ci="2" mb="0" cb="2"/><line nr="603" mi="0" ci="5" mb="0" cb="0"/><line nr="605" mi="0" ci="2" mb="0" cb="0"/><line nr="612" mi="0" ci="4" mb="0" cb="0"/><line nr="613" mi="0" ci="4" mb="0" cb="0"/><line nr="614" mi="0" ci="3" mb="0" cb="0"/><line nr="615" mi="0" ci="8" mb="1" cb="3"/><line nr="616" mi="0" ci="3" mb="0" cb="0"/><line nr="618" mi="0" ci="11" mb="0" cb="0"/><line nr="621" mi="0" ci="8" mb="0" cb="0"/><line nr="622" mi="0" ci="2" mb="0" cb="0"/><line nr="624" mi="0" ci="11" mb="0" cb="0"/><line nr="629" mi="0" ci="1" mb="0" cb="0"/><line nr="638" mi="0" ci="5" mb="0" cb="0"/><line nr="648" mi="5" ci="0" mb="0" cb="0"/><line nr="658" mi="5" ci="0" mb="0" cb="0"/><line nr="671" mi="13" ci="0" mb="4" cb="0"/><line nr="681" mi="0" ci="6" mb="0" cb="0"/><line nr="691" mi="0" ci="5" mb="1" cb="1"/><line nr="692" mi="5" ci="0" mb="0" cb="0"/><line nr="694" mi="0" ci="7" mb="0" cb="0"/><line nr="703" mi="5" ci="0" mb="0" cb="0"/><line nr="704" mi="2" ci="0" mb="2" cb="0"/><line nr="705" mi="2" ci="0" mb="0" cb="0"/><line nr="707" mi="2" ci="0" mb="0" cb="0"/><line nr="717" mi="0" ci="11" mb="0" cb="0"/><line nr="718" mi="0" ci="8" mb="0" cb="0"/><line nr="719" mi="0" ci="2" mb="0" cb="0"/><line nr="720" mi="0" ci="3" mb="0" cb="0"/><line nr="721" mi="0" ci="1" mb="0" cb="0"/><line nr="730" mi="2" ci="10" mb="2" cb="2"/><line nr="740" mi="12" ci="0" mb="4" cb="0"/><line nr="750" mi="5" ci="0" mb="0" cb="0"/><line nr="760" mi="0" ci="5" mb="0" cb="0"/><line nr="761" mi="0" ci="2" mb="1" cb="1"/><line nr="762" mi="4" ci="0" mb="0" cb="0"/><line nr="764" mi="0" ci="2" mb="0" cb="0"/><line nr="778" mi="0" ci="13" mb="1" cb="3"/><line nr="788" mi="0" ci="5" mb="1" cb="1"/><line nr="789" mi="0" ci="5" mb="0" cb="0"/><line nr="791" mi="0" ci="3" mb="0" cb="0"/><line nr="792" mi="0" ci="1" mb="0" cb="0"/><line nr="793" mi="0" ci="2" mb="0" cb="0"/><line nr="796" mi="2" ci="0" mb="0" cb="0"/><line nr="808" mi="0" ci="5" mb="1" cb="1"/><line nr="809" mi="5" ci="0" mb="0" cb="0"/><line nr="811" mi="4" ci="0" mb="0" cb="0"/><line nr="812" mi="1" ci="0" mb="0" cb="0"/><line nr="813" mi="2" ci="0" mb="0" cb="0"/><line nr="816" mi="0" ci="2" mb="0" cb="0"/><line nr="828" mi="0" ci="7" mb="0" cb="0"/><line nr="840" mi="0" ci="8" mb="0" cb="0"/><line nr="852" mi="0" ci="10" mb="0" cb="0"/><line nr="865" mi="0" ci="11" mb="0" cb="0"/><line nr="876" mi="0" ci="4" mb="0" cb="0"/><line nr="877" mi="0" ci="4" mb="0" cb="0"/><line nr="878" mi="0" ci="2" mb="0" cb="0"/><line nr="885" mi="3" ci="0" mb="0" cb="0"/><counter type="INSTRUCTION" missed="340" covered="1079"/><counter type="BRANCH" missed="78" covered="76"/><counter type="LINE" missed="73" covered="204"/><counter type="COMPLEXITY" missed="65" covered="55"/><counter type="METHOD" missed="8" covered="35"/><counter type="CLASS" missed="1" covered="1"/></sourcefile><sourcefile name="App.java"><line nr="63" mi="0" ci="4" mb="0" cb="0"/><line nr="81" mi="4" ci="0" mb="0" cb="0"/><line nr="82" mi="4" ci="0" mb="0" cb="0"/><line nr="83" mi="5" ci="0" mb="0" cb="0"/><line nr="84" mi="2" ci="0" mb="0" cb="0"/><line nr="85" mi="1" ci="0" mb="0" cb="0"/><line nr="90" mi="2" ci="0" mb="0" cb="0"/><line nr="91" mi="5" ci="0" mb="0" cb="0"/><line nr="92" mi="1" ci="0" mb="0" cb="0"/><line nr="99" mi="0" ci="2" mb="0" cb="0"/><line nr="100" mi="0" ci="3" mb="0" cb="0"/><line nr="101" mi="0" ci="1" mb="0" cb="0"/><line nr="110" mi="2" ci="0" mb="0" cb="0"/><line nr="111" mi="6" ci="0" mb="0" cb="0"/><line nr="114" mi="3" ci="0" mb="0" cb="0"/><line nr="115" mi="1" ci="0" mb="0" cb="0"/><line nr="116" mi="4" ci="0" mb="0" cb="0"/><line nr="117" mi="2" ci="0" mb="0" cb="0"/><line nr="118" mi="2" ci="0" mb="0" cb="0"/><line nr="119" mi="1" ci="0" mb="0" cb="0"/><line nr="120" mi="4" ci="0" mb="0" cb="0"/><line nr="121" mi="2" ci="0" mb="0" cb="0"/><line nr="122" mi="2" ci="0" mb="0" cb="0"/><line nr="123" mi="1" ci="0" mb="0" cb="0"/><line nr="124" mi="4" ci="0" mb="0" cb="0"/><line nr="125" mi="2" ci="0" mb="2" cb="0"/><line nr="126" mi="3" ci="0" mb="0" cb="0"/><line nr="129" mi="3" ci="0" mb="2" cb="0"/><line nr="130" mi="4" ci="0" mb="0" cb="0"/><line nr="131" mi="2" ci="0" mb="2" cb="0"/><line nr="132" mi="3" ci="0" mb="0" cb="0"/><line nr="133" mi="3" ci="0" mb="0" cb="0"/><line nr="136" mi="3" ci="0" mb="0" cb="0"/><line nr="137" mi="1" ci="0" mb="0" cb="0"/><line nr="138" mi="4" ci="0" mb="0" cb="0"/><line nr="139" mi="4" ci="0" mb="0" cb="0"/><line nr="140" mi="2" ci="0" mb="0" cb="0"/><line nr="141" mi="2" ci="0" mb="0" cb="0"/><line nr="142" mi="1" ci="0" mb="0" cb="0"/><line nr="143" mi="9" ci="0" mb="0" cb="0"/><line nr="144" mi="3" ci="0" mb="2" cb="0"/><line nr="145" mi="2" ci="0" mb="0" cb="0"/><line nr="146" mi="4" ci="0" mb="0" cb="0"/><line nr="149" mi="3" ci="0" mb="0" cb="0"/><line nr="152" mi="4" ci="0" mb="2" cb="0"/><line nr="153" mi="3" ci="0" mb="0" cb="0"/><line nr="154" mi="3" ci="0" mb="2" cb="0"/><line nr="156" mi="3" ci="0" mb="0" cb="0"/><line nr="157" mi="5" ci="0" mb="0" cb="0"/><line nr="158" mi="1" ci="0" mb="0" cb="0"/><line nr="159" mi="4" ci="0" mb="0" cb="0"/><line nr="160" mi="4" ci="0" mb="0" cb="0"/><line nr="161" mi="2" ci="0" mb="0" cb="0"/><line nr="162" mi="2" ci="0" mb="0" cb="0"/><line nr="163" mi="1" ci="0" mb="0" cb="0"/><line nr="165" mi="2" ci="0" mb="0" cb="0"/><line nr="166" mi="1" ci="0" mb="0" cb="0"/><line nr="167" mi="5" ci="0" mb="0" cb="0"/><line nr="168" mi="2" ci="0" mb="0" cb="0"/><line nr="169" mi="1" ci="0" mb="0" cb="0"/><line nr="170" mi="5" ci="0" mb="0" cb="0"/><line nr="171" mi="2" ci="0" mb="0" cb="0"/><line nr="173" mi="4" ci="0" mb="0" cb="0"/><line nr="175" mi="3" ci="0" mb="2" cb="0"/><line nr="177" mi="3" ci="0" mb="0" cb="0"/><line nr="178" mi="1" ci="0" mb="0" cb="0"/><line nr="179" mi="5" ci="0" mb="0" cb="0"/><line nr="180" mi="4" ci="0" mb="0" cb="0"/><line nr="181" mi="2" ci="0" mb="0" cb="0"/><line nr="182" mi="2" ci="0" mb="0" cb="0"/><line nr="183" mi="1" ci="0" mb="0" cb="0"/><line nr="185" mi="3" ci="0" mb="0" cb="0"/><line nr="186" mi="2" ci="0" mb="2" cb="0"/><line nr="187" mi="12" ci="0" mb="0" cb="0"/><line nr="188" mi="5" ci="0" mb="0" cb="0"/><line nr="190" mi="3" ci="0" mb="0" cb="0"/><line nr="192" mi="1" ci="0" mb="0" cb="0"/><line nr="193" mi="4" ci="0" mb="0" cb="0"/><line nr="194" mi="4" ci="0" mb="0" cb="0"/><line nr="195" mi="2" ci="0" mb="0" cb="0"/><line nr="196" mi="1" ci="0" mb="0" cb="0"/><line nr="197" mi="4" ci="0" mb="0" cb="0"/><line nr="198" mi="4" ci="0" mb="0" cb="0"/><line nr="199" mi="2" ci="0" mb="0" cb="0"/><line nr="200" mi="1" ci="0" mb="0" cb="0"/><line nr="201" mi="3" ci="0" mb="2" cb="0"/><line nr="202" mi="2" ci="0" mb="0" cb="0"/><line nr="203" mi="4" ci="0" mb="0" cb="0"/><line nr="205" mi="2" ci="0" mb="0" cb="0"/><line nr="207" mi="11" ci="0" mb="2" cb="0"/><line nr="208" mi="3" ci="0" mb="2" cb="0"/><line nr="209" mi="4" ci="0" mb="0" cb="0"/><line nr="210" mi="4" ci="0" mb="0" cb="0"/><line nr="212" mi="1" ci="0" mb="0" cb="0"/><line nr="214" mi="4" ci="0" mb="0" cb="0"/><line nr="217" mi="2" ci="0" mb="0" cb="0"/><line nr="219" mi="2" ci="0" mb="0" cb="0"/><line nr="245" mi="2" ci="0" mb="0" cb="0"/><line nr="247" mi="4" ci="0" mb="0" cb="0"/><line nr="248" mi="6" ci="0" mb="0" cb="0"/><line nr="250" mi="6" ci="0" mb="0" cb="0"/><line nr="251" mi="4" ci="0" mb="0" cb="0"/><line nr="253" mi="2" ci="0" mb="0" cb="0"/><line nr="255" mi="2" ci="0" mb="0" cb="0"/><line nr="256" mi="1" ci="0" mb="0" cb="0"/><line nr="257" mi="3" ci="0" mb="2" cb="0"/><line nr="258" mi="2" ci="0" mb="0" cb="0"/><line nr="260" mi="2" ci="0" mb="0" cb="0"/><line nr="261" mi="1" ci="0" mb="0" cb="0"/><line nr="264" mi="16" ci="0" mb="2" cb="0"/><line nr="265" mi="9" ci="0" mb="0" cb="0"/><line nr="267" mi="1" ci="0" mb="0" cb="0"/><line nr="268" mi="2" ci="0" mb="2" cb="0"/><line nr="269" mi="3" ci="0" mb="0" cb="0"/><line nr="270" mi="2" ci="0" mb="0" cb="0"/><line nr="272" mi="2" ci="0" mb="0" cb="0"/><line nr="274" mi="1" ci="0" mb="0" cb="0"/><line nr="275" mi="6" ci="0" mb="4" cb="0"/><line nr="276" mi="2" ci="0" mb="0" cb="0"/><line nr="278" mi="7" ci="0" mb="0" cb="0"/><line nr="280" mi="2" ci="0" mb="2" cb="0"/><line nr="281" mi="2" ci="0" mb="0" cb="0"/><line nr="296" mi="2" ci="0" mb="0" cb="0"/><line nr="298" mi="17" ci="0" mb="2" cb="0"/><line nr="299" mi="4" ci="0" mb="2" cb="0"/><line nr="300" mi="11" ci="0" mb="2" cb="0"/><line nr="301" mi="5" ci="0" mb="0" cb="0"/><line nr="302" mi="10" ci="0" mb="4" cb="0"/><line nr="303" mi="9" ci="0" mb="4" cb="0"/><line nr="304" mi="8" ci="0" mb="4" cb="0"/><line nr="305" mi="2" ci="0" mb="0" cb="0"/><line nr="307" mi="1" ci="0" mb="0" cb="0"/><line nr="310" mi="2" ci="0" mb="0" cb="0"/><line nr="322" mi="4" ci="0" mb="0" cb="0"/><line nr="323" mi="10" ci="0" mb="2" cb="0"/><line nr="324" mi="4" ci="0" mb="0" cb="0"/><line nr="325" mi="4" ci="0" mb="0" cb="0"/><line nr="326" mi="5" ci="0" mb="0" cb="0"/><line nr="328" mi="4" ci="0" mb="0" cb="0"/><line nr="329" mi="5" ci="0" mb="0" cb="0"/><line nr="330" mi="6" ci="0" mb="0" cb="0"/><line nr="331" mi="12" ci="0" mb="4" cb="0"/><line nr="332" mi="2" ci="0" mb="2" cb="0"/><line nr="333" mi="5" ci="0" mb="0" cb="0"/><line nr="334" mi="3" ci="0" mb="0" cb="0"/><line nr="336" mi="6" ci="0" mb="0" cb="0"/><line nr="337" mi="2" ci="0" mb="0" cb="0"/><line nr="339" mi="10" ci="0" mb="0" cb="0"/><line nr="340" mi="10" ci="0" mb="0" cb="0"/><line nr="341" mi="3" ci="0" mb="0" cb="0"/><line nr="342" mi="7" ci="0" mb="0" cb="0"/><line nr="343" mi="3" ci="0" mb="0" cb="0"/><line nr="344" mi="3" ci="0" mb="0" cb="0"/><line nr="345" mi="2" ci="0" mb="2" cb="0"/><line nr="346" mi="3" ci="0" mb="0" cb="0"/><line nr="348" mi="5" ci="0" mb="4" cb="0"/><line nr="349" mi="16" ci="0" mb="2" cb="0"/><line nr="350" mi="10" ci="0" mb="0" cb="0"/><line nr="352" mi="3" ci="0" mb="0" cb="0"/><line nr="354" mi="2" ci="0" mb="0" cb="0"/><line nr="355" mi="3" ci="0" mb="2" cb="0"/><line nr="356" mi="17" ci="0" mb="2" cb="0"/><line nr="357" mi="6" ci="0" mb="0" cb="0"/><line nr="358" mi="5" ci="0" mb="0" cb="0"/><line nr="359" mi="4" ci="0" mb="0" cb="0"/><line nr="362" mi="1" ci="0" mb="0" cb="0"/><line nr="363" mi="2" ci="0" mb="0" cb="0"/><line nr="373" mi="4" ci="0" mb="0" cb="0"/><line nr="374" mi="16" ci="0" mb="2" cb="0"/><line nr="375" mi="4" ci="0" mb="0" cb="0"/><line nr="376" mi="4" ci="0" mb="0" cb="0"/><line nr="378" mi="2" ci="0" mb="0" cb="0"/><line nr="389" mi="8" ci="0" mb="0" cb="0"/><line nr="390" mi="2" ci="0" mb="0" cb="0"/><line nr="392" mi="1" ci="0" mb="0" cb="0"/><line nr="403" mi="0" ci="4" mb="0" cb="0"/><line nr="404" mi="0" ci="2" mb="0" cb="2"/><line nr="406" mi="0" ci="4" mb="0" cb="0"/><line nr="407" mi="1" ci="0" mb="0" cb="0"/><line nr="408" mi="16" ci="0" mb="0" cb="0"/><line nr="409" mi="1" ci="0" mb="0" cb="0"/><line nr="410" mi="16" ci="0" mb="0" cb="0"/><line nr="411" mi="0" ci="1" mb="0" cb="0"/><line nr="413" mi="0" ci="4" mb="0" cb="0"/><line nr="414" mi="0" ci="2" mb="1" cb="1"/><line nr="415" mi="6" ci="0" mb="0" cb="0"/><line nr="416" mi="0" ci="3" mb="1" cb="1"/><line nr="417" mi="0" ci="7" mb="0" cb="0"/><line nr="418" mi="0" ci="6" mb="0" cb="0"/><line nr="419" mi="0" ci="1" mb="0" cb="0"/><line nr="420" mi="9" ci="0" mb="0" cb="0"/><line nr="421" mi="3" ci="0" mb="0" cb="0"/><line nr="422" mi="5" ci="0" mb="0" cb="0"/><line nr="423" mi="6" ci="0" mb="0" cb="0"/><line nr="424" mi="6" ci="0" mb="0" cb="0"/><line nr="426" mi="0" ci="9" mb="0" cb="2"/><line nr="427" mi="0" ci="5" mb="0" cb="0"/><line nr="428" mi="0" ci="6" mb="0" cb="0"/><line nr="429" mi="0" ci="1" mb="0" cb="0"/><line nr="430" mi="0" ci="6" mb="0" cb="0"/><line nr="431" mi="0" ci="1" mb="0" cb="0"/><line nr="432" mi="0" ci="6" mb="0" cb="0"/><line nr="433" mi="0" ci="1" mb="0" cb="0"/><line nr="434" mi="0" ci="6" mb="0" cb="0"/><line nr="435" mi="0" ci="1" mb="0" cb="0"/><line nr="436" mi="0" ci="6" mb="0" cb="0"/><line nr="437" mi="0" ci="1" mb="0" cb="0"/><line nr="438" mi="0" ci="6" mb="0" cb="0"/><line nr="439" mi="0" ci="1" mb="0" cb="0"/><line nr="440" mi="0" ci="6" mb="0" cb="0"/><line nr="441" mi="0" ci="1" mb="0" cb="0"/><line nr="442" mi="0" ci="6" mb="0" cb="0"/><line nr="443" mi="0" ci="1" mb="0" cb="0"/><line nr="444" mi="0" ci="6" mb="0" cb="0"/><line nr="445" mi="0" ci="1" mb="0" cb="0"/><line nr="447" mi="0" ci="6" mb="0" cb="0"/><line nr="448" mi="0" ci="1" mb="0" cb="0"/><line nr="449" mi="0" ci="6" mb="0" cb="0"/><line nr="450" mi="0" ci="1" mb="0" cb="0"/><line nr="451" mi="0" ci="6" mb="0" cb="0"/><line nr="452" mi="0" ci="1" mb="0" cb="0"/><line nr="453" mi="0" ci="6" mb="0" cb="0"/><line nr="454" mi="0" ci="1" mb="0" cb="0"/><line nr="455" mi="0" ci="6" mb="0" cb="0"/><line nr="456" mi="0" ci="1" mb="0" cb="0"/><line nr="457" mi="0" ci="6" mb="0" cb="0"/><line nr="458" mi="0" ci="1" mb="0" cb="0"/><line nr="459" mi="0" ci="7" mb="0" cb="0"/><line nr="460" mi="0" ci="5" mb="0" cb="2"/><line nr="461" mi="0" ci="7" mb="0" cb="0"/><line nr="462" mi="0" ci="5" mb="0" cb="2"/><line nr="463" mi="0" ci="7" mb="0" cb="0"/><line nr="464" mi="0" ci="5" mb="0" cb="2"/><line nr="465" mi="0" ci="7" mb="0" cb="0"/><line nr="466" mi="0" ci="5" mb="0" cb="2"/><line nr="467" mi="0" ci="7" mb="0" cb="0"/><line nr="468" mi="0" ci="5" mb="0" cb="2"/><line nr="469" mi="0" ci="7" mb="0" cb="0"/><line nr="470" mi="0" ci="5" mb="0" cb="2"/><line nr="471" mi="0" ci="7" mb="0" cb="0"/><line nr="472" mi="0" ci="5" mb="0" cb="2"/><line nr="473" mi="0" ci="7" mb="0" cb="0"/><line nr="474" mi="0" ci="5" mb="0" cb="2"/><line nr="475" mi="0" ci="7" mb="0" cb="0"/><line nr="476" mi="0" ci="5" mb="0" cb="2"/><line nr="477" mi="0" ci="7" mb="0" cb="0"/><line nr="478" mi="0" ci="5" mb="0" cb="2"/><line nr="479" mi="0" ci="7" mb="0" cb="0"/><line nr="480" mi="0" ci="5" mb="0" cb="2"/><line nr="481" mi="0" ci="7" mb="0" cb="0"/><line nr="482" mi="1" ci="4" mb="1" cb="1"/><line nr="483" mi="0" ci="7" mb="0" cb="0"/><line nr="484" mi="1" ci="4" mb="1" cb="1"/><line nr="485" mi="0" ci="7" mb="0" cb="0"/><line nr="486" mi="0" ci="5" mb="0" cb="2"/><line nr="487" mi="0" ci="7" mb="0" cb="0"/><line nr="488" mi="0" ci="5" mb="0" cb="2"/><line nr="489" mi="0" ci="7" mb="0" cb="0"/><line nr="490" mi="1" ci="4" mb="1" cb="1"/><line nr="491" mi="0" ci="7" mb="0" cb="0"/><line nr="492" mi="1" ci="4" mb="1" cb="1"/><line nr="493" mi="0" ci="7" mb="0" cb="0"/><line nr="494" mi="2" ci="3" mb="1" cb="1"/><line nr="496" mi="0" ci="5" mb="0" cb="0"/><line nr="497" mi="2" ci="3" mb="1" cb="1"/><line nr="498" mi="0" ci="7" mb="0" cb="0"/><line nr="499" mi="1" ci="4" mb="1" cb="1"/><line nr="500" mi="0" ci="7" mb="0" cb="0"/><line nr="501" mi="1" ci="4" mb="1" cb="1"/><line nr="502" mi="0" ci="7" mb="0" cb="0"/><line nr="503" mi="0" ci="5" mb="0" cb="2"/><line nr="504" mi="0" ci="7" mb="0" cb="0"/><line nr="505" mi="0" ci="5" mb="0" cb="2"/><line nr="506" mi="0" ci="7" mb="0" cb="0"/><line nr="507" mi="0" ci="5" mb="0" cb="2"/><line nr="508" mi="0" ci="7" mb="0" cb="0"/><line nr="509" mi="0" ci="5" mb="0" cb="2"/><line nr="510" mi="0" ci="7" mb="0" cb="0"/><line nr="511" mi="1" ci="4" mb="1" cb="1"/><line nr="512" mi="0" ci="7" mb="0" cb="0"/><line nr="513" mi="1" ci="4" mb="1" cb="1"/><line nr="514" mi="0" ci="7" mb="0" cb="0"/><line nr="515" mi="1" ci="4" mb="1" cb="1"/><line nr="517" mi="0" ci="6" mb="0" cb="0"/><line nr="518" mi="0" ci="1" mb="0" cb="0"/><line nr="519" mi="0" ci="6" mb="0" cb="0"/><line nr="520" mi="0" ci="1" mb="0" cb="0"/><line nr="521" mi="0" ci="6" mb="0" cb="0"/><line nr="522" mi="0" ci="1" mb="0" cb="0"/><line nr="523" mi="0" ci="6" mb="0" cb="0"/><line nr="524" mi="0" ci="1" mb="0" cb="0"/><line nr="525" mi="0" ci="7" mb="0" cb="0"/><line nr="526" mi="0" ci="1" mb="0" cb="0"/><line nr="527" mi="0" ci="6" mb="0" cb="0"/><line nr="528" mi="0" ci="1" mb="0" cb="0"/><line nr="529" mi="0" ci="6" mb="0" cb="0"/><line nr="530" mi="0" ci="1" mb="0" cb="0"/><line nr="531" mi="0" ci="6" mb="0" cb="0"/><line nr="532" mi="0" ci="1" mb="0" cb="0"/><line nr="533" mi="0" ci="6" mb="0" cb="0"/><line nr="534" mi="0" ci="1" mb="0" cb="0"/><line nr="535" mi="0" ci="6" mb="0" cb="0"/><line nr="536" mi="0" ci="1" mb="0" cb="0"/><line nr="537" mi="0" ci="6" mb="0" cb="0"/><line nr="538" mi="0" ci="1" mb="0" cb="0"/><line nr="539" mi="0" ci="6" mb="0" cb="0"/><line nr="540" mi="0" ci="1" mb="0" cb="0"/><line nr="541" mi="0" ci="6" mb="0" cb="0"/><line nr="542" mi="0" ci="1" mb="0" cb="0"/><line nr="543" mi="0" ci="6" mb="0" cb="0"/><line nr="544" mi="0" ci="1" mb="0" cb="0"/><line nr="545" mi="0" ci="6" mb="0" cb="0"/><line nr="546" mi="0" ci="1" mb="0" cb="0"/><line nr="547" mi="0" ci="6" mb="0" cb="0"/><line nr="548" mi="0" ci="1" mb="0" cb="0"/><line nr="549" mi="0" ci="6" mb="0" cb="0"/><line nr="550" mi="0" ci="1" mb="0" cb="0"/><line nr="551" mi="0" ci="6" mb="0" cb="0"/><line nr="552" mi="0" ci="1" mb="0" cb="0"/><line nr="554" mi="0" ci="3" mb="0" cb="0"/><line nr="555" mi="0" ci="5" mb="0" cb="0"/><line nr="556" mi="0" ci="6" mb="0" cb="0"/><line nr="557" mi="0" ci="1" mb="0" cb="0"/><line nr="558" mi="0" ci="6" mb="0" cb="0"/><line nr="559" mi="0" ci="1" mb="0" cb="0"/><line nr="560" mi="0" ci="6" mb="0" cb="0"/><line nr="561" mi="0" ci="1" mb="0" cb="0"/><line nr="562" mi="0" ci="6" mb="0" cb="0"/><line nr="563" mi="0" ci="1" mb="0" cb="0"/><line nr="564" mi="0" ci="6" mb="0" cb="0"/><line nr="565" mi="0" ci="1" mb="0" cb="0"/><line nr="566" mi="0" ci="6" mb="0" cb="0"/><line nr="567" mi="0" ci="1" mb="0" cb="0"/><line nr="568" mi="0" ci="6" mb="0" cb="0"/><line nr="569" mi="0" ci="1" mb="0" cb="0"/><line nr="570" mi="0" ci="6" mb="0" cb="0"/><line nr="571" mi="0" ci="1" mb="0" cb="0"/><line nr="572" mi="0" ci="6" mb="0" cb="0"/><line nr="573" mi="0" ci="1" mb="0" cb="0"/><line nr="574" mi="0" ci="1" mb="0" cb="0"/><line nr="582" mi="2" ci="0" mb="0" cb="0"/><line nr="583" mi="4" ci="0" mb="0" cb="0"/><line nr="585" mi="4" ci="0" mb="0" cb="0"/><line nr="586" mi="3" ci="0" mb="0" cb="0"/><line nr="587" mi="3" ci="0" mb="0" cb="0"/><line nr="588" mi="2" ci="0" mb="0" cb="0"/><line nr="589" mi="4" ci="0" mb="0" cb="0"/><line nr="590" mi="3" ci="0" mb="0" cb="0"/><line nr="591" mi="3" ci="0" mb="0" cb="0"/><line nr="592" mi="3" ci="0" mb="0" cb="0"/><line nr="593" mi="3" ci="0" mb="0" cb="0"/><line nr="594" mi="5" ci="0" mb="0" cb="0"/><line nr="595" mi="3" ci="0" mb="0" cb="0"/><line nr="596" mi="4" ci="0" mb="0" cb="0"/><line nr="597" mi="3" ci="0" mb="2" cb="0"/><line nr="598" mi="5" ci="0" mb="0" cb="0"/><line nr="600" mi="3" ci="0" mb="0" cb="0"/><line nr="601" mi="2" ci="0" mb="0" cb="0"/><line nr="602" mi="4" ci="0" mb="0" cb="0"/><line nr="603" mi="3" ci="0" mb="0" cb="0"/><line nr="604" mi="4" ci="0" mb="0" cb="0"/><line nr="605" mi="4" ci="0" mb="0" cb="0"/><line nr="606" mi="3" ci="0" mb="0" cb="0"/><line nr="607" mi="2" ci="0" mb="0" cb="0"/><line nr="608" mi="9" ci="0" mb="0" cb="0"/><line nr="609" mi="3" ci="0" mb="0" cb="0"/><line nr="610" mi="1" ci="0" mb="0" cb="0"/><line nr="623" mi="0" ci="2" mb="0" cb="0"/><line nr="624" mi="0" ci="5" mb="0" cb="0"/><line nr="625" mi="0" ci="8" mb="1" cb="3"/><line nr="627" mi="0" ci="4" mb="0" cb="0"/><line nr="628" mi="0" ci="2" mb="1" cb="1"/><line nr="629" mi="2" ci="0" mb="0" cb="0"/><line nr="631" mi="0" ci="1" mb="0" cb="0"/><line nr="632" mi="0" ci="5" mb="0" cb="0"/><line nr="633" mi="0" ci="4" mb="0" cb="0"/><line nr="634" mi="0" ci="1" mb="0" cb="0"/><line nr="635" mi="0" ci="2" mb="0" cb="0"/><line nr="638" mi="0" ci="5" mb="0" cb="0"/><line nr="640" mi="0" ci="3" mb="0" cb="0"/><line nr="641" mi="0" ci="2" mb="0" cb="2"/><line nr="642" mi="0" ci="6" mb="0" cb="0"/><line nr="644" mi="1" ci="0" mb="0" cb="0"/><line nr="645" mi="4" ci="0" mb="0" cb="0"/><line nr="646" mi="4" ci="0" mb="0" cb="0"/><line nr="647" mi="0" ci="1" mb="0" cb="0"/><line nr="648" mi="0" ci="6" mb="0" cb="0"/><line nr="658" mi="4" ci="4" mb="3" cb="1"/><line nr="659" mi="0" ci="4" mb="0" cb="0"/><line nr="660" mi="0" ci="4" mb="0" cb="0"/><line nr="661" mi="2" ci="5" mb="1" cb="1"/><line nr="662" mi="2" ci="5" mb="1" cb="1"/><line nr="663" mi="1" ci="6" mb="1" cb="1"/><line nr="664" mi="0" ci="5" mb="0" cb="0"/><line nr="665" mi="0" ci="2" mb="0" cb="0"/><line nr="667" mi="4" ci="0" mb="0" cb="0"/><counter type="INSTRUCTION" missed="868" covered="775"/><counter type="BRANCH" missed="97" covered="61"/><counter type="LINE" missed="213" covered="183"/><counter type="COMPLEXITY" missed="68" covered="26"/><counter type="METHOD" missed="10" covered="5"/><counter type="CLASS" missed="0" covered="1"/></sourcefile><counter type="INSTRUCTION" missed="1208" covered="1854"/><counter type="BRANCH" missed="175" covered="137"/><counter type="LINE" missed="286" covered="387"/><counter type="COMPLEXITY" missed="133" covered="81"/><counter type="METHOD" missed="18" covered="40"/><counter type="CLASS" missed="1" covered="2"/></package><counter type="INSTRUCTION" missed="1208" covered="1854"/><counter type="BRANCH" missed="175" covered="137"/><counter type="LINE" missed="286" covered="387"/><counter type="COMPLEXITY" missed="133" covered="81"/><counter type="METHOD" missed="18" covered="40"/><counter type="CLASS" missed="1" covered="2"/></report>