<!DOCTYPE html>


<!--
 | Generated by Apache Maven Doxia Site Renderer 2.0.0 from org.apache.maven.plugins:maven-surefire-report-plugin:3.5.2:failsafe-report-only at 2025-02-16
 | Rendered using Apache Maven Fluido Skin 2.0.0-M11
-->
<html xmlns="http://www.w3.org/1999/xhtml" lang="en">
  <head>
    <meta charset="UTF-8" />
    <meta name="viewport" content="width=device-width, initial-scale=1" />
    <meta name="generator" content="Apache Maven Doxia Site Renderer 2.0.0" />
    <title>Failsafe Report – dependency-check-core</title>
    <link rel="stylesheet" href="./css/apache-maven-fluido-2.0.0-M11.min.css" />
    <link rel="stylesheet" href="./css/site.css" />
    <link rel="stylesheet" href="./css/print.css" media="print" />
    <script src="./js/apache-maven-fluido-2.0.0-M11.min.js"></script>
<style type="text/css">
                #bannerLeft { margin-top:-20px;margin-bottom:5px !important}
                a.externalLink[href^=https]{padding-right:inherit;background-image:none !important}
                a.externalLink[href^=http]{padding-right:inherit;background-image:none !important}
            </style>
    <style>.github-fork-ribbon:before { background-color: gray; }</style>
  </head>
  <body>
    <a class="github-fork-ribbon right-top" href="https://github.com/jeremylong/DependencyCheck" data-ribbon="Fork me on GitHub">Fork me on GitHub</a>
    <div class="container-fluid container-fluid-top">
      <header>
        <div id="banner">
          <div class="pull-left"><div id="bannerLeft"><h1><img class="class java.lang.Object" src="images/dc-core.svg" alt="OWASP dependency-check-core" /></h1></div></div>
          <div class="pull-right"></div>
          <div class="clear"><hr/></div>
        </div>

        <div id="breadcrumbs">
          <ul class="breadcrumb">
      <li><a href="https://www.owasp.org/" class="externalLink">OWASP</a><span class="divider">/</span></li>
      <li><a href="https://www.owasp.org/index.php/OWASP_Dependency_Check" class="externalLink">Dependency-Check</a><span class="divider">/</span></li>
      <li><a href="../">documentation</a><span class="divider">/</span></li>
      <li><a href="../index.html">dependency-check</a><span class="divider">/</span></li>
    <li class="active">Failsafe Report</li>
        <li id="publishDate" class="pull-right"><span class="divider">|</span> Last Published: 2025-02-16</li>
          <li id="projectVersion" class="pull-right">Version: 12.1.0</li>
          </ul>
        </div>
      </header>
      <div class="row-fluid">
        <header id="leftColumn" class="span2">
          <nav class="well sidebar-nav">
  <ul class="nav nav-list">
    <li><a href="index.html">About</a></li>
   <li class="nav-header">Project Documentation</li>
    <li><a href="project-info.html"><span class="icon-chevron-right"></span>Project Information</a></li>
    <li><a href="project-reports.html"><span class="icon-chevron-down"></span>Project Reports</a>
     <ul class="nav nav-list">
      <li><a href="dependency-analysis.html">Dependency Analysis</a></li>
      <li><a href="apidocs/index.html">Javadoc</a></li>
      <li><a href="xref/index.html">Source Xref</a></li>
      <li><a href="xref-test/index.html">Test Source Xref</a></li>
      <li><a href="checkstyle.html">Checkstyle</a></li>
      <li><a href="surefire.html">Surefire</a></li>
      <li class="active"><a>Failsafe</a></li>
      <li><a href="jacoco/index.html">JaCoCo</a></li>
      <li><a href="spotbugs.html">SpotBugs</a></li>
      <li><a href="taglist.html">Tag List</a></li>
      <li><a href="dependency-updates-report.html">Dependency Updates Report</a></li>
      <li><a href="plugin-updates-report.html">Plugin Updates Report</a></li>
     </ul></li>
  </ul>
          </nav>
          <div class="well sidebar-nav">
            <div id="poweredBy">
              <div class="clear"></div>
    <div id="twitter" style="border:none; margin-top: 10px">
    <a href="https://twitter.com/ctxt" class="twitter-follow-button" data-show-count="true" data-align="left" data-size="medium" data-show-screen-name="true" data-lang="en" data-dnt="true" >Follow ctxt</a>
    <script async src="https://platform.twitter.com/widgets.js" charset="utf-8"></script>
    </div>
              <div class="clear"></div>
<a href="https://www.ej-technologies.com/products/jprofiler/overview.html" class="builtBy"><img class="builtBy" src="https://jeremylong.github.io/DependencyCheck/images/logos/jprofiler.png" alt="JProfiler Java Profiler" style="width: 170px;" /></a>
<a href="http://www.jetbrains.com/idea/" class="builtBy"><img class="builtBy" src="https://jeremylong.github.io/DependencyCheck/images/logos/logo_intellij_idea.png" alt="developed using IntelliJ" style="width: 170px;" /></a>
            </div>
          </div>
        </header>
        <main id="bodyColumn" class="span10">

<script>
function toggleDisplay(elementId) {
 var elm = document.getElementById(elementId + '-error');
 if (elm == null) {
  elm = document.getElementById(elementId + '-failure');
 }
 if (elm && typeof elm.style != "undefined") {
  if (elm.style.display == "none") {
   elm.style.display = "";
   document.getElementById(elementId + '-off').style.display = "none";
   document.getElementById(elementId + '-on').style.display = "inline";
  } else if (elm.style.display == "") {   elm.style.display = "none";
   document.getElementById(elementId + '-off').style.display = "inline";
   document.getElementById(elementId + '-on').style.display = "none";
  }
 }
 }
</script>
<section><a id="Failsafe_Report"></a>
<h1>Failsafe Report</h1><section><a id="Summary"></a>
<h2>Summary</h2>
<p>[<a href="#Summary">Summary</a>] [<a href="#Package_List">Package List</a>] [<a href="#Test_Cases">Test Cases</a>]</p><br />
<table class="table table-striped">
<tr class="a">
<th>Tests</th>
<th>Errors</th>
<th>Failures</th>
<th>Skipped</th>
<th>Success Rate</th>
<th>Time</th></tr>
<tr class="b">
<td>73</td>
<td>0</td>
<td>0</td>
<td>6</td>
<td>91.8%</td>
<td>75.44 s</td></tr></table><br />
<p>Note: failures are anticipated and checked for with assertions while errors are unanticipated.</p><br /></section><section><a id="Package_List"></a>
<h2>Package List</h2>
<p>[<a href="#Summary">Summary</a>] [<a href="#Package_List">Package List</a>] [<a href="#Test_Cases">Test Cases</a>]</p><br />
<table class="table table-striped">
<tr class="a">
<th>Package</th>
<th>Tests</th>
<th>Errors</th>
<th>Failures</th>
<th>Skipped</th>
<th>Success Rate</th>
<th>Time</th></tr>
<tr class="b">
<td><a href="#org.owasp.dependencycheck.reporting">org.owasp.dependencycheck.reporting</a></td>
<td>4</td>
<td>0</td>
<td>0</td>
<td>0</td>
<td>100%</td>
<td>12.18 s</td></tr>
<tr class="a">
<td><a href="#org.owasp.dependencycheck.data.artifactory">org.owasp.dependencycheck.data.artifactory</a></td>
<td>1</td>
<td>0</td>
<td>0</td>
<td>1</td>
<td>0%</td>
<td>0 s</td></tr>
<tr class="b">
<td><a href="#org.owasp.dependencycheck.agent">org.owasp.dependencycheck.agent</a></td>
<td>1</td>
<td>0</td>
<td>0</td>
<td>0</td>
<td>100%</td>
<td>0.924 s</td></tr>
<tr class="a">
<td><a href="#org.owasp.dependencycheck.data.nvdcve">org.owasp.dependencycheck.data.nvdcve</a></td>
<td>9</td>
<td>0</td>
<td>0</td>
<td>0</td>
<td>100%</td>
<td>0.706 s</td></tr>
<tr class="b">
<td><a href="#org.owasp.dependencycheck">org.owasp.dependencycheck</a></td>
<td>2</td>
<td>0</td>
<td>0</td>
<td>0</td>
<td>100%</td>
<td>44.93 s</td></tr>
<tr class="a">
<td><a href="#org.owasp.dependencycheck.analyzer">org.owasp.dependencycheck.analyzer</a></td>
<td>56</td>
<td>0</td>
<td>0</td>
<td>5</td>
<td>91.1%</td>
<td>16.70 s</td></tr></table><br />
<p>Note: package statistics are not computed recursively, they only sum up all of its testsuites numbers.</p><section><a id="org.owasp.dependencycheck.reporting"></a>
<h3>org.owasp.dependencycheck.reporting</h3>
<table class="table table-striped">
<tr class="a">
<th>-</th>
<th>Class</th>
<th>Tests</th>
<th>Errors</th>
<th>Failures</th>
<th>Skipped</th>
<th>Success Rate</th>
<th>Time</th></tr>
<tr class="b">
<td><a href="#org.owasp.dependencycheck.reporting.ReportGeneratorIT"><img src="images/icon_success_sml.gif" /></a></td>
<td><a href="#org.owasp.dependencycheck.reporting.ReportGeneratorIT">ReportGeneratorIT</a></td>
<td>4</td>
<td>0</td>
<td>0</td>
<td>0</td>
<td>100%</td>
<td>12.18 s</td></tr></table></section><section><a id="org.owasp.dependencycheck.data.artifactory"></a>
<h3>org.owasp.dependencycheck.data.artifactory</h3>
<table class="table table-striped">
<tr class="a">
<th>-</th>
<th>Class</th>
<th>Tests</th>
<th>Errors</th>
<th>Failures</th>
<th>Skipped</th>
<th>Success Rate</th>
<th>Time</th></tr>
<tr class="b">
<td><a href="#org.owasp.dependencycheck.data.artifactory.ArtifactorySearchIT"><img src="images/icon_warning_sml.gif" /></a></td>
<td><a href="#org.owasp.dependencycheck.data.artifactory.ArtifactorySearchIT">ArtifactorySearchIT</a></td>
<td>1</td>
<td>0</td>
<td>0</td>
<td>1</td>
<td>0%</td>
<td>0 s</td></tr></table></section><section><a id="org.owasp.dependencycheck.agent"></a>
<h3>org.owasp.dependencycheck.agent</h3>
<table class="table table-striped">
<tr class="a">
<th>-</th>
<th>Class</th>
<th>Tests</th>
<th>Errors</th>
<th>Failures</th>
<th>Skipped</th>
<th>Success Rate</th>
<th>Time</th></tr>
<tr class="b">
<td><a href="#org.owasp.dependencycheck.agent.DependencyCheckScanAgentIT"><img src="images/icon_success_sml.gif" /></a></td>
<td><a href="#org.owasp.dependencycheck.agent.DependencyCheckScanAgentIT">DependencyCheckScanAgentIT</a></td>
<td>1</td>
<td>0</td>
<td>0</td>
<td>0</td>
<td>100%</td>
<td>0.924 s</td></tr></table></section><section><a id="org.owasp.dependencycheck.data.nvdcve"></a>
<h3>org.owasp.dependencycheck.data.nvdcve</h3>
<table class="table table-striped">
<tr class="a">
<th>-</th>
<th>Class</th>
<th>Tests</th>
<th>Errors</th>
<th>Failures</th>
<th>Skipped</th>
<th>Success Rate</th>
<th>Time</th></tr>
<tr class="b">
<td><a href="#org.owasp.dependencycheck.data.nvdcve.DatabasePropertiesIT"><img src="images/icon_success_sml.gif" /></a></td>
<td><a href="#org.owasp.dependencycheck.data.nvdcve.DatabasePropertiesIT">DatabasePropertiesIT</a></td>
<td>5</td>
<td>0</td>
<td>0</td>
<td>0</td>
<td>100%</td>
<td>0.302 s</td></tr>
<tr class="a">
<td><a href="#org.owasp.dependencycheck.data.nvdcve.CveDBIT"><img src="images/icon_success_sml.gif" /></a></td>
<td><a href="#org.owasp.dependencycheck.data.nvdcve.CveDBIT">CveDBIT</a></td>
<td>4</td>
<td>0</td>
<td>0</td>
<td>0</td>
<td>100%</td>
<td>0.404 s</td></tr></table></section><section><a id="org.owasp.dependencycheck"></a>
<h3>org.owasp.dependencycheck</h3>
<table class="table table-striped">
<tr class="a">
<th>-</th>
<th>Class</th>
<th>Tests</th>
<th>Errors</th>
<th>Failures</th>
<th>Skipped</th>
<th>Success Rate</th>
<th>Time</th></tr>
<tr class="b">
<td><a href="#org.owasp.dependencycheck.EngineIT"><img src="images/icon_success_sml.gif" /></a></td>
<td><a href="#org.owasp.dependencycheck.EngineIT">EngineIT</a></td>
<td>2</td>
<td>0</td>
<td>0</td>
<td>0</td>
<td>100%</td>
<td>44.93 s</td></tr></table></section><section><a id="org.owasp.dependencycheck.analyzer"></a>
<h3>org.owasp.dependencycheck.analyzer</h3>
<table class="table table-striped">
<tr class="a">
<th>-</th>
<th>Class</th>
<th>Tests</th>
<th>Errors</th>
<th>Failures</th>
<th>Skipped</th>
<th>Success Rate</th>
<th>Time</th></tr>
<tr class="b">
<td><a href="#org.owasp.dependencycheck.analyzer.DependencyBundlingAnalyzerIT"><img src="images/icon_success_sml.gif" /></a></td>
<td><a href="#org.owasp.dependencycheck.analyzer.DependencyBundlingAnalyzerIT">DependencyBundlingAnalyzerIT</a></td>
<td>1</td>
<td>0</td>
<td>0</td>
<td>0</td>
<td>100%</td>
<td>0.019 s</td></tr>
<tr class="a">
<td><a href="#org.owasp.dependencycheck.analyzer.PipAnalyzerIT"><img src="images/icon_success_sml.gif" /></a></td>
<td><a href="#org.owasp.dependencycheck.analyzer.PipAnalyzerIT">PipAnalyzerIT</a></td>
<td>1</td>
<td>0</td>
<td>0</td>
<td>0</td>
<td>100%</td>
<td>0.011 s</td></tr>
<tr class="b">
<td><a href="#org.owasp.dependencycheck.analyzer.ArchiveAnalyzerIT"><img src="images/icon_success_sml.gif" /></a></td>
<td><a href="#org.owasp.dependencycheck.analyzer.ArchiveAnalyzerIT">ArchiveAnalyzerIT</a></td>
<td>15</td>
<td>0</td>
<td>0</td>
<td>0</td>
<td>100%</td>
<td>2.610 s</td></tr>
<tr class="a">
<td><a href="#org.owasp.dependencycheck.analyzer.RubyBundleAuditAnalyzerIT"><img src="images/icon_warning_sml.gif" /></a></td>
<td><a href="#org.owasp.dependencycheck.analyzer.RubyBundleAuditAnalyzerIT">RubyBundleAuditAnalyzerIT</a></td>
<td>6</td>
<td>0</td>
<td>0</td>
<td>3</td>
<td>50.0%</td>
<td>0.641 s</td></tr>
<tr class="b">
<td><a href="#org.owasp.dependencycheck.analyzer.VulnerabilitySuppressionAnalyzerIT"><img src="images/icon_success_sml.gif" /></a></td>
<td><a href="#org.owasp.dependencycheck.analyzer.VulnerabilitySuppressionAnalyzerIT">VulnerabilitySuppressionAnalyzerIT</a></td>
<td>3</td>
<td>0</td>
<td>0</td>
<td>0</td>
<td>100%</td>
<td>0.570 s</td></tr>
<tr class="a">
<td><a href="#org.owasp.dependencycheck.analyzer.RetireJsAnalyzerIT"><img src="images/icon_success_sml.gif" /></a></td>
<td><a href="#org.owasp.dependencycheck.analyzer.RetireJsAnalyzerIT">RetireJsAnalyzerIT</a></td>
<td>7</td>
<td>0</td>
<td>0</td>
<td>0</td>
<td>100%</td>
<td>3.070 s</td></tr>
<tr class="b">
<td><a href="#org.owasp.dependencycheck.analyzer.YarnAuditAnalyzerIT"><img src="images/icon_success_sml.gif" /></a></td>
<td><a href="#org.owasp.dependencycheck.analyzer.YarnAuditAnalyzerIT">YarnAuditAnalyzerIT</a></td>
<td>2</td>
<td>0</td>
<td>0</td>
<td>0</td>
<td>100%</td>
<td>5.025 s</td></tr>
<tr class="a">
<td><a href="#org.owasp.dependencycheck.analyzer.PnpmAuditAnalyzerIT"><img src="images/icon_warning_sml.gif" /></a></td>
<td><a href="#org.owasp.dependencycheck.analyzer.PnpmAuditAnalyzerIT">PnpmAuditAnalyzerIT</a></td>
<td>1</td>
<td>0</td>
<td>0</td>
<td>1</td>
<td>0%</td>
<td>0.001 s</td></tr>
<tr class="b">
<td><a href="#org.owasp.dependencycheck.analyzer.NodeAuditAnalyzerIT"><img src="images/icon_success_sml.gif" /></a></td>
<td><a href="#org.owasp.dependencycheck.analyzer.NodeAuditAnalyzerIT">NodeAuditAnalyzerIT</a></td>
<td>3</td>
<td>0</td>
<td>0</td>
<td>0</td>
<td>100%</td>
<td>0.790 s</td></tr>
<tr class="a">
<td><a href="#org.owasp.dependencycheck.analyzer.ElixirMixAuditAnalyzerIT"><img src="images/icon_warning_sml.gif" /></a></td>
<td><a href="#org.owasp.dependencycheck.analyzer.ElixirMixAuditAnalyzerIT">ElixirMixAuditAnalyzerIT</a></td>
<td>3</td>
<td>0</td>
<td>0</td>
<td>1</td>
<td>66.7%</td>
<td>0.469 s</td></tr>
<tr class="b">
<td><a href="#org.owasp.dependencycheck.analyzer.CpeSuppressionAnalyzerIT"><img src="images/icon_success_sml.gif" /></a></td>
<td><a href="#org.owasp.dependencycheck.analyzer.CpeSuppressionAnalyzerIT">CpeSuppressionAnalyzerIT</a></td>
<td>3</td>
<td>0</td>
<td>0</td>
<td>0</td>
<td>100%</td>
<td>0.587 s</td></tr>
<tr class="a">
<td><a href="#org.owasp.dependencycheck.analyzer.NpmCPEAnalyzerIT"><img src="images/icon_success_sml.gif" /></a></td>
<td><a href="#org.owasp.dependencycheck.analyzer.NpmCPEAnalyzerIT">NpmCPEAnalyzerIT</a></td>
<td>2</td>
<td>0</td>
<td>0</td>
<td>0</td>
<td>100%</td>
<td>0.677 s</td></tr>
<tr class="b">
<td><a href="#org.owasp.dependencycheck.analyzer.CPEAnalyzerIT"><img src="images/icon_success_sml.gif" /></a></td>
<td><a href="#org.owasp.dependencycheck.analyzer.CPEAnalyzerIT">CPEAnalyzerIT</a></td>
<td>6</td>
<td>0</td>
<td>0</td>
<td>0</td>
<td>100%</td>
<td>2.229 s</td></tr>
<tr class="a">
<td><a href="#org.owasp.dependencycheck.analyzer.AbstractNpmAnalyzerIT"><img src="images/icon_success_sml.gif" /></a></td>
<td><a href="#org.owasp.dependencycheck.analyzer.AbstractNpmAnalyzerIT">AbstractNpmAnalyzerIT</a></td>
<td>3</td>
<td>0</td>
<td>0</td>
<td>0</td>
<td>100%</td>
<td>0 s</td></tr></table></section><br /></section><section><a id="Test_Cases"></a>
<h2>Test Cases</h2>
<p>[<a href="#Summary">Summary</a>] [<a href="#Package_List">Package List</a>] [<a href="#Test_Cases">Test Cases</a>]</p><section><a id="org.owasp.dependencycheck.reporting.ReportGeneratorIT"></a>
<h3>ReportGeneratorIT</h3>
<table class="table table-striped">
<tr class="a">
<td><img src="images/icon_success_sml.gif" /></td>
<td><a id="TC_org.owasp.dependencycheck.reporting.ReportGeneratorIT.testGenerateNodePackageReport"></a>testGenerateNodePackageReport</td>
<td>1.591 s</td></tr>
<tr class="b">
<td><img src="images/icon_success_sml.gif" /></td>
<td><a id="TC_org.owasp.dependencycheck.reporting.ReportGeneratorIT.testGenerateRetireJsReport"></a>testGenerateRetireJsReport</td>
<td>4.364 s</td></tr>
<tr class="a">
<td><img src="images/icon_success_sml.gif" /></td>
<td><a id="TC_org.owasp.dependencycheck.reporting.ReportGeneratorIT.testGenerateReport"></a>testGenerateReport</td>
<td>5.110 s</td></tr>
<tr class="b">
<td><img src="images/icon_success_sml.gif" /></td>
<td><a id="TC_org.owasp.dependencycheck.reporting.ReportGeneratorIT.testGenerateNodeAuditReport"></a>testGenerateNodeAuditReport</td>
<td>1.113 s</td></tr></table></section><section><a id="org.owasp.dependencycheck.analyzer.DependencyBundlingAnalyzerIT"></a>
<h3>DependencyBundlingAnalyzerIT</h3>
<table class="table table-striped">
<tr class="a">
<td><img src="images/icon_success_sml.gif" /></td>
<td><a id="TC_org.owasp.dependencycheck.analyzer.DependencyBundlingAnalyzerIT.testAnalyze"></a>testAnalyze</td>
<td>0.018 s</td></tr></table></section><section><a id="org.owasp.dependencycheck.analyzer.PipAnalyzerIT"></a>
<h3>PipAnalyzerIT</h3>
<table class="table table-striped">
<tr class="a">
<td><img src="images/icon_success_sml.gif" /></td>
<td><a id="TC_org.owasp.dependencycheck.analyzer.PipAnalyzerIT.testAnalyzePipAnalyzer"></a>testAnalyzePipAnalyzer</td>
<td>0.010 s</td></tr></table></section><section><a id="org.owasp.dependencycheck.analyzer.ArchiveAnalyzerIT"></a>
<h3>ArchiveAnalyzerIT</h3>
<table class="table table-striped">
<tr class="a">
<td><img src="images/icon_success_sml.gif" /></td>
<td><a id="TC_org.owasp.dependencycheck.analyzer.ArchiveAnalyzerIT.testAnalyzeExecutableJar"></a>testAnalyzeExecutableJar</td>
<td>0.031 s</td></tr>
<tr class="b">
<td><img src="images/icon_success_sml.gif" /></td>
<td><a id="TC_org.owasp.dependencycheck.analyzer.ArchiveAnalyzerIT.testAnalyzeRpm"></a>testAnalyzeRpm</td>
<td>0.227 s</td></tr>
<tr class="a">
<td><img src="images/icon_success_sml.gif" /></td>
<td><a id="TC_org.owasp.dependencycheck.analyzer.ArchiveAnalyzerIT.testAnalyzeTar"></a>testAnalyzeTar</td>
<td>0.248 s</td></tr>
<tr class="b">
<td><img src="images/icon_success_sml.gif" /></td>
<td><a id="TC_org.owasp.dependencycheck.analyzer.ArchiveAnalyzerIT.testAnalyzeTgz"></a>testAnalyzeTgz</td>
<td>0.434 s</td></tr>
<tr class="a">
<td><img src="images/icon_success_sml.gif" /></td>
<td><a id="TC_org.owasp.dependencycheck.analyzer.ArchiveAnalyzerIT.testAnalyzeTarBz2"></a>testAnalyzeTarBz2</td>
<td>0.510 s</td></tr>
<tr class="b">
<td><img src="images/icon_success_sml.gif" /></td>
<td><a id="TC_org.owasp.dependencycheck.analyzer.ArchiveAnalyzerIT.testAnalyze"></a>testAnalyze</td>
<td>0.065 s</td></tr>
<tr class="a">
<td><img src="images/icon_success_sml.gif" /></td>
<td><a id="TC_org.owasp.dependencycheck.analyzer.ArchiveAnalyzerIT.testGetAnalysisPhase"></a>testGetAnalysisPhase</td>
<td>0.022 s</td></tr>
<tr class="b">
<td><img src="images/icon_success_sml.gif" /></td>
<td><a id="TC_org.owasp.dependencycheck.analyzer.ArchiveAnalyzerIT.testGetName"></a>testGetName</td>
<td>0.021 s</td></tr>
<tr class="a">
<td><img src="images/icon_success_sml.gif" /></td>
<td><a id="TC_org.owasp.dependencycheck.analyzer.ArchiveAnalyzerIT.testAnalyze_badZip"></a>testAnalyze_badZip</td>
<td>0.030 s</td></tr>
<tr class="b">
<td><img src="images/icon_success_sml.gif" /></td>
<td><a id="TC_org.owasp.dependencycheck.analyzer.ArchiveAnalyzerIT.testInitialize"></a>testInitialize</td>
<td>0.022 s</td></tr>
<tr class="a">
<td><img src="images/icon_success_sml.gif" /></td>
<td><a id="TC_org.owasp.dependencycheck.analyzer.ArchiveAnalyzerIT.testAnalyzeTbz2"></a>testAnalyzeTbz2</td>
<td>0.497 s</td></tr>
<tr class="b">
<td><img src="images/icon_success_sml.gif" /></td>
<td><a id="TC_org.owasp.dependencycheck.analyzer.ArchiveAnalyzerIT.testAnalyzeJarStaticResources"></a>testAnalyzeJarStaticResources</td>
<td>0.032 s</td></tr>
<tr class="a">
<td><img src="images/icon_success_sml.gif" /></td>
<td><a id="TC_org.owasp.dependencycheck.analyzer.ArchiveAnalyzerIT.testAnalyzeTarGz"></a>testAnalyzeTarGz</td>
<td>0.425 s</td></tr>
<tr class="b">
<td><img src="images/icon_success_sml.gif" /></td>
<td><a id="TC_org.owasp.dependencycheck.analyzer.ArchiveAnalyzerIT.testSupportsExtension"></a>testSupportsExtension</td>
<td>0.022 s</td></tr>
<tr class="a">
<td><img src="images/icon_success_sml.gif" /></td>
<td><a id="TC_org.owasp.dependencycheck.analyzer.ArchiveAnalyzerIT.testSupportsExtensions"></a>testSupportsExtensions</td>
<td>0.022 s</td></tr></table></section><section><a id="org.owasp.dependencycheck.analyzer.RubyBundleAuditAnalyzerIT"></a>
<h3>RubyBundleAuditAnalyzerIT</h3>
<table class="table table-striped">
<tr class="a">
<td><img src="images/icon_success_sml.gif" /></td>
<td><a id="TC_org.owasp.dependencycheck.analyzer.RubyBundleAuditAnalyzerIT.testGetName"></a>testGetName</td>
<td>0.019 s</td></tr>
<tr class="b">
<td><a href="#org.owasp.dependencycheck.analyzer.RubyBundleAuditAnalyzerIT.testAnalysis"><img src="images/icon_warning_sml.gif" /></a></td>
<td><a id="TC_org.owasp.dependencycheck.analyzer.RubyBundleAuditAnalyzerIT.testAnalysis"></a><a href="#org.owasp.dependencycheck.analyzer.RubyBundleAuditAnalyzerIT.testAnalysis">testAnalysis</a>
<div class="detailToggle" style="display:inline"><a href="javascript:toggleDisplay('org.owasp.dependencycheck.analyzer.RubyBundleAuditAnalyzerIT.testAnalysis');"><span style="display:inline;" id="org.owasp.dependencycheck.analyzer.RubyBundleAuditAnalyzerIT.testAnalysis-off"> + </span><span style="display:none;" id="org.owasp.dependencycheck.analyzer.RubyBundleAuditAnalyzerIT.testAnalysis-on"> - </span>[ Detail ]</a></div></td>
<td>0 s</td></tr>
<tr class="a">
<td>-</td>
<td>Exception setting up RubyBundleAuditAnalyzer; bundle audit may not be installed, or property &quot;analyzer.bundle.audit.path&quot; may not be set.: got: &lt;org.owasp.dependencycheck.exception.InitializationException: Exception from bundle-audit process: java.io.IOException: Cannot run program &quot;bundle-audit&quot; (in directory &quot;/home/runner/work/DependencyCheck/DependencyCheck/core/target/temp/dctempcbd6d594-3e4c-4062-9781-339bb690595a&quot;): error=2, No such file or directory. Disabling Ruby Bundle Audit Analyzer&gt;, expected: null</td>
<td>-</td></tr>
<tr class="b">
<td><img src="images/icon_success_sml.gif" /></td>
<td><a id="TC_org.owasp.dependencycheck.analyzer.RubyBundleAuditAnalyzerIT.testInvalidBundleAudit"></a>testInvalidBundleAudit</td>
<td>0.023 s</td></tr>
<tr class="a">
<td><a href="#org.owasp.dependencycheck.analyzer.RubyBundleAuditAnalyzerIT.testDependenciesPath"><img src="images/icon_warning_sml.gif" /></a></td>
<td><a id="TC_org.owasp.dependencycheck.analyzer.RubyBundleAuditAnalyzerIT.testDependenciesPath"></a><a href="#org.owasp.dependencycheck.analyzer.RubyBundleAuditAnalyzerIT.testDependenciesPath">testDependenciesPath</a>
<div class="detailToggle" style="display:inline"><a href="javascript:toggleDisplay('org.owasp.dependencycheck.analyzer.RubyBundleAuditAnalyzerIT.testDependenciesPath');"><span style="display:inline;" id="org.owasp.dependencycheck.analyzer.RubyBundleAuditAnalyzerIT.testDependenciesPath-off"> + </span><span style="display:none;" id="org.owasp.dependencycheck.analyzer.RubyBundleAuditAnalyzerIT.testDependenciesPath-on"> - </span>[ Detail ]</a></div></td>
<td>0 s</td></tr>
<tr class="b">
<td>-</td>
<td>Exception setting up RubyBundleAuditAnalyzer; bundle audit may not be installed, or property &quot;analyzer.bundle.audit.path&quot; may not be set.: got: &lt;org.owasp.dependencycheck.exception.ExceptionCollection: One or more exceptions occurred during analysis:
 InitializationException: Exception from bundle-audit process: java.io.IOException: Cannot run program &quot;bundle-audit&quot; (in directory &quot;/home/runner/work/DependencyCheck/DependencyCheck/core/target/temp/dctemp5441e0e4-6222-41b5-adcd-97d696b327f3&quot;): error=2, No such file or directory. Disabling Ruby Bundle Audit Analyzer
  caused by AnalysisException: bundle-audit initialization failure; this error can be ignored if you are not analyzing Ruby. Otherwise ensure that bundle-audit is installed and the path to bundle audit is correctly specified
  caused by IOException: Cannot run program &quot;bundle-audit&quot; (in directory &quot;/home/runner/work/DependencyCheck/DependencyCheck/core/target/temp/dctemp5441e0e4-6222-41b5-adcd-97d696b327f3&quot;): error=2, No such file or directory
  caused by IOException: error=2, No such file or directory&gt;, expected: null</td>
<td>-</td></tr>
<tr class="a">
<td><a href="#org.owasp.dependencycheck.analyzer.RubyBundleAuditAnalyzerIT.testAddCriticalityToVulnerability"><img src="images/icon_warning_sml.gif" /></a></td>
<td><a id="TC_org.owasp.dependencycheck.analyzer.RubyBundleAuditAnalyzerIT.testAddCriticalityToVulnerability"></a><a href="#org.owasp.dependencycheck.analyzer.RubyBundleAuditAnalyzerIT.testAddCriticalityToVulnerability">testAddCriticalityToVulnerability</a>
<div class="detailToggle" style="display:inline"><a href="javascript:toggleDisplay('org.owasp.dependencycheck.analyzer.RubyBundleAuditAnalyzerIT.testAddCriticalityToVulnerability');"><span style="display:inline;" id="org.owasp.dependencycheck.analyzer.RubyBundleAuditAnalyzerIT.testAddCriticalityToVulnerability-off"> + </span><span style="display:none;" id="org.owasp.dependencycheck.analyzer.RubyBundleAuditAnalyzerIT.testAddCriticalityToVulnerability-on"> - </span>[ Detail ]</a></div></td>
<td>0 s</td></tr>
<tr class="b">
<td>-</td>
<td>Exception setting up RubyBundleAuditAnalyzer; bundle audit may not be installed, or property &quot;analyzer.bundle.audit.path&quot; may not be set.: got: &lt;org.owasp.dependencycheck.exception.InitializationException: Exception from bundle-audit process: java.io.IOException: Cannot run program &quot;bundle-audit&quot; (in directory &quot;/home/runner/work/DependencyCheck/DependencyCheck/core/target/temp/dctemp8a8e895d-299b-41cb-80c6-9854f0c9ad04&quot;): error=2, No such file or directory. Disabling Ruby Bundle Audit Analyzer&gt;, expected: null</td>
<td>-</td></tr>
<tr class="a">
<td><img src="images/icon_success_sml.gif" /></td>
<td><a id="TC_org.owasp.dependencycheck.analyzer.RubyBundleAuditAnalyzerIT.testSupportsFiles"></a>testSupportsFiles</td>
<td>0.022 s</td></tr></table></section><section><a id="org.owasp.dependencycheck.analyzer.VulnerabilitySuppressionAnalyzerIT"></a>
<h3>VulnerabilitySuppressionAnalyzerIT</h3>
<table class="table table-striped">
<tr class="a">
<td><img src="images/icon_success_sml.gif" /></td>
<td><a id="TC_org.owasp.dependencycheck.analyzer.VulnerabilitySuppressionAnalyzerIT.testAnalyze"></a>testAnalyze</td>
<td>0.524 s</td></tr>
<tr class="b">
<td><img src="images/icon_success_sml.gif" /></td>
<td><a id="TC_org.owasp.dependencycheck.analyzer.VulnerabilitySuppressionAnalyzerIT.testGetAnalysisPhase"></a>testGetAnalysisPhase</td>
<td>0.022 s</td></tr>
<tr class="a">
<td><img src="images/icon_success_sml.gif" /></td>
<td><a id="TC_org.owasp.dependencycheck.analyzer.VulnerabilitySuppressionAnalyzerIT.testGetName"></a>testGetName</td>
<td>0.023 s</td></tr></table></section><section><a id="org.owasp.dependencycheck.data.artifactory.ArtifactorySearchIT"></a>
<h3>ArtifactorySearchIT</h3>
<table class="table table-striped">
<tr class="a">
<td><a href="#org.owasp.dependencycheck.data.artifactory.ArtifactorySearchIT."><img src="images/icon_warning_sml.gif" /></a></td>
<td><a id="TC_org.owasp.dependencycheck.data.artifactory.ArtifactorySearchIT."></a><a href="#org.owasp.dependencycheck.data.artifactory.ArtifactorySearchIT.">-</a>
<div class="detailToggle" style="display:inline"><a href="javascript:toggleDisplay('org.owasp.dependencycheck.data.artifactory.ArtifactorySearchIT.');"><span style="display:inline;" id="org.owasp.dependencycheck.data.artifactory.ArtifactorySearchIT.-off"> + </span><span style="display:none;" id="org.owasp.dependencycheck.data.artifactory.ArtifactorySearchIT.-on"> - </span>[ Detail ]</a></div></td>
<td>0 s</td></tr>
<tr class="b">
<td>-</td>
<td>skipped</td>
<td>-</td></tr></table></section><section><a id="org.owasp.dependencycheck.analyzer.RetireJsAnalyzerIT"></a>
<h3>RetireJsAnalyzerIT</h3>
<table class="table table-striped">
<tr class="a">
<td><img src="images/icon_success_sml.gif" /></td>
<td><a id="TC_org.owasp.dependencycheck.analyzer.RetireJsAnalyzerIT.testAngular"></a>testAngular</td>
<td>0.268 s</td></tr>
<tr class="b">
<td><img src="images/icon_success_sml.gif" /></td>
<td><a id="TC_org.owasp.dependencycheck.analyzer.RetireJsAnalyzerIT.testEmber"></a>testEmber</td>
<td>2.155 s</td></tr>
<tr class="a">
<td><img src="images/icon_success_sml.gif" /></td>
<td><a id="TC_org.owasp.dependencycheck.analyzer.RetireJsAnalyzerIT.testGetAnalysisPhase"></a>testGetAnalysisPhase</td>
<td>0.128 s</td></tr>
<tr class="b">
<td><img src="images/icon_success_sml.gif" /></td>
<td><a id="TC_org.owasp.dependencycheck.analyzer.RetireJsAnalyzerIT.testGetName"></a>testGetName</td>
<td>0.130 s</td></tr>
<tr class="a">
<td><img src="images/icon_success_sml.gif" /></td>
<td><a id="TC_org.owasp.dependencycheck.analyzer.RetireJsAnalyzerIT.testAcceptSupportedExtensions"></a>testAcceptSupportedExtensions</td>
<td>0.126 s</td></tr>
<tr class="b">
<td><img src="images/icon_success_sml.gif" /></td>
<td><a id="TC_org.owasp.dependencycheck.analyzer.RetireJsAnalyzerIT.testJquery"></a>testJquery</td>
<td>0.131 s</td></tr>
<tr class="a">
<td><img src="images/icon_success_sml.gif" /></td>
<td><a id="TC_org.owasp.dependencycheck.analyzer.RetireJsAnalyzerIT.testGetAnalyzerEnabledSettingKey"></a>testGetAnalyzerEnabledSettingKey</td>
<td>0.131 s</td></tr></table></section><section><a id="org.owasp.dependencycheck.data.nvdcve.DatabasePropertiesIT"></a>
<h3>DatabasePropertiesIT</h3>
<table class="table table-striped">
<tr class="a">
<td><img src="images/icon_success_sml.gif" /></td>
<td><a id="TC_org.owasp.dependencycheck.data.nvdcve.DatabasePropertiesIT.testSave"></a>testSave</td>
<td>0.071 s</td></tr>
<tr class="b">
<td><img src="images/icon_success_sml.gif" /></td>
<td><a id="TC_org.owasp.dependencycheck.data.nvdcve.DatabasePropertiesIT.testGetProperty_String_String"></a>testGetProperty_String_String</td>
<td>0.057 s</td></tr>
<tr class="a">
<td><img src="images/icon_success_sml.gif" /></td>
<td><a id="TC_org.owasp.dependencycheck.data.nvdcve.DatabasePropertiesIT.testGetProperties"></a>testGetProperties</td>
<td>0.057 s</td></tr>
<tr class="b">
<td><img src="images/icon_success_sml.gif" /></td>
<td><a id="TC_org.owasp.dependencycheck.data.nvdcve.DatabasePropertiesIT.testGetProperty_String"></a>testGetProperty_String</td>
<td>0.055 s</td></tr>
<tr class="a">
<td><img src="images/icon_success_sml.gif" /></td>
<td><a id="TC_org.owasp.dependencycheck.data.nvdcve.DatabasePropertiesIT.testIsEmpty"></a>testIsEmpty</td>
<td>0.060 s</td></tr></table></section><section><a id="org.owasp.dependencycheck.analyzer.YarnAuditAnalyzerIT"></a>
<h3>YarnAuditAnalyzerIT</h3>
<table class="table table-striped">
<tr class="a">
<td><img src="images/icon_success_sml.gif" /></td>
<td><a id="TC_org.owasp.dependencycheck.analyzer.YarnAuditAnalyzerIT.testAnalyzePackageYarnBerry"></a>testAnalyzePackageYarnBerry</td>
<td>4.073 s</td></tr>
<tr class="b">
<td><img src="images/icon_success_sml.gif" /></td>
<td><a id="TC_org.owasp.dependencycheck.analyzer.YarnAuditAnalyzerIT.testAnalyzePackageYarnClassic"></a>testAnalyzePackageYarnClassic</td>
<td>0.951 s</td></tr></table></section><section><a id="org.owasp.dependencycheck.EngineIT"></a>
<h3>EngineIT</h3>
<table class="table table-striped">
<tr class="a">
<td><img src="images/icon_success_sml.gif" /></td>
<td><a id="TC_org.owasp.dependencycheck.EngineIT.exceptionDuringAnalysisTaskExecutionIsFatal"></a>exceptionDuringAnalysisTaskExecutionIsFatal</td>
<td>2.540 s</td></tr>
<tr class="b">
<td><img src="images/icon_success_sml.gif" /></td>
<td><a id="TC_org.owasp.dependencycheck.EngineIT.testEngine"></a>testEngine</td>
<td>41.17 s</td></tr></table></section><section><a id="org.owasp.dependencycheck.analyzer.PnpmAuditAnalyzerIT"></a>
<h3>PnpmAuditAnalyzerIT</h3>
<table class="table table-striped">
<tr class="a">
<td><a href="#org.owasp.dependencycheck.analyzer.PnpmAuditAnalyzerIT.testAnalyzePackagePnpm"><img src="images/icon_warning_sml.gif" /></a></td>
<td><a id="TC_org.owasp.dependencycheck.analyzer.PnpmAuditAnalyzerIT.testAnalyzePackagePnpm"></a><a href="#org.owasp.dependencycheck.analyzer.PnpmAuditAnalyzerIT.testAnalyzePackagePnpm">testAnalyzePackagePnpm</a>
<div class="detailToggle" style="display:inline"><a href="javascript:toggleDisplay('org.owasp.dependencycheck.analyzer.PnpmAuditAnalyzerIT.testAnalyzePackagePnpm');"><span style="display:inline;" id="org.owasp.dependencycheck.analyzer.PnpmAuditAnalyzerIT.testAnalyzePackagePnpm-off"> + </span><span style="display:none;" id="org.owasp.dependencycheck.analyzer.PnpmAuditAnalyzerIT.testAnalyzePackagePnpm-on"> - </span>[ Detail ]</a></div></td>
<td>0 s</td></tr>
<tr class="b">
<td>-</td>
<td>unfortunately pnpm and brew are somewhat broken on my machine atm...</td>
<td>-</td></tr></table></section><section><a id="org.owasp.dependencycheck.analyzer.NodeAuditAnalyzerIT"></a>
<h3>NodeAuditAnalyzerIT</h3>
<table class="table table-striped">
<tr class="a">
<td><img src="images/icon_success_sml.gif" /></td>
<td><a id="TC_org.owasp.dependencycheck.analyzer.NodeAuditAnalyzerIT.testAnalyzePackage"></a>testAnalyzePackage</td>
<td>0.776 s</td></tr>
<tr class="b">
<td><img src="images/icon_success_sml.gif" /></td>
<td><a id="TC_org.owasp.dependencycheck.analyzer.NodeAuditAnalyzerIT.testAnalyzePackageJsonInNodeModulesDirectory"></a>testAnalyzePackageJsonInNodeModulesDirectory</td>
<td>0.004 s</td></tr>
<tr class="a">
<td><img src="images/icon_success_sml.gif" /></td>
<td><a id="TC_org.owasp.dependencycheck.analyzer.NodeAuditAnalyzerIT.testAnalyzeEmpty"></a>testAnalyzeEmpty</td>
<td>0.006 s</td></tr></table></section><section><a id="org.owasp.dependencycheck.analyzer.ElixirMixAuditAnalyzerIT"></a>
<h3>ElixirMixAuditAnalyzerIT</h3>
<table class="table table-striped">
<tr class="a">
<td><a href="#org.owasp.dependencycheck.analyzer.ElixirMixAuditAnalyzerIT.testAnalysis"><img src="images/icon_warning_sml.gif" /></a></td>
<td><a id="TC_org.owasp.dependencycheck.analyzer.ElixirMixAuditAnalyzerIT.testAnalysis"></a><a href="#org.owasp.dependencycheck.analyzer.ElixirMixAuditAnalyzerIT.testAnalysis">testAnalysis</a>
<div class="detailToggle" style="display:inline"><a href="javascript:toggleDisplay('org.owasp.dependencycheck.analyzer.ElixirMixAuditAnalyzerIT.testAnalysis');"><span style="display:inline;" id="org.owasp.dependencycheck.analyzer.ElixirMixAuditAnalyzerIT.testAnalysis-off"> + </span><span style="display:none;" id="org.owasp.dependencycheck.analyzer.ElixirMixAuditAnalyzerIT.testAnalysis-on"> - </span>[ Detail ]</a></div></td>
<td>0 s</td></tr>
<tr class="b">
<td>-</td>
<td>Exception setting up ElixirMixAuditAnalyzer; mix_audit may not be installed, or property &quot;analyzer.mix.audit.path&quot; may not be set.: got: &lt;org.owasp.dependencycheck.exception.InitializationException: Exception from mix_audit process: java.io.IOException: Cannot run program &quot;/home/runner/.mix/escripts/mix_audit&quot; (in directory &quot;/home/runner/work/DependencyCheck/DependencyCheck/core/target/temp/dctemp16408eb8-f343-432a-886a-133264fca8b2&quot;): error=2, No such file or directory. Disabling Elixir Mix Audit Analyzer&gt;, expected: null</td>
<td>-</td></tr>
<tr class="a">
<td><img src="images/icon_success_sml.gif" /></td>
<td><a id="TC_org.owasp.dependencycheck.analyzer.ElixirMixAuditAnalyzerIT.testDependenciesPath"></a>testDependenciesPath</td>
<td>0.374 s</td></tr>
<tr class="b">
<td><img src="images/icon_success_sml.gif" /></td>
<td><a id="TC_org.owasp.dependencycheck.analyzer.ElixirMixAuditAnalyzerIT.testInvalidMixAuditExecutable"></a>testInvalidMixAuditExecutable</td>
<td>0.023 s</td></tr></table></section><section><a id="org.owasp.dependencycheck.data.nvdcve.CveDBIT"></a>
<h3>CveDBIT</h3>
<table class="table table-striped">
<tr class="a">
<td><img src="images/icon_success_sml.gif" /></td>
<td><a id="TC_org.owasp.dependencycheck.data.nvdcve.CveDBIT.testGetCPEs"></a>testGetCPEs</td>
<td>0.084 s</td></tr>
<tr class="b">
<td><img src="images/icon_success_sml.gif" /></td>
<td><a id="TC_org.owasp.dependencycheck.data.nvdcve.CveDBIT.testGetVulnerabilities"></a>testGetVulnerabilities</td>
<td>0.185 s</td></tr>
<tr class="a">
<td><img src="images/icon_success_sml.gif" /></td>
<td><a id="TC_org.owasp.dependencycheck.data.nvdcve.CveDBIT.testGetMatchingSoftware"></a>testGetMatchingSoftware</td>
<td>0.067 s</td></tr>
<tr class="b">
<td><img src="images/icon_success_sml.gif" /></td>
<td><a id="TC_org.owasp.dependencycheck.data.nvdcve.CveDBIT.testgetVulnerability"></a>testgetVulnerability</td>
<td>0.066 s</td></tr></table></section><section><a id="org.owasp.dependencycheck.agent.DependencyCheckScanAgentIT"></a>
<h3>DependencyCheckScanAgentIT</h3>
<table class="table table-striped">
<tr class="a">
<td><img src="images/icon_success_sml.gif" /></td>
<td><a id="TC_org.owasp.dependencycheck.agent.DependencyCheckScanAgentIT.testComponentMetadata"></a>testComponentMetadata</td>
<td>0.920 s</td></tr></table></section><section><a id="org.owasp.dependencycheck.analyzer.CpeSuppressionAnalyzerIT"></a>
<h3>CpeSuppressionAnalyzerIT</h3>
<table class="table table-striped">
<tr class="a">
<td><img src="images/icon_success_sml.gif" /></td>
<td><a id="TC_org.owasp.dependencycheck.analyzer.CpeSuppressionAnalyzerIT.testAnalyze"></a>testAnalyze</td>
<td>0.542 s</td></tr>
<tr class="b">
<td><img src="images/icon_success_sml.gif" /></td>
<td><a id="TC_org.owasp.dependencycheck.analyzer.CpeSuppressionAnalyzerIT.testGetAnalysisPhase"></a>testGetAnalysisPhase</td>
<td>0.022 s</td></tr>
<tr class="a">
<td><img src="images/icon_success_sml.gif" /></td>
<td><a id="TC_org.owasp.dependencycheck.analyzer.CpeSuppressionAnalyzerIT.testGetName"></a>testGetName</td>
<td>0.022 s</td></tr></table></section><section><a id="org.owasp.dependencycheck.analyzer.NpmCPEAnalyzerIT"></a>
<h3>NpmCPEAnalyzerIT</h3>
<table class="table table-striped">
<tr class="a">
<td><img src="images/icon_success_sml.gif" /></td>
<td><a id="TC_org.owasp.dependencycheck.analyzer.NpmCPEAnalyzerIT.testAnalyzeDependency"></a>testAnalyzeDependency</td>
<td>0.343 s</td></tr>
<tr class="b">
<td><img src="images/icon_success_sml.gif" /></td>
<td><a id="TC_org.owasp.dependencycheck.analyzer.NpmCPEAnalyzerIT.testAnalyzeDependencyNoMatch"></a>testAnalyzeDependencyNoMatch</td>
<td>0.334 s</td></tr></table></section><section><a id="org.owasp.dependencycheck.analyzer.CPEAnalyzerIT"></a>
<h3>CPEAnalyzerIT</h3>
<table class="table table-striped">
<tr class="a">
<td><img src="images/icon_success_sml.gif" /></td>
<td><a id="TC_org.owasp.dependencycheck.analyzer.CPEAnalyzerIT.testSearchCPE"></a>testSearchCPE</td>
<td>0.394 s</td></tr>
<tr class="b">
<td><img src="images/icon_success_sml.gif" /></td>
<td><a id="TC_org.owasp.dependencycheck.analyzer.CPEAnalyzerIT.testDetermineCPE"></a>testDetermineCPE</td>
<td>0.490 s</td></tr>
<tr class="a">
<td><img src="images/icon_success_sml.gif" /></td>
<td><a id="TC_org.owasp.dependencycheck.analyzer.CPEAnalyzerIT.testDetermineIdentifiers"></a>testDetermineIdentifiers</td>
<td>0.400 s</td></tr>
<tr class="b">
<td><img src="images/icon_success_sml.gif" /></td>
<td><a id="TC_org.owasp.dependencycheck.analyzer.CPEAnalyzerIT.testAnalyzeDependency"></a>testAnalyzeDependency</td>
<td>0.437 s</td></tr>
<tr class="a">
<td><img src="images/icon_success_sml.gif" /></td>
<td><a id="TC_org.owasp.dependencycheck.analyzer.CPEAnalyzerIT.testDetermineCPE_full"></a>testDetermineCPE_full</td>
<td>0.485 s</td></tr>
<tr class="b">
<td><img src="images/icon_success_sml.gif" /></td>
<td><a id="TC_org.owasp.dependencycheck.analyzer.CPEAnalyzerIT.testBuildSearch"></a>testBuildSearch</td>
<td>0.022 s</td></tr></table></section><section><a id="org.owasp.dependencycheck.analyzer.AbstractNpmAnalyzerIT"></a>
<h3>AbstractNpmAnalyzerIT</h3>
<table class="table table-striped">
<tr class="a">
<td><img src="images/icon_success_sml.gif" /></td>
<td><a id="TC_org.owasp.dependencycheck.analyzer.AbstractNpmAnalyzerIT.testDetermineVersionFromMap_1"></a>testDetermineVersionFromMap_1</td>
<td>0 s</td></tr>
<tr class="b">
<td><img src="images/icon_success_sml.gif" /></td>
<td><a id="TC_org.owasp.dependencycheck.analyzer.AbstractNpmAnalyzerIT.testDetermineVersionFromMap_2"></a>testDetermineVersionFromMap_2</td>
<td>0 s</td></tr>
<tr class="a">
<td><img src="images/icon_success_sml.gif" /></td>
<td><a id="TC_org.owasp.dependencycheck.analyzer.AbstractNpmAnalyzerIT.testDetermineVersionFromMap"></a>testDetermineVersionFromMap</td>
<td>0 s</td></tr></table></section><br /></section><section><a id="Failure_Details"></a>
<h2>Failure Details</h2>
<p>[<a href="#Summary">Summary</a>] [<a href="#Package_List">Package List</a>] [<a href="#Test_Cases">Test Cases</a>]</p><br />
<table class="table table-striped">
<tr class="a">
<td><img src="images/icon_warning_sml.gif" /></td>
<td><a id="org.owasp.dependencycheck.analyzer.RubyBundleAuditAnalyzerIT.testAnalysis"></a>testAnalysis</td></tr>
<tr class="b">
<td>-</td>
<td>skipped: Exception setting up RubyBundleAuditAnalyzer; bundle audit may not be installed, or property &quot;analyzer.bundle.audit.path&quot; may not be set.: got: &lt;org.owasp.dependencycheck.exception.InitializationException: Exception from bundle-audit process: java.io.IOException: Cannot run program &quot;bundle-audit&quot; (in directory &quot;/home/runner/work/DependencyCheck/DependencyCheck/core/target/temp/dctempcbd6d594-3e4c-4062-9781-339bb690595a&quot;): error=2, No such file or directory. Disabling Ruby Bundle Audit Analyzer&gt;, expected: null</td></tr>
<tr class="a">
<td><img src="images/icon_warning_sml.gif" /></td>
<td><a id="org.owasp.dependencycheck.analyzer.RubyBundleAuditAnalyzerIT.testDependenciesPath"></a>testDependenciesPath</td></tr>
<tr class="b">
<td>-</td>
<td>skipped: Exception setting up RubyBundleAuditAnalyzer; bundle audit may not be installed, or property &quot;analyzer.bundle.audit.path&quot; may not be set.: got: &lt;org.owasp.dependencycheck.exception.ExceptionCollection: One or more exceptions occurred during analysis:
 InitializationException: Exception from bundle-audit process: java.io.IOException: Cannot run program &quot;bundle-audit&quot; (in directory &quot;/home/runner/work/DependencyCheck/DependencyCheck/core/target/temp/dctemp5441e0e4-6222-41b5-adcd-97d696b327f3&quot;): error=2, No such file or directory. Disabling Ruby Bundle Audit Analyzer
  caused by AnalysisException: bundle-audit initialization failure; this error can be ignored if you are not analyzing Ruby. Otherwise ensure that bundle-audit is installed and the path to bundle audit is correctly specified
  caused by IOException: Cannot run program &quot;bundle-audit&quot; (in directory &quot;/home/runner/work/DependencyCheck/DependencyCheck/core/target/temp/dctemp5441e0e4-6222-41b5-adcd-97d696b327f3&quot;): error=2, No such file or directory
  caused by IOException: error=2, No such file or directory&gt;, expected: null</td></tr>
<tr class="a">
<td><img src="images/icon_warning_sml.gif" /></td>
<td><a id="org.owasp.dependencycheck.analyzer.RubyBundleAuditAnalyzerIT.testAddCriticalityToVulnerability"></a>testAddCriticalityToVulnerability</td></tr>
<tr class="b">
<td>-</td>
<td>skipped: Exception setting up RubyBundleAuditAnalyzer; bundle audit may not be installed, or property &quot;analyzer.bundle.audit.path&quot; may not be set.: got: &lt;org.owasp.dependencycheck.exception.InitializationException: Exception from bundle-audit process: java.io.IOException: Cannot run program &quot;bundle-audit&quot; (in directory &quot;/home/runner/work/DependencyCheck/DependencyCheck/core/target/temp/dctemp8a8e895d-299b-41cb-80c6-9854f0c9ad04&quot;): error=2, No such file or directory. Disabling Ruby Bundle Audit Analyzer&gt;, expected: null</td></tr>
<tr class="a">
<td><img src="images/icon_warning_sml.gif" /></td>
<td><a id="org.owasp.dependencycheck.data.artifactory.ArtifactorySearchIT."></a></td></tr>
<tr class="b">
<td>-</td>
<td>skipped: skipped</td></tr>
<tr class="a">
<td><img src="images/icon_warning_sml.gif" /></td>
<td><a id="org.owasp.dependencycheck.analyzer.PnpmAuditAnalyzerIT.testAnalyzePackagePnpm"></a>testAnalyzePackagePnpm</td></tr>
<tr class="b">
<td>-</td>
<td>skipped: unfortunately pnpm and brew are somewhat broken on my machine atm...</td></tr>
<tr class="a">
<td><img src="images/icon_warning_sml.gif" /></td>
<td><a id="org.owasp.dependencycheck.analyzer.ElixirMixAuditAnalyzerIT.testAnalysis"></a>testAnalysis</td></tr>
<tr class="b">
<td>-</td>
<td>skipped: Exception setting up ElixirMixAuditAnalyzer; mix_audit may not be installed, or property &quot;analyzer.mix.audit.path&quot; may not be set.: got: &lt;org.owasp.dependencycheck.exception.InitializationException: Exception from mix_audit process: java.io.IOException: Cannot run program &quot;/home/runner/.mix/escripts/mix_audit&quot; (in directory &quot;/home/runner/work/DependencyCheck/DependencyCheck/core/target/temp/dctemp16408eb8-f343-432a-886a-133264fca8b2&quot;): error=2, No such file or directory. Disabling Elixir Mix Audit Analyzer&gt;, expected: null</td></tr></table><br /></section></section>        </main>
      </div>
    </div>
    <hr/>
    <footer>
      <div class="container-fluid">
        <div class="row-fluid">
            <p>©      2012–2025
<a href="https://www.owasp.org">OWASP</a>
</p>
        </div>
      </div>
    </footer>
  </body>
</html>
